 ----------- FAILURE REPORT -------------- 
 --- srcref --- 
 at /var/scratch2/tomas/tmp/RtmpbTXAEm/R.INSTALL60134144d986/jtools/R/gscale.R#285: 
 --- if/while statement is in package --- 
jtools
 --- call (currently evaluated) --- 
withCallingHandlers(expr, warning = function(w) invokeRestart("muffleWarning"))
 --- R stacktrace ---
where 1: withCallingHandlers(expr, warning = function(w) invokeRestart("muffleWarning"))
where 2 at /var/scratch2/tomas/tmp/RtmpbTXAEm/R.INSTALL60134144d986/jtools/R/gscale.R#285: suppressWarnings({
    if (wname %in% names(d)) {
        weights <- d[[wname]]
    }
    else if (wname2 %in% names(d)) {
        weights <- d[[wname2]]
    }
})
where 3: gscale(x = vars, data = d, center.only = !scale, weights = weights, 
    n.sd = n.sd)
where 4 at /var/scratch2/tomas/tmp/RtmpbTXAEm/R.INSTALL60134144d986/jtools/R/int_utils.R#332: center_vals_non_survey(d, weights, facvars, fvars, pred, resp, 
    modx, mod2, wname, offname, centered, scale, n.sd)
where 5: center_vals(d = d, weights = wts, facvars = facvars, fvars = fvars, 
    pred = pred, resp = resp, modx = modx, survey = survey, design = design, 
    mod2 = mod2, wname = wname, offname = offname, centered = centered, 
    scale = scale, n.sd = n.sd)
where 6: sim_slopes(fiti, pred = Illiteracy, modx = Murder, scale = TRUE, 
    centered = "all")
where 7: eval(expr, envir, enclos)
where 8: eval(expr, envir, enclos)
where 9: withVisible(eval(expr, envir, enclos))
where 10: withCallingHandlers(withVisible(eval(expr, envir, enclos)), warning = wHandler, 
    error = eHandler, message = mHandler)
where 11: handle(ev <- withCallingHandlers(withVisible(eval(expr, envir, 
    enclos)), warning = wHandler, error = eHandler, message = mHandler))
where 12: timing_fn(handle(ev <- withCallingHandlers(withVisible(eval(expr, 
    envir, enclos)), warning = wHandler, error = eHandler, message = mHandler)))
where 13: evaluate_call(expr, parsed$src[[i]], envir = envir, enclos = enclos, 
    debug = debug, last = i == length(out), use_try = stop_on_error != 
        2L, keep_warning = keep_warning, keep_message = keep_message, 
    output_handler = output_handler, include_timing = include_timing)
where 14 at /var/scratch2/tomas/tmp/RtmpJ3m6tZ/R.INSTALL62535b5d8aec/knitr/R/hooks.R#17: evaluate::evaluate(...)
where 15: evaluate(code, envir = env, new_device = FALSE, keep_warning = !isFALSE(options$warning), 
    keep_message = !isFALSE(options$message), stop_on_error = if (options$error && 
        options$include) 0L else 2L, output_handler = knit_handlers(options$render, 
        options))
where 16: in_dir(input_dir(), evaluate(code, envir = env, new_device = FALSE, 
    keep_warning = !isFALSE(options$warning), keep_message = !isFALSE(options$message), 
    stop_on_error = if (options$error && options$include) 0L else 2L, 
    output_handler = knit_handlers(options$render, options)))
where 17: block_exec(params)
where 18 at /var/scratch2/tomas/tmp/RtmpJ3m6tZ/R.INSTALL62535b5d8aec/knitr/R/block.R#6: call_block(x)
where 19 at /var/scratch2/tomas/tmp/RtmpJ3m6tZ/R.INSTALL62535b5d8aec/knitr/R/block.R#3: process_group.block(group)
where 20: process_group(group)
where 21: withCallingHandlers(if (tangle) process_tangle(group) else process_group(group), 
    error = function(e) {
        setwd(wd)
        cat(res, sep = "\n", file = output %n% "")
        message("Quitting from lines ", paste(current_lines(i), 
            collapse = "-"), " (", knit_concord$get("infile"), 
            ") ")
    })
where 22: process_file(text, output)
where 23: knitr::knit(knit_input, knit_output, envir = envir, quiet = quiet, 
    encoding = encoding)
where 24 at /var/scratch2/tomas/tmp/RtmpJ3m6tZ/R.INSTALL62535b5d8aec/knitr/R/utils-vignettes.R#40: rmarkdown::render(file, encoding = encoding, quiet = quiet, envir = globalenv())
where 25 at /var/scratch2/tomas/tmp/RtmpJ3m6tZ/R.INSTALL62535b5d8aec/knitr/R/utils-vignettes.R#92: vweave_rmarkdown(...)
where 26: engine$weave(file, quiet = quiet, encoding = enc)
where 27: doTryCatch(return(expr), name, parentenv, handler)
where 28: tryCatchOne(expr, names, parentenv, handlers[[1L]])
where 29: tryCatchList(expr, classes, parentenv, handlers)
where 30: tryCatch({
    engine$weave(file, quiet = quiet, encoding = enc)
    setwd(startdir)
    find_vignette_product(name, by = "weave", engine = engine)
}, error = function(e) {
    stop(gettextf("processing vignette '%s' failed with diagnostics:\n%s", 
        file, conditionMessage(e)), domain = NA, call. = FALSE)
})
where 31: buildVignettes(dir = "/var/scratch2/tomas/test/mine/R-ifc4/check/jtools.Rcheck/vign_test/jtools")

 --- value of length: 50 type: logical ---
 [1] FALSE FALSE FALSE FALSE FALSE FALSE FALSE FALSE FALSE FALSE FALSE
[12] FALSE FALSE FALSE FALSE FALSE FALSE FALSE FALSE FALSE FALSE FALSE
[23] FALSE FALSE FALSE FALSE FALSE FALSE FALSE FALSE FALSE FALSE FALSE
[34] FALSE FALSE FALSE FALSE FALSE FALSE FALSE FALSE FALSE FALSE FALSE
[45] FALSE FALSE FALSE FALSE FALSE FALSE
 --- function (currently evaluated)--- 
function (expr, ...) 
{
    handlers <- list(...)
    classes <- names(handlers)
    parentenv <- parent.frame()
    if (length(classes) != length(handlers)) 
        stop("bad handler specification")
    .Internal(.addCondHands(classes, handlers, parentenv, NULL, 
        TRUE))
    expr
}
<bytecode: 0x1492b20>
<environment: namespace:base>
 --- function (body) search ---
Function withCallingHandlers in namespace base has this body.
 ----------- END FAILURE REPORT -------------- 
Fatal error: the condition has length > 1 and only the first element will be used XXXXXX
