* using log directory ‘/var/scratch2/tomas/test/mine/R-75396/check/LICORS.Rcheck’
* using R Under development (unstable) (2018-10-04 r75396)
* using platform: x86_64-pc-linux-gnu (64-bit)
* using session charset: UTF-8
* checking for file ‘LICORS/DESCRIPTION’ ... OK
* checking extension type ... Package
* this is package ‘LICORS’ version ‘0.2.0’
* checking package namespace information ... OK
* checking package dependencies ... OK
* checking if this is a source package ... OK
* checking if there is a namespace ... OK
* checking for executable files ... OK
* checking for hidden files and directories ... OK
* checking for portable file names ... OK
* checking for sufficient/correct file permissions ... OK
* checking whether package ‘LICORS’ can be installed ... OK
* checking package directory ... OK
* checking DESCRIPTION meta-information ... OK
* checking top-level files ... OK
* checking for left-over files ... OK
* checking index information ... OK
* checking package subdirectories ... OK
* checking R files for non-ASCII characters ... OK
* checking R files for syntax errors ... OK
* checking whether the package can be loaded ... OK
* checking whether the package can be loaded with stated dependencies ... OK
* checking whether the package can be unloaded cleanly ... OK
* checking whether the namespace can be loaded with stated dependencies ... OK
* checking whether the namespace can be unloaded cleanly ... OK
* checking loading without being on the library search path ... OK
* checking dependencies in R code ... OK
* checking S3 generic/method consistency ... OK
* checking replacement functions ... OK
* checking foreign function calls ... OK
* checking R code for possible problems ... NOTE
embed2: no visible global function definition for ‘embed’
  (/var/scratch2/tomas/tmp/RtmpzpsW3S/R.INSTALLe2e37c795ae/LICORS/R/embed2.R:40)
embed2: no visible global function definition for ‘embed’
  (/var/scratch2/tomas/tmp/RtmpzpsW3S/R.INSTALLe2e37c795ae/LICORS/R/embed2.R:43)
embed2: no visible global function definition for ‘embed’
  (/var/scratch2/tomas/tmp/RtmpzpsW3S/R.INSTALLe2e37c795ae/LICORS/R/embed2.R:45-48)
estimate_LC_pdf_state: no visible global function definition for
  ‘quantile’
  (/var/scratch2/tomas/tmp/RtmpzpsW3S/R.INSTALLe2e37c795ae/LICORS/R/estimate_LC_pdfs.R:152)
estimate_LC_pdf_state: no visible global function definition for
  ‘bw.nrd0’
  (/var/scratch2/tomas/tmp/RtmpzpsW3S/R.INSTALLe2e37c795ae/LICORS/R/estimate_LC_pdfs.R:158)
estimate_LC_pdf_state: no visible global function definition for ‘sd’
  (/var/scratch2/tomas/tmp/RtmpzpsW3S/R.INSTALLe2e37c795ae/LICORS/R/estimate_LC_pdfs.R:179)
estimate_LC_pdf_state: no visible global function definition for
  ‘cov.wt’
  (/var/scratch2/tomas/tmp/RtmpzpsW3S/R.INSTALLe2e37c795ae/LICORS/R/estimate_LC_pdfs.R:181)
estimate_LC_pdf_state: no visible binding for global variable ‘sd’
  (/var/scratch2/tomas/tmp/RtmpzpsW3S/R.INSTALLe2e37c795ae/LICORS/R/estimate_LC_pdfs.R:187)
estimate_LC_pdf_state: no visible global function definition for
  ‘dnorm’
  (/var/scratch2/tomas/tmp/RtmpzpsW3S/R.INSTALLe2e37c795ae/LICORS/R/estimate_LC_pdfs.R:189)
estimate_LC_pdf_state: no visible global function definition for ‘cov’
  (/var/scratch2/tomas/tmp/RtmpzpsW3S/R.INSTALLe2e37c795ae/LICORS/R/estimate_LC_pdfs.R:205)
estimate_LC_pdf_state: no visible binding for global variable ‘median’
  (/var/scratch2/tomas/tmp/RtmpzpsW3S/R.INSTALLe2e37c795ae/LICORS/R/estimate_LC_pdfs.R:206)
estimate_LC_pdf_state: no visible global function definition for ‘cov’
  (/var/scratch2/tomas/tmp/RtmpzpsW3S/R.INSTALLe2e37c795ae/LICORS/R/estimate_LC_pdfs.R:210)
estimate_LC_pdf_state: no visible global function definition for
  ‘cov.wt’
  (/var/scratch2/tomas/tmp/RtmpzpsW3S/R.INSTALLe2e37c795ae/LICORS/R/estimate_LC_pdfs.R:212)
estimate_LC_pdf_state: no visible global function definition for
  ‘huge.select’
  (/var/scratch2/tomas/tmp/RtmpzpsW3S/R.INSTALLe2e37c795ae/LICORS/R/estimate_LC_pdfs.R:223-226)
estimate_LC_pdf_state: no visible global function definition for ‘huge’
  (/var/scratch2/tomas/tmp/RtmpzpsW3S/R.INSTALLe2e37c795ae/LICORS/R/estimate_LC_pdfs.R:223-226)
estimate_LC_pdf_state: no visible binding for global variable ‘median’
  (/var/scratch2/tomas/tmp/RtmpzpsW3S/R.INSTALLe2e37c795ae/LICORS/R/estimate_LC_pdfs.R:227-229)
estimate_state_adj_matrix: no visible global function definition for
  ‘ks.test’
  (/var/scratch2/tomas/tmp/RtmpzpsW3S/R.INSTALLe2e37c795ae/LICORS/R/estimate_state_adj_matrix.R:93-94)
image2: no visible global function definition for ‘par’
  (/var/scratch2/tomas/tmp/RtmpzpsW3S/R.INSTALLe2e37c795ae/LICORS/R/image2.R:87)
image2: no visible global function definition for ‘colorRampPalette’
  (/var/scratch2/tomas/tmp/RtmpzpsW3S/R.INSTALLe2e37c795ae/LICORS/R/image2.R:143)
image2: no visible global function definition for ‘colorRampPalette’
  (/var/scratch2/tomas/tmp/RtmpzpsW3S/R.INSTALLe2e37c795ae/LICORS/R/image2.R:146)
image2: no visible global function definition for ‘layout’
  (/var/scratch2/tomas/tmp/RtmpzpsW3S/R.INSTALLe2e37c795ae/LICORS/R/image2.R:159)
image2: no visible global function definition for ‘layout’
  (/var/scratch2/tomas/tmp/RtmpzpsW3S/R.INSTALLe2e37c795ae/LICORS/R/image2.R:161)
image2: no visible global function definition for ‘par’
  (/var/scratch2/tomas/tmp/RtmpzpsW3S/R.INSTALLe2e37c795ae/LICORS/R/image2.R:166)
image2: no visible global function definition for ‘box’
  (/var/scratch2/tomas/tmp/RtmpzpsW3S/R.INSTALLe2e37c795ae/LICORS/R/image2.R:173)
image2: no visible global function definition for ‘axis’
  (/var/scratch2/tomas/tmp/RtmpzpsW3S/R.INSTALLe2e37c795ae/LICORS/R/image2.R:178)
image2: no visible global function definition for ‘axis’
  (/var/scratch2/tomas/tmp/RtmpzpsW3S/R.INSTALLe2e37c795ae/LICORS/R/image2.R:179)
image2: no visible global function definition for ‘par’
  (/var/scratch2/tomas/tmp/RtmpzpsW3S/R.INSTALLe2e37c795ae/LICORS/R/image2.R:193)
image2: no visible global function definition for ‘mtext’
  (/var/scratch2/tomas/tmp/RtmpzpsW3S/R.INSTALLe2e37c795ae/LICORS/R/image2.R:199)
image2: no visible global function definition for ‘lines’
  (/var/scratch2/tomas/tmp/RtmpzpsW3S/R.INSTALLe2e37c795ae/LICORS/R/image2.R:200)
image2: no visible global function definition for ‘axis’
  (/var/scratch2/tomas/tmp/RtmpzpsW3S/R.INSTALLe2e37c795ae/LICORS/R/image2.R:201-203)
image2: no visible global function definition for ‘mtext’
  (/var/scratch2/tomas/tmp/RtmpzpsW3S/R.INSTALLe2e37c795ae/LICORS/R/image2.R:204)
image2: no visible global function definition for ‘par’
  (/var/scratch2/tomas/tmp/RtmpzpsW3S/R.INSTALLe2e37c795ae/LICORS/R/image2.R:207)
image2: no visible global function definition for ‘par’
  (/var/scratch2/tomas/tmp/RtmpzpsW3S/R.INSTALLe2e37c795ae/LICORS/R/image2.R:211)
kmeanspp: no visible global function definition for ‘cov’
  (/var/scratch2/tomas/tmp/RtmpzpsW3S/R.INSTALLe2e37c795ae/LICORS/R/kmeanspp.R:50)
kmeanspp: no visible global function definition for ‘kmeans’
  (/var/scratch2/tomas/tmp/RtmpzpsW3S/R.INSTALLe2e37c795ae/LICORS/R/kmeanspp.R:77)
make_legend: no visible global function definition for
  ‘colorRampPalette’
  (/var/scratch2/tomas/tmp/RtmpzpsW3S/R.INSTALLe2e37c795ae/LICORS/R/image2.R:235)
make_legend: no visible global function definition for ‘axis’
  (/var/scratch2/tomas/tmp/RtmpzpsW3S/R.INSTALLe2e37c795ae/LICORS/R/image2.R:254-255)
make_legend: no visible global function definition for ‘mtext’
  (/var/scratch2/tomas/tmp/RtmpzpsW3S/R.INSTALLe2e37c795ae/LICORS/R/image2.R:256)
make_legend: no visible global function definition for ‘box’
  (/var/scratch2/tomas/tmp/RtmpzpsW3S/R.INSTALLe2e37c795ae/LICORS/R/image2.R:257)
mixed_LICORS: no visible global function definition for ‘cor’
  (/var/scratch2/tomas/tmp/RtmpzpsW3S/R.INSTALLe2e37c795ae/LICORS/R/mixed_LICORS.R:549-551)
mixed_LICORS: no visible global function definition for ‘cor’
  (/var/scratch2/tomas/tmp/RtmpzpsW3S/R.INSTALLe2e37c795ae/LICORS/R/mixed_LICORS.R:552-554)
mv_wKDE: no visible global function definition for ‘predict’
  (/var/scratch2/tomas/tmp/RtmpzpsW3S/R.INSTALLe2e37c795ae/LICORS/R/wKDE.R:81)
normalize: no visible global function definition for ‘is’
  (/var/scratch2/tomas/tmp/RtmpzpsW3S/R.INSTALLe2e37c795ae/LICORS/R/normalize.R:37-72)
normalize: no visible global function definition for ‘is’
  (/var/scratch2/tomas/tmp/RtmpzpsW3S/R.INSTALLe2e37c795ae/LICORS/R/normalize.R:49-54)
normalize: no visible global function definition for ‘is’
  (/var/scratch2/tomas/tmp/RtmpzpsW3S/R.INSTALLe2e37c795ae/LICORS/R/normalize.R:57-62)
plot.LC: no visible global function definition for ‘plot’
  (/var/scratch2/tomas/tmp/RtmpzpsW3S/R.INSTALLe2e37c795ae/LICORS/R/LC-utils.R:48-50)
plot.LC: no visible global function definition for ‘box’
  (/var/scratch2/tomas/tmp/RtmpzpsW3S/R.INSTALLe2e37c795ae/LICORS/R/LC-utils.R:51)
plot.LC: no visible global function definition for ‘abline’
  (/var/scratch2/tomas/tmp/RtmpzpsW3S/R.INSTALLe2e37c795ae/LICORS/R/LC-utils.R:52)
plot.LC: no visible global function definition for ‘axis’
  (/var/scratch2/tomas/tmp/RtmpzpsW3S/R.INSTALLe2e37c795ae/LICORS/R/LC-utils.R:53)
plot.LC: no visible global function definition for ‘grid’
  (/var/scratch2/tomas/tmp/RtmpzpsW3S/R.INSTALLe2e37c795ae/LICORS/R/LC-utils.R:54)
plot.LC: no visible global function definition for ‘points’
  (/var/scratch2/tomas/tmp/RtmpzpsW3S/R.INSTALLe2e37c795ae/LICORS/R/LC-utils.R:55)
plot.LC: no visible global function definition for ‘points’
  (/var/scratch2/tomas/tmp/RtmpzpsW3S/R.INSTALLe2e37c795ae/LICORS/R/LC-utils.R:56)
plot.LC: no visible global function definition for ‘text’
  (/var/scratch2/tomas/tmp/RtmpzpsW3S/R.INSTALLe2e37c795ae/LICORS/R/LC-utils.R:57)
plot.LC: no visible global function definition for ‘text’
  (/var/scratch2/tomas/tmp/RtmpzpsW3S/R.INSTALLe2e37c795ae/LICORS/R/LC-utils.R:58)
plot.LC: no visible global function definition for ‘plot’
  (/var/scratch2/tomas/tmp/RtmpzpsW3S/R.INSTALLe2e37c795ae/LICORS/R/LC-utils.R:60-61)
plot.LC: no visible global function definition for ‘box’
  (/var/scratch2/tomas/tmp/RtmpzpsW3S/R.INSTALLe2e37c795ae/LICORS/R/LC-utils.R:62)
plot.LC: no visible global function definition for ‘abline’
  (/var/scratch2/tomas/tmp/RtmpzpsW3S/R.INSTALLe2e37c795ae/LICORS/R/LC-utils.R:63)
plot.LC: no visible global function definition for ‘axis’
  (/var/scratch2/tomas/tmp/RtmpzpsW3S/R.INSTALLe2e37c795ae/LICORS/R/LC-utils.R:65)
plot.LC: no visible global function definition for ‘axis’
  (/var/scratch2/tomas/tmp/RtmpzpsW3S/R.INSTALLe2e37c795ae/LICORS/R/LC-utils.R:66)
plot.LC: no visible global function definition for ‘grid’
  (/var/scratch2/tomas/tmp/RtmpzpsW3S/R.INSTALLe2e37c795ae/LICORS/R/LC-utils.R:67)
plot.LC: no visible global function definition for ‘points’
  (/var/scratch2/tomas/tmp/RtmpzpsW3S/R.INSTALLe2e37c795ae/LICORS/R/LC-utils.R:68)
plot.LC: no visible global function definition for ‘points’
  (/var/scratch2/tomas/tmp/RtmpzpsW3S/R.INSTALLe2e37c795ae/LICORS/R/LC-utils.R:69)
plot.LC: no visible global function definition for ‘text’
  (/var/scratch2/tomas/tmp/RtmpzpsW3S/R.INSTALLe2e37c795ae/LICORS/R/LC-utils.R:70)
plot.LC: no visible global function definition for ‘text’
  (/var/scratch2/tomas/tmp/RtmpzpsW3S/R.INSTALLe2e37c795ae/LICORS/R/LC-utils.R:71)
plot.LC: no visible global function definition for ‘plot.new’
  (/var/scratch2/tomas/tmp/RtmpzpsW3S/R.INSTALLe2e37c795ae/LICORS/R/LC-utils.R:75)
plot.LC: no visible global function definition for ‘legend’
  (/var/scratch2/tomas/tmp/RtmpzpsW3S/R.INSTALLe2e37c795ae/LICORS/R/LC-utils.R:76)
plot.mixed_LICORS: no visible global function definition for ‘par’
  (/var/scratch2/tomas/tmp/RtmpzpsW3S/R.INSTALLe2e37c795ae/LICORS/R/mixed_LICORS-utils.R:43)
plot.mixed_LICORS: no visible global function definition for
  ‘colorRampPalette’
  (/var/scratch2/tomas/tmp/RtmpzpsW3S/R.INSTALLe2e37c795ae/LICORS/R/mixed_LICORS-utils.R:84)
plot.mixed_LICORS: no visible global function definition for ‘par’
  (/var/scratch2/tomas/tmp/RtmpzpsW3S/R.INSTALLe2e37c795ae/LICORS/R/mixed_LICORS-utils.R:97-98)
plot.mixed_LICORS: no visible global function definition for ‘layout’
  (/var/scratch2/tomas/tmp/RtmpzpsW3S/R.INSTALLe2e37c795ae/LICORS/R/mixed_LICORS-utils.R:99)
plot.mixed_LICORS: no visible global function definition for ‘par’
  (/var/scratch2/tomas/tmp/RtmpzpsW3S/R.INSTALLe2e37c795ae/LICORS/R/mixed_LICORS-utils.R:101)
plot.mixed_LICORS: no visible global function definition for ‘matplot’
  (/var/scratch2/tomas/tmp/RtmpzpsW3S/R.INSTALLe2e37c795ae/LICORS/R/mixed_LICORS-utils.R:102-104)
plot.mixed_LICORS: no visible global function definition for ‘box’
  (/var/scratch2/tomas/tmp/RtmpzpsW3S/R.INSTALLe2e37c795ae/LICORS/R/mixed_LICORS-utils.R:105)
plot.mixed_LICORS: no visible global function definition for ‘axis’
  (/var/scratch2/tomas/tmp/RtmpzpsW3S/R.INSTALLe2e37c795ae/LICORS/R/mixed_LICORS-utils.R:106)
plot.mixed_LICORS: no visible global function definition for ‘axis’
  (/var/scratch2/tomas/tmp/RtmpzpsW3S/R.INSTALLe2e37c795ae/LICORS/R/mixed_LICORS-utils.R:107)
plot.mixed_LICORS: no visible global function definition for ‘abline’
  (/var/scratch2/tomas/tmp/RtmpzpsW3S/R.INSTALLe2e37c795ae/LICORS/R/mixed_LICORS-utils.R:109-110)
plot.mixed_LICORS: no visible global function definition for ‘mtext’
  (/var/scratch2/tomas/tmp/RtmpzpsW3S/R.INSTALLe2e37c795ae/LICORS/R/mixed_LICORS-utils.R:111)
plot.mixed_LICORS: no visible global function definition for ‘legend’
  (/var/scratch2/tomas/tmp/RtmpzpsW3S/R.INSTALLe2e37c795ae/LICORS/R/mixed_LICORS-utils.R:112)
plot.mixed_LICORS: no visible global function definition for ‘par’
  (/var/scratch2/tomas/tmp/RtmpzpsW3S/R.INSTALLe2e37c795ae/LICORS/R/mixed_LICORS-utils.R:115)
plot.mixed_LICORS: no visible global function definition for ‘barplot’
  (/var/scratch2/tomas/tmp/RtmpzpsW3S/R.INSTALLe2e37c795ae/LICORS/R/mixed_LICORS-utils.R:116-120)
plot.mixed_LICORS: no visible global function definition for ‘legend’
  (/var/scratch2/tomas/tmp/RtmpzpsW3S/R.INSTALLe2e37c795ae/LICORS/R/mixed_LICORS-utils.R:121)
plot.mixed_LICORS: no visible global function definition for ‘mtext’
  (/var/scratch2/tomas/tmp/RtmpzpsW3S/R.INSTALLe2e37c795ae/LICORS/R/mixed_LICORS-utils.R:123)
plot.mixed_LICORS: no visible global function definition for ‘box’
  (/var/scratch2/tomas/tmp/RtmpzpsW3S/R.INSTALLe2e37c795ae/LICORS/R/mixed_LICORS-utils.R:124)
plot.mixed_LICORS: no visible global function definition for ‘axis’
  (/var/scratch2/tomas/tmp/RtmpzpsW3S/R.INSTALLe2e37c795ae/LICORS/R/mixed_LICORS-utils.R:125)
plot.mixed_LICORS: no visible global function definition for ‘par’
  (/var/scratch2/tomas/tmp/RtmpzpsW3S/R.INSTALLe2e37c795ae/LICORS/R/mixed_LICORS-utils.R:127)
plot.mixed_LICORS: no visible global function definition for ‘abline’
  (/var/scratch2/tomas/tmp/RtmpzpsW3S/R.INSTALLe2e37c795ae/LICORS/R/mixed_LICORS-utils.R:130)
plot.mixed_LICORS: no visible global function definition for ‘abline’
  (/var/scratch2/tomas/tmp/RtmpzpsW3S/R.INSTALLe2e37c795ae/LICORS/R/mixed_LICORS-utils.R:132)
plot.mixed_LICORS: no visible global function definition for ‘box’
  (/var/scratch2/tomas/tmp/RtmpzpsW3S/R.INSTALLe2e37c795ae/LICORS/R/mixed_LICORS-utils.R:134)
plot.mixed_LICORS: no visible global function definition for ‘mtext’
  (/var/scratch2/tomas/tmp/RtmpzpsW3S/R.INSTALLe2e37c795ae/LICORS/R/mixed_LICORS-utils.R:135)
plot.mixed_LICORS: no visible global function definition for ‘mtext’
  (/var/scratch2/tomas/tmp/RtmpzpsW3S/R.INSTALLe2e37c795ae/LICORS/R/mixed_LICORS-utils.R:136)
plot.mixed_LICORS: no visible global function definition for ‘mtext’
  (/var/scratch2/tomas/tmp/RtmpzpsW3S/R.INSTALLe2e37c795ae/LICORS/R/mixed_LICORS-utils.R:137-138)
plot.mixed_LICORS: no visible global function definition for ‘mtext’
  (/var/scratch2/tomas/tmp/RtmpzpsW3S/R.INSTALLe2e37c795ae/LICORS/R/mixed_LICORS-utils.R:141)
plot.mixed_LICORS: no visible global function definition for ‘mtext’
  (/var/scratch2/tomas/tmp/RtmpzpsW3S/R.INSTALLe2e37c795ae/LICORS/R/mixed_LICORS-utils.R:142)
plot.mixed_LICORS: no visible global function definition for ‘axis’
  (/var/scratch2/tomas/tmp/RtmpzpsW3S/R.INSTALLe2e37c795ae/LICORS/R/mixed_LICORS-utils.R:145-146)
plot.mixed_LICORS: no visible global function definition for ‘axis’
  (/var/scratch2/tomas/tmp/RtmpzpsW3S/R.INSTALLe2e37c795ae/LICORS/R/mixed_LICORS-utils.R:147)
plot.mixed_LICORS: no visible global function definition for ‘par’
  (/var/scratch2/tomas/tmp/RtmpzpsW3S/R.INSTALLe2e37c795ae/LICORS/R/mixed_LICORS-utils.R:151)
plot.mixed_LICORS: no visible global function definition for ‘ts.plot’
  (/var/scratch2/tomas/tmp/RtmpzpsW3S/R.INSTALLe2e37c795ae/LICORS/R/mixed_LICORS-utils.R:153)
plot.mixed_LICORS: no visible global function definition for ‘ts’
  (/var/scratch2/tomas/tmp/RtmpzpsW3S/R.INSTALLe2e37c795ae/LICORS/R/mixed_LICORS-utils.R:153)
plot.mixed_LICORS: no visible global function definition for ‘abline’
  (/var/scratch2/tomas/tmp/RtmpzpsW3S/R.INSTALLe2e37c795ae/LICORS/R/mixed_LICORS-utils.R:154)
plot.mixed_LICORS: no visible global function definition for ‘axis’
  (/var/scratch2/tomas/tmp/RtmpzpsW3S/R.INSTALLe2e37c795ae/LICORS/R/mixed_LICORS-utils.R:155)
plot.mixed_LICORS: no visible global function definition for ‘axis’
  (/var/scratch2/tomas/tmp/RtmpzpsW3S/R.INSTALLe2e37c795ae/LICORS/R/mixed_LICORS-utils.R:156)
plot.mixed_LICORS: no visible global function definition for ‘box’
  (/var/scratch2/tomas/tmp/RtmpzpsW3S/R.INSTALLe2e37c795ae/LICORS/R/mixed_LICORS-utils.R:157)
plot.mixed_LICORS: no visible global function definition for ‘mtext’
  (/var/scratch2/tomas/tmp/RtmpzpsW3S/R.INSTALLe2e37c795ae/LICORS/R/mixed_LICORS-utils.R:158)
plot.mixed_LICORS: no visible global function definition for ‘mtext’
  (/var/scratch2/tomas/tmp/RtmpzpsW3S/R.INSTALLe2e37c795ae/LICORS/R/mixed_LICORS-utils.R:159)
plot.mixed_LICORS: no visible global function definition for ‘par’
  (/var/scratch2/tomas/tmp/RtmpzpsW3S/R.INSTALLe2e37c795ae/LICORS/R/mixed_LICORS-utils.R:161)
plot.mixed_LICORS: no visible global function definition for ‘plot’
  (/var/scratch2/tomas/tmp/RtmpzpsW3S/R.INSTALLe2e37c795ae/LICORS/R/mixed_LICORS-utils.R:162)
plot.mixed_LICORS: no visible global function definition for ‘lines’
  (/var/scratch2/tomas/tmp/RtmpzpsW3S/R.INSTALLe2e37c795ae/LICORS/R/mixed_LICORS-utils.R:164)
plot.mixed_LICORS: no visible global function definition for ‘axis’
  (/var/scratch2/tomas/tmp/RtmpzpsW3S/R.INSTALLe2e37c795ae/LICORS/R/mixed_LICORS-utils.R:165-166)
plot.mixed_LICORS: no visible global function definition for ‘mtext’
  (/var/scratch2/tomas/tmp/RtmpzpsW3S/R.INSTALLe2e37c795ae/LICORS/R/mixed_LICORS-utils.R:167)
plot.mixed_LICORS: no visible global function definition for ‘matplot’
  (/var/scratch2/tomas/tmp/RtmpzpsW3S/R.INSTALLe2e37c795ae/LICORS/R/mixed_LICORS-utils.R:170-171)
plot.mixed_LICORS: no visible global function definition for ‘box’
  (/var/scratch2/tomas/tmp/RtmpzpsW3S/R.INSTALLe2e37c795ae/LICORS/R/mixed_LICORS-utils.R:172)
plot.mixed_LICORS: no visible global function definition for ‘axis’
  (/var/scratch2/tomas/tmp/RtmpzpsW3S/R.INSTALLe2e37c795ae/LICORS/R/mixed_LICORS-utils.R:173)
plot.mixed_LICORS: no visible global function definition for ‘abline’
  (/var/scratch2/tomas/tmp/RtmpzpsW3S/R.INSTALLe2e37c795ae/LICORS/R/mixed_LICORS-utils.R:174)
plot.mixed_LICORS: no visible global function definition for ‘mtext’
  (/var/scratch2/tomas/tmp/RtmpzpsW3S/R.INSTALLe2e37c795ae/LICORS/R/mixed_LICORS-utils.R:175)
plot.mixed_LICORS: no visible global function definition for ‘par’
  (/var/scratch2/tomas/tmp/RtmpzpsW3S/R.INSTALLe2e37c795ae/LICORS/R/mixed_LICORS-utils.R:178)
plot.mixed_LICORS: no visible global function definition for ‘matplot’
  (/var/scratch2/tomas/tmp/RtmpzpsW3S/R.INSTALLe2e37c795ae/LICORS/R/mixed_LICORS-utils.R:180-181)
plot.mixed_LICORS: no visible global function definition for ‘box’
  (/var/scratch2/tomas/tmp/RtmpzpsW3S/R.INSTALLe2e37c795ae/LICORS/R/mixed_LICORS-utils.R:182)
plot.mixed_LICORS: no visible global function definition for ‘axis’
  (/var/scratch2/tomas/tmp/RtmpzpsW3S/R.INSTALLe2e37c795ae/LICORS/R/mixed_LICORS-utils.R:183)
plot.mixed_LICORS: no visible global function definition for ‘abline’
  (/var/scratch2/tomas/tmp/RtmpzpsW3S/R.INSTALLe2e37c795ae/LICORS/R/mixed_LICORS-utils.R:185)
plot.mixed_LICORS: no visible global function definition for ‘mtext’
  (/var/scratch2/tomas/tmp/RtmpzpsW3S/R.INSTALLe2e37c795ae/LICORS/R/mixed_LICORS-utils.R:186)
plot.mixed_LICORS: no visible global function definition for ‘par’
  (/var/scratch2/tomas/tmp/RtmpzpsW3S/R.INSTALLe2e37c795ae/LICORS/R/mixed_LICORS-utils.R:188)
plot.mixed_LICORS: no visible global function definition for ‘matplot’
  (/var/scratch2/tomas/tmp/RtmpzpsW3S/R.INSTALLe2e37c795ae/LICORS/R/mixed_LICORS-utils.R:189-191)
plot.mixed_LICORS: no visible global function definition for ‘box’
  (/var/scratch2/tomas/tmp/RtmpzpsW3S/R.INSTALLe2e37c795ae/LICORS/R/mixed_LICORS-utils.R:192)
plot.mixed_LICORS: no visible global function definition for ‘axis’
  (/var/scratch2/tomas/tmp/RtmpzpsW3S/R.INSTALLe2e37c795ae/LICORS/R/mixed_LICORS-utils.R:193)
plot.mixed_LICORS: no visible global function definition for ‘axis’
  (/var/scratch2/tomas/tmp/RtmpzpsW3S/R.INSTALLe2e37c795ae/LICORS/R/mixed_LICORS-utils.R:194)
plot.mixed_LICORS: no visible global function definition for ‘abline’
  (/var/scratch2/tomas/tmp/RtmpzpsW3S/R.INSTALLe2e37c795ae/LICORS/R/mixed_LICORS-utils.R:196)
plot.mixed_LICORS: no visible global function definition for ‘mtext’
  (/var/scratch2/tomas/tmp/RtmpzpsW3S/R.INSTALLe2e37c795ae/LICORS/R/mixed_LICORS-utils.R:197)
plot.mixed_LICORS: no visible global function definition for ‘mtext’
  (/var/scratch2/tomas/tmp/RtmpzpsW3S/R.INSTALLe2e37c795ae/LICORS/R/mixed_LICORS-utils.R:198)
plot.mixed_LICORS: no visible global function definition for ‘par’
  (/var/scratch2/tomas/tmp/RtmpzpsW3S/R.INSTALLe2e37c795ae/LICORS/R/mixed_LICORS-utils.R:200)
plot.mixed_LICORS: no visible global function definition for ‘plot.new’
  (/var/scratch2/tomas/tmp/RtmpzpsW3S/R.INSTALLe2e37c795ae/LICORS/R/mixed_LICORS-utils.R:201)
plot.mixed_LICORS: no visible global function definition for ‘legend’
  (/var/scratch2/tomas/tmp/RtmpzpsW3S/R.INSTALLe2e37c795ae/LICORS/R/mixed_LICORS-utils.R:202-203)
plot.mixed_LICORS: no visible global function definition for
  ‘plot.window’
  (/var/scratch2/tomas/tmp/RtmpzpsW3S/R.INSTALLe2e37c795ae/LICORS/R/mixed_LICORS-utils.R:204)
plot.mixed_LICORS: no visible global function definition for ‘rect’
  (/var/scratch2/tomas/tmp/RtmpzpsW3S/R.INSTALLe2e37c795ae/LICORS/R/mixed_LICORS-utils.R:205-207)
plot.mixed_LICORS: no visible global function definition for ‘axis’
  (/var/scratch2/tomas/tmp/RtmpzpsW3S/R.INSTALLe2e37c795ae/LICORS/R/mixed_LICORS-utils.R:209)
plot.mixed_LICORS: no visible global function definition for ‘mtext’
  (/var/scratch2/tomas/tmp/RtmpzpsW3S/R.INSTALLe2e37c795ae/LICORS/R/mixed_LICORS-utils.R:210)
plot.mixed_LICORS: no visible global function definition for ‘par’
  (/var/scratch2/tomas/tmp/RtmpzpsW3S/R.INSTALLe2e37c795ae/LICORS/R/mixed_LICORS-utils.R:212)
predict_FLC_given_PLC : <anonymous>: no visible binding for global
  variable ‘median’
  (/var/scratch2/tomas/tmp/RtmpzpsW3S/R.INSTALLe2e37c795ae/LICORS/R/predict_FLC_given_PLC.R:65-66)
rdensity: no visible global function definition for ‘rnorm’
  (/var/scratch2/tomas/tmp/RtmpzpsW3S/R.INSTALLe2e37c795ae/LICORS/R/rdensity.R:41-44)
search_knn: no visible global function definition for ‘ann’
  (/var/scratch2/tomas/tmp/RtmpzpsW3S/R.INSTALLe2e37c795ae/LICORS/R/search_knn.R:68-69)
search_knn: no visible global function definition for ‘ann’
  (/var/scratch2/tomas/tmp/RtmpzpsW3S/R.INSTALLe2e37c795ae/LICORS/R/search_knn.R:71-72)
wKDE: no visible global function definition for ‘na.omit’
  (/var/scratch2/tomas/tmp/RtmpzpsW3S/R.INSTALLe2e37c795ae/LICORS/R/wKDE.R:38)
wKDE: no visible global function definition for ‘bw.nrd’
  (/var/scratch2/tomas/tmp/RtmpzpsW3S/R.INSTALLe2e37c795ae/LICORS/R/wKDE.R:43)
wKDE: no visible global function definition for ‘quantile’
  (/var/scratch2/tomas/tmp/RtmpzpsW3S/R.INSTALLe2e37c795ae/LICORS/R/wKDE.R:45)
wKDE: no visible global function definition for ‘bw.nrd’
  (/var/scratch2/tomas/tmp/RtmpzpsW3S/R.INSTALLe2e37c795ae/LICORS/R/wKDE.R:47)
wKDE: no visible global function definition for ‘bw.nrd’
  (/var/scratch2/tomas/tmp/RtmpzpsW3S/R.INSTALLe2e37c795ae/LICORS/R/wKDE.R:49)
wKDE: no visible global function definition for ‘density’
  (/var/scratch2/tomas/tmp/RtmpzpsW3S/R.INSTALLe2e37c795ae/LICORS/R/wKDE.R:53)
wKDE: no visible global function definition for ‘approx’
  (/var/scratch2/tomas/tmp/RtmpzpsW3S/R.INSTALLe2e37c795ae/LICORS/R/wKDE.R:54)
Undefined global functions or variables:
  abline ann approx axis barplot box bw.nrd bw.nrd0 colorRampPalette
  cor cov cov.wt density dnorm embed grid huge huge.select is kmeans
  ks.test layout legend lines matplot median mtext na.omit par plot
  plot.new plot.window points predict quantile rect rnorm sd text ts
  ts.plot
Consider adding
  importFrom("grDevices", "colorRampPalette")
  importFrom("graphics", "abline", "axis", "barplot", "box", "grid",
             "layout", "legend", "lines", "matplot", "mtext", "par",
             "plot", "plot.new", "plot.window", "points", "rect", "text")
  importFrom("methods", "is")
  importFrom("stats", "approx", "bw.nrd", "bw.nrd0", "cor", "cov",
             "cov.wt", "density", "dnorm", "embed", "kmeans", "ks.test",
             "median", "na.omit", "predict", "quantile", "rnorm", "sd",
             "ts", "ts.plot")
to your NAMESPACE file (and ensure that your DESCRIPTION Imports field
contains 'methods').
* checking Rd files ... OK
* checking Rd metadata ... OK
* checking Rd cross-references ... OK
* checking for missing documentation entries ... OK
* checking for code/documentation mismatches ... OK
* checking Rd \usage sections ... OK
* checking Rd contents ... OK
* checking for unstated dependencies in examples ... OK
* checking contents of ‘data’ directory ... OK
* checking data for non-ASCII characters ... OK
* checking data for ASCII and uncompressed saves ... OK
* checking examples ... ERROR
Running examples in ‘LICORS-Ex.R’ failed
The error most likely occurred in:

> ### Name: search_knn
> ### Title: K nearest neighbor (KNN) search
> ### Aliases: search_knn
> ### Keywords: classif cluster nonparametric
> 
> ### ** Examples
> 
> set.seed(1984)
> XX <- matrix(rnorm(40), ncol = 2)
> YY <- matrix(runif(length(XX) * 2), ncol = ncol(XX))
> knns_of_XX_in_XX <- search_knn(XX, 1)
> knns_of_YY_in_XX <- search_knn(XX, 1, query = YY)
> plot(rbind(XX, YY), type = "n", xlab = "", ylab = "")
> points(XX, pch = 19, cex = 2, xlab = "", ylab = "")
> arrows(XX[, 1], XX[, 2], XX[knns_of_XX_in_XX, 1], XX[knns_of_XX_in_XX, 2], lwd = 2)
> points(YY, pch = 15, col = 2)
> arrows(YY[, 1], YY[, 2], XX[knns_of_YY_in_XX, 1], XX[knns_of_YY_in_XX, 2], col = 2)
> legend("left", c("X", "Y"), lty = 1, pch = c(19, 15), cex = c(2, 1), col = c(1, 2))
 ----------- FAILURE REPORT -------------- 
 --- srcref --- 
 at ../../../../R/src/library/graphics/R/legend.R#101: 
 --- package (from environment) --- 
graphics
 --- call from context --- 
legend("left", c("X", "Y"), lty = 1, pch = c(19, 15), cex = c(2, 
    1), col = c(1, 2))
 --- call from argument --- 
if (xc < 0) text.width <- -text.width
 --- R stacktrace ---
where 1: legend("left", c("X", "Y"), lty = 1, pch = c(19, 15), cex = c(2, 
    1), col = c(1, 2))

 --- value of length: 2 type: logical ---
[1] FALSE FALSE
 --- function from context --- 
function(x, y = NULL, legend, fill = NULL, col = par("col"), border="black",
         lty, lwd, pch, angle = 45, density = NULL, bty = "o", bg = par("bg"),
         box.lwd = par("lwd"), box.lty = par("lty"), box.col = par("fg"),
	 pt.bg = NA, cex = 1, pt.cex = cex, pt.lwd = lwd,
	 xjust = 0, yjust = 1, x.intersp = 1, y.intersp = 1, adj = c(0, 0.5),
	 text.width = NULL, text.col = par("col"), text.font = NULL,
	 merge = do.lines && has.pch, trace = FALSE,
	 plot = TRUE, ncol = 1, horiz = FALSE, title = NULL,
	 inset = 0, xpd, title.col = text.col, title.adj = 0.5,
         seg.len = 2)
{
    ## the 2nd arg may really be `legend'
    if(missing(legend) && !missing(y) &&
       (is.character(y) || is.expression(y))) {
	legend <- y
	y <- NULL
    }
    mfill <- !missing(fill) || !missing(density)

    if(!missing(xpd)) {
        op <- par("xpd")
        on.exit(par(xpd=op))
        par(xpd=xpd)
    }
    title <- as.graphicsAnnot(title)
    if(length(title) > 1) stop("invalid 'title'")
    legend <- as.graphicsAnnot(legend)
    n.leg <- if(is.call(legend)) 1 else length(legend)
    if(n.leg == 0) stop("'legend' is of length 0")
    auto <-
	if (is.character(x))
	    match.arg(x, c("bottomright", "bottom", "bottomleft", "left",
			   "topleft", "top", "topright", "right", "center"))
	else NA

    if (is.na(auto)) {
	xy <- xy.coords(x, y, setLab = FALSE); x <- xy$x; y <- xy$y
	nx <- length(x)
	if (nx < 1 || nx > 2) stop("invalid coordinate lengths")
    } else nx <- 0

    xlog <- par("xlog")
    ylog <- par("ylog")

    rect2 <- function(left, top, dx, dy, density = NULL, angle, ...) {
	r <- left + dx; if(xlog) { left <- 10^left; r <- 10^r }
	b <- top  - dy; if(ylog) {  top <- 10^top;  b <- 10^b }
	rect(left, top, r, b, angle = angle, density = density, ...)
    }
    segments2 <- function(x1, y1, dx, dy, ...) {
	x2 <- x1 + dx; if(xlog) { x1 <- 10^x1; x2 <- 10^x2 }
	y2 <- y1 + dy; if(ylog) { y1 <- 10^y1; y2 <- 10^y2 }
	segments(x1, y1, x2, y2, ...)
    }
    points2 <- function(x, y, ...) {
	if(xlog) x <- 10^x
	if(ylog) y <- 10^y
	points(x, y, ...)
    }
    text2 <- function(x, y, ...) {
	##--- need to adjust  adj == c(xadj, yadj) ?? --
	if(xlog) x <- 10^x
	if(ylog) y <- 10^y
	text(x, y, ...)
    }
    if(trace)
	catn <- function(...)
	    do.call("cat", c(lapply(list(...),formatC), list("\n")))

    cin <- par("cin")
    Cex <- cex * par("cex")		# = the `effective' cex for text

    ## at this point we want positive width even for reversed x axis.
    if(is.null(text.width))
	text.width <- max(abs(strwidth(legend, units="user",
				       cex=cex, font = text.font)))
    else if(!is.numeric(text.width) || text.width < 0)
	stop("'text.width' must be numeric, >= 0")

    xc <- Cex * xinch(cin[1L], warn.log=FALSE) # [uses par("usr") and "pin"]
    yc <- Cex * yinch(cin[2L], warn.log=FALSE)
    if(xc < 0) text.width <- -text.width

    xchar  <- xc
    xextra <- 0
    yextra <- yc * (y.intersp - 1)
    ## watch out for reversed axis here: heights can be negative
    ymax   <- yc * max(1, strheight(legend, units="user", cex=cex)/yc)
    ychar <- yextra + ymax
    if(trace) catn("  xchar=", xchar, "; (yextra,ychar)=", c(yextra,ychar))

    if(mfill) {
	##= sizes of filled boxes.
	xbox <- xc * 0.8
	ybox <- yc * 0.5
	dx.fill <- xbox ## + x.intersp*xchar
    }
    do.lines <- (!missing(lty) && (is.character(lty) || any(lty > 0))
		 ) || !missing(lwd)

    ## legends per column:
    n.legpercol <-
	if(horiz) {
	    if(ncol != 1)
                warning(gettextf("horizontal specification overrides: Number of columns := %d",
                                 n.leg), domain = NA)
	    ncol <- n.leg
	    1
	} else ceiling(n.leg / ncol)

    has.pch <- !missing(pch) && length(pch) > 0 # -> default 'merge' is available
    if(do.lines) {
	x.off <- if(merge) -0.7 else 0
    } else if(merge)
	warning("'merge = TRUE' has no effect when no line segments are drawn")

    if(has.pch) {
	if(is.character(pch) && !is.na(pch[1L]) &&
           nchar(pch[1L], type = "c") > 1) {
	    if(length(pch) > 1)
		warning("not using pch[2..] since pch[1L] has multiple chars")
	    np <- nchar(pch[1L], type = "c")
	    pch <- substr(rep.int(pch[1L], np), 1L:np, 1L:np)
	}
        ## this coercion was documented but not done in R < 3.0.0
        if(!is.character(pch)) pch <- as.integer(pch)
    }

    if (is.na(auto)) {
	##- Adjust (x,y) :
	if (xlog) x <- log10(x)
	if (ylog) y <- log10(y)
    }
    if(nx == 2) {
	## (x,y) are specifiying OPPOSITE corners of the box
	x <- sort(x)
	y <- sort(y)
	left <- x[1L]
	top  <- y[2L]
	w <- diff(x)# width
	h <- diff(y)# height
	w0 <- w/ncol # column width

	x <- mean(x)
	y <- mean(y)
	if(missing(xjust)) xjust <- 0.5
	if(missing(yjust)) yjust <- 0.5

    }
    else {## nx == 1  or  auto
	## -- (w,h) := (width,height) of the box to draw -- computed in steps
	h <- (n.legpercol + !is.null(title)) * ychar + yc
	w0 <- text.width + (x.intersp + 1) * xchar
	if(mfill)	w0 <- w0 + dx.fill
	if(do.lines)	w0 <- w0 + (seg.len + x.off)*xchar
	w <- ncol*w0 + .5* xchar
	if (!is.null(title)
	    && (abs(tw <- strwidth(title, units="user", cex=cex) + 0.5*xchar)) > abs(w)) {
	    xextra <- (tw - w)/2
	    w <- tw
	}

	##-- (w,h) are now the final box width/height.

	if (is.na(auto)) {
	    left <- x - xjust * w
	    top	 <- y + (1 - yjust) * h
	} else {
	    usr <- par("usr")
	    inset <- rep_len(inset, 2)
	    insetx <- inset[1L]*(usr[2L] - usr[1L])
	    left <- switch(auto, "bottomright" =,
			   "topright" =, "right" = usr[2L] - w - insetx,
			   "bottomleft" =, "left" =, "topleft" = usr[1L] + insetx,
			   "bottom" =, "top" =, "center" = (usr[1L] + usr[2L] - w)/2)
	    insety <- inset[2L]*(usr[4L] - usr[3L])
	    top <- switch(auto, "bottomright" =,
			  "bottom" =, "bottomleft" = usr[3L] + h + insety,
			  "topleft" =, "top" =, "topright" = usr[4L] - insety,
			  "left" =, "right" =, "center" = (usr[3L] + usr[4L] + h)/2)
	}
    }

    if (plot && bty != "n") { ## The legend box :
	if(trace)
	    catn("  rect2(", left, ",", top,", w=", w, ", h=", h, ", ...)",
                 sep = "")
	rect2(left, top, dx = w, dy = h, col = bg, density = NULL,
              lwd = box.lwd, lty = box.lty, border = box.col)
    }

    ## (xt[],yt[]) := `current' vectors of (x/y) legend text
    xt <- left + xchar + xextra +
	(w0 * rep.int(0:(ncol-1), rep.int(n.legpercol,ncol)))[1L:n.leg]
    yt <- top -	0.5 * yextra - ymax -
	(rep.int(1L:n.legpercol,ncol)[1L:n.leg] - 1 + !is.null(title)) * ychar

    if (mfill) {		#- draw filled boxes -------------
	if(plot) {
	    if(!is.null(fill)) fill <- rep_len(fill, n.leg)
	    rect2(left = xt, top=yt+ybox/2, dx = xbox, dy = ybox,
		  col = fill,
		  density = density, angle = angle, border = border)
	}
	xt <- xt + dx.fill
    }
    if(plot && (has.pch || do.lines))
	col <- rep_len(col, n.leg)

    ## NULL is not documented but people use it.
    if(missing(lwd) || is.null(lwd))
	lwd <- par("lwd") # = default for pt.lwd
    if (do.lines) {			#- draw lines ---------------------
        ## NULL is not documented
	if(missing(lty) || is.null(lty)) lty <- 1
	lty <- rep_len(lty, n.leg)
	lwd <- rep_len(lwd, n.leg)
	ok.l <- !is.na(lty) & (is.character(lty) | lty > 0) & !is.na(lwd)
	if(trace)
	    catn("  segments2(",xt[ok.l] + x.off*xchar, ",", yt[ok.l],
		 ", dx=", seg.len*xchar, ", dy=0, ...)")
	if(plot)
	    segments2(xt[ok.l] + x.off*xchar, yt[ok.l],
                      dx = seg.len*xchar, dy = 0,
		      lty = lty[ok.l], lwd = lwd[ok.l], col = col[ok.l])
	# if (!merge)
	xt <- xt + (seg.len+x.off) * xchar
    }
    if (has.pch) {			#- draw points -------------------
	pch <- rep_len(pch, n.leg)
	pt.bg <- rep_len(pt.bg, n.leg)
	pt.cex <- rep_len(pt.cex, n.leg)
	pt.lwd <- rep_len(pt.lwd, n.leg)
        ok <- !is.na(pch)
        if (!is.character(pch)) {
            ## R 2.x.y omitted pch < 0
            ok <- ok & (pch >= 0 | pch <= -32)
        } else {
            ## like points
            ok <- ok & nzchar(pch)
        }
	x1 <- (if(merge && do.lines) xt-(seg.len/2)*xchar else xt)[ok]
	y1 <- yt[ok]
	if(trace)
	    catn("  points2(", x1,",", y1,", pch=", pch[ok],", ...)")
	if(plot)
	    points2(x1, y1, pch = pch[ok], col = col[ok],
		    cex = pt.cex[ok], bg = pt.bg[ok], lwd = pt.lwd[ok])
##D	if (!merge) xt <- xt + dx.pch
    }

    xt <- xt + x.intersp * xchar
    if(plot) {
	if (!is.null(title))
            text2(left + w*title.adj, top - ymax, labels = title,
                  adj = c(title.adj, 0), cex = cex, col = title.col)

	text2(xt, yt, labels = legend, adj = adj, cex = cex,
	      col = text.col, font = text.font)
    }
    invisible(list(rect = list(w = w, h = h, left = left, top = top),
		   text = list(x = xt, y = yt)))
}
<bytecode: 0xdf2bab0>
<environment: namespace:graphics>
 --- function search by body ---
Function legend in namespace graphics has this body.
 ----------- END OF FAILURE REPORT -------------- 
Fatal error: the condition has length > 1
* checking PDF version of manual ... OK
* DONE
Status: 1 ERROR, 1 NOTE
