* using log directory ‘/var/scratch2/tomas/test/mine/R-75396/check/GateFinder.Rcheck’
* using R Under development (unstable) (2018-10-04 r75396)
* using platform: x86_64-pc-linux-gnu (64-bit)
* using session charset: UTF-8
* checking for file ‘GateFinder/DESCRIPTION’ ... OK
* checking extension type ... Package
* this is package ‘GateFinder’ version ‘1.0.0’
* checking package namespace information ... OK
* checking package dependencies ... OK
* checking if this is a source package ... OK
* checking if there is a namespace ... OK
* checking for executable files ... OK
* checking for hidden files and directories ... NOTE
Found the following hidden files and directories:
  .BBSoptions
These were most likely included in error. See section ‘Package
structure’ in the ‘Writing R Extensions’ manual.
* checking for portable file names ... OK
* checking for sufficient/correct file permissions ... OK
* checking whether package ‘GateFinder’ can be installed ... OK
* checking package directory ... OK
* checking ‘build’ directory ... OK
* checking DESCRIPTION meta-information ... OK
* checking top-level files ... OK
* checking for left-over files ... OK
* checking index information ... OK
* checking package subdirectories ... OK
* checking R files for non-ASCII characters ... OK
* checking R files for syntax errors ... OK
* checking whether the package can be loaded ... OK
* checking whether the package can be loaded with stated dependencies ... OK
* checking whether the package can be unloaded cleanly ... OK
* checking whether the namespace can be loaded with stated dependencies ... OK
* checking whether the namespace can be unloaded cleanly ... OK
* checking loading without being on the library search path ... OK
* checking dependencies in R code ... OK
* checking S3 generic/method consistency ... OK
* checking replacement functions ... OK
* checking foreign function calls ... OK
* checking R code for possible problems ... NOTE
.ah2sp: no visible global function definition for ‘CRS’
.ah2sp: no visible global function definition for ‘anglesArc’
  (/var/scratch2/tomas/tmp/RtmpzXia4U/R.INSTALL4c624725ba51/GateFinder/R/AllMethods.R:607)
.ah2sp: no visible global function definition for ‘Line’
  (/var/scratch2/tomas/tmp/RtmpzXia4U/R.INSTALL4c624725ba51/GateFinder/R/AllMethods.R:626)
.ah2sp: no visible global function definition for ‘Lines’
  (/var/scratch2/tomas/tmp/RtmpzXia4U/R.INSTALL4c624725ba51/GateFinder/R/AllMethods.R:627)
.ah2sp: no visible global function definition for ‘Line’
  (/var/scratch2/tomas/tmp/RtmpzXia4U/R.INSTALL4c624725ba51/GateFinder/R/AllMethods.R:639)
.ah2sp: no visible global function definition for ‘Lines’
  (/var/scratch2/tomas/tmp/RtmpzXia4U/R.INSTALL4c624725ba51/GateFinder/R/AllMethods.R:640)
.ah2sp: no visible global function definition for ‘SpatialLines’
  (/var/scratch2/tomas/tmp/RtmpzXia4U/R.INSTALL4c624725ba51/GateFinder/R/AllMethods.R:647)
.ah2sp: no visible global function definition for ‘slot’
  (/var/scratch2/tomas/tmp/RtmpzXia4U/R.INSTALL4c624725ba51/GateFinder/R/AllMethods.R:650)
.ah2sp : <anonymous>: no visible global function definition for ‘slot’
  (/var/scratch2/tomas/tmp/RtmpzXia4U/R.INSTALL4c624725ba51/GateFinder/R/AllMethods.R:652)
.ah2sp: no visible global function definition for ‘slot’
  (/var/scratch2/tomas/tmp/RtmpzXia4U/R.INSTALL4c624725ba51/GateFinder/R/AllMethods.R:657)
.ah2sp: no visible global function definition for ‘SpatialPolygons’
  (/var/scratch2/tomas/tmp/RtmpzXia4U/R.INSTALL4c624725ba51/GateFinder/R/AllMethods.R:658-660)
.ah2sp: no visible global function definition for ‘Polygons’
  (/var/scratch2/tomas/tmp/RtmpzXia4U/R.INSTALL4c624725ba51/GateFinder/R/AllMethods.R:658-660)
.ah2sp : <anonymous>: no visible global function definition for
  ‘Polygon’
  (/var/scratch2/tomas/tmp/RtmpzXia4U/R.INSTALL4c624725ba51/GateFinder/R/AllMethods.R:659)
.ah2sp : <anonymous>: no visible global function definition for ‘slot’
  (/var/scratch2/tomas/tmp/RtmpzXia4U/R.INSTALL4c624725ba51/GateFinder/R/AllMethods.R:659)
.ah2sp: no visible binding for global variable
  ‘SpatialPolygonsDataFrame’
  (/var/scratch2/tomas/tmp/RtmpzXia4U/R.INSTALL4c624725ba51/GateFinder/R/AllMethods.R:662)
.ah2sp: no visible global function definition for ‘slot’
  (/var/scratch2/tomas/tmp/RtmpzXia4U/R.INSTALL4c624725ba51/GateFinder/R/AllMethods.R:663)
.ah2sp : <anonymous>: no visible global function definition for ‘slot’
  (/var/scratch2/tomas/tmp/RtmpzXia4U/R.INSTALL4c624725ba51/GateFinder/R/AllMethods.R:663)
.ah2sp: no visible global function definition for ‘slot’
  (/var/scratch2/tomas/tmp/RtmpzXia4U/R.INSTALL4c624725ba51/GateFinder/R/AllMethods.R:664)
.ah2sp : <anonymous>: no visible global function definition for ‘slot’
  (/var/scratch2/tomas/tmp/RtmpzXia4U/R.INSTALL4c624725ba51/GateFinder/R/AllMethods.R:664)
.ah2sp: no visible global function definition for
  ‘SpatialPolygonsDataFrame’
  (/var/scratch2/tomas/tmp/RtmpzXia4U/R.INSTALL4c624725ba51/GateFinder/R/AllMethods.R:668)
.binsearch: no visible global function definition for ‘test’
  (/var/scratch2/tomas/tmp/RtmpzXia4U/R.INSTALL4c624725ba51/GateFinder/R/AllMethods.R:217)
.binsearch: no visible global function definition for ‘test’
  (/var/scratch2/tomas/tmp/RtmpzXia4U/R.INSTALL4c624725ba51/GateFinder/R/AllMethods.R:218)
.binsearch: no visible global function definition for ‘test’
  (/var/scratch2/tomas/tmp/RtmpzXia4U/R.INSTALL4c624725ba51/GateFinder/R/AllMethods.R:220)
.flowFPOutliers: no visible global function definition for ‘new’
  (/var/scratch2/tomas/tmp/RtmpzXia4U/R.INSTALL4c624725ba51/GateFinder/R/AllMethods.R:184)
.flowFPOutliers: no visible global function definition for ‘new’
  (/var/scratch2/tomas/tmp/RtmpzXia4U/R.INSTALL4c624725ba51/GateFinder/R/AllMethods.R:185)
.flowFPOutliers: no visible global function definition for ‘new’
  (/var/scratch2/tomas/tmp/RtmpzXia4U/R.INSTALL4c624725ba51/GateFinder/R/AllMethods.R:186)
.flowFPOutliers: no visible global function definition for ‘new’
  (/var/scratch2/tomas/tmp/RtmpzXia4U/R.INSTALL4c624725ba51/GateFinder/R/AllMethods.R:187)
.getBestPoly: no visible global function definition for ‘quantile’
  (/var/scratch2/tomas/tmp/RtmpzXia4U/R.INSTALL4c624725ba51/GateFinder/R/AllMethods.R:238)
.getBestPoly: no visible global function definition for ‘chull’
  (/var/scratch2/tomas/tmp/RtmpzXia4U/R.INSTALL4c624725ba51/GateFinder/R/AllMethods.R:245-246)
.getBestPoly: no visible global function definition for ‘ahull’
  (/var/scratch2/tomas/tmp/RtmpzXia4U/R.INSTALL4c624725ba51/GateFinder/R/AllMethods.R:254)
.getBestPoly: no visible global function definition for ‘ahull’
  (/var/scratch2/tomas/tmp/RtmpzXia4U/R.INSTALL4c624725ba51/GateFinder/R/AllMethods.R:260)
.getBestPoly: no visible global function definition for ‘chull’
  (/var/scratch2/tomas/tmp/RtmpzXia4U/R.INSTALL4c624725ba51/GateFinder/R/AllMethods.R:265)
.getBestPoly : <anonymous>: no visible global function definition for
  ‘ahull’
  (/var/scratch2/tomas/tmp/RtmpzXia4U/R.INSTALL4c624725ba51/GateFinder/R/AllMethods.R:274)
.getBestPoly : <anonymous>: no visible global function definition for
  ‘ahull’
  (/var/scratch2/tomas/tmp/RtmpzXia4U/R.INSTALL4c624725ba51/GateFinder/R/AllMethods.R:280)
.getBestPoly : <anonymous>: no visible global function definition for
  ‘chull’
  (/var/scratch2/tomas/tmp/RtmpzXia4U/R.INSTALL4c624725ba51/GateFinder/R/AllMethods.R:285)
.getGates : <anonymous>: no visible global function definition for
  ‘chull’
  (/var/scratch2/tomas/tmp/RtmpzXia4U/R.INSTALL4c624725ba51/GateFinder/R/AllMethods.R:169)
.spline.poly: no visible global function definition for ‘spline’
  (/var/scratch2/tomas/tmp/RtmpzXia4U/R.INSTALL4c624725ba51/GateFinder/R/AllMethods.R:205)
.spline.poly: no visible global function definition for ‘spline’
  (/var/scratch2/tomas/tmp/RtmpzXia4U/R.INSTALL4c624725ba51/GateFinder/R/AllMethods.R:208)
GateFinder: no visible binding for global variable ‘marker.names’
  (/var/scratch2/tomas/tmp/RtmpzXia4U/R.INSTALL4c624725ba51/GateFinder/R/AllMethods.R:17)
GateFinder: no visible global function definition for ‘median’
  (/var/scratch2/tomas/tmp/RtmpzXia4U/R.INSTALL4c624725ba51/GateFinder/R/AllMethods.R:72-73)
GateFinder: no visible global function definition for ‘new’
  (/var/scratch2/tomas/tmp/RtmpzXia4U/R.INSTALL4c624725ba51/GateFinder/R/AllMethods.R:127)
GateFinder: no visible global function definition for ‘new’
  (/var/scratch2/tomas/tmp/RtmpzXia4U/R.INSTALL4c624725ba51/GateFinder/R/AllMethods.R:134)
plot.GateFinder: no visible global function definition for ‘par’
  (/var/scratch2/tomas/tmp/RtmpzXia4U/R.INSTALL4c624725ba51/GateFinder/R/AllMethods.R:414)
plot.GateFinder: no visible global function definition for ‘par’
  (/var/scratch2/tomas/tmp/RtmpzXia4U/R.INSTALL4c624725ba51/GateFinder/R/AllMethods.R:415-417)
plot.GateFinder: no visible global function definition for ‘colors’
  (/var/scratch2/tomas/tmp/RtmpzXia4U/R.INSTALL4c624725ba51/GateFinder/R/AllMethods.R:416)
plot.GateFinder: no visible global function definition for ‘par’
  (/var/scratch2/tomas/tmp/RtmpzXia4U/R.INSTALL4c624725ba51/GateFinder/R/AllMethods.R:419)
plot.GateFinder: no visible global function definition for ‘par’
  (/var/scratch2/tomas/tmp/RtmpzXia4U/R.INSTALL4c624725ba51/GateFinder/R/AllMethods.R:440-441)
plot.GateFinder: no visible global function definition for ‘par’
  (/var/scratch2/tomas/tmp/RtmpzXia4U/R.INSTALL4c624725ba51/GateFinder/R/AllMethods.R:442-443)
plot.GateFinder: no visible global function definition for ‘points’
  (/var/scratch2/tomas/tmp/RtmpzXia4U/R.INSTALL4c624725ba51/GateFinder/R/AllMethods.R:445)
plot.GateFinder: no visible global function definition for ‘points’
  (/var/scratch2/tomas/tmp/RtmpzXia4U/R.INSTALL4c624725ba51/GateFinder/R/AllMethods.R:446)
plot.GateFinder: no visible global function definition for ‘axis’
  (/var/scratch2/tomas/tmp/RtmpzXia4U/R.INSTALL4c624725ba51/GateFinder/R/AllMethods.R:451)
plot.GateFinder: no visible global function definition for ‘axis’
  (/var/scratch2/tomas/tmp/RtmpzXia4U/R.INSTALL4c624725ba51/GateFinder/R/AllMethods.R:452)
plot.GateFinder: no visible global function definition for ‘axis’
  (/var/scratch2/tomas/tmp/RtmpzXia4U/R.INSTALL4c624725ba51/GateFinder/R/AllMethods.R:453)
plot.GateFinder: no visible global function definition for ‘par’
  (/var/scratch2/tomas/tmp/RtmpzXia4U/R.INSTALL4c624725ba51/GateFinder/R/AllMethods.R:453)
plot.GateFinder: no visible global function definition for ‘axis’
  (/var/scratch2/tomas/tmp/RtmpzXia4U/R.INSTALL4c624725ba51/GateFinder/R/AllMethods.R:454)
plot.GateFinder: no visible global function definition for ‘par’
  (/var/scratch2/tomas/tmp/RtmpzXia4U/R.INSTALL4c624725ba51/GateFinder/R/AllMethods.R:454)
plot.GateFinder: no visible global function definition for ‘axis’
  (/var/scratch2/tomas/tmp/RtmpzXia4U/R.INSTALL4c624725ba51/GateFinder/R/AllMethods.R:457)
plot.GateFinder: no visible global function definition for ‘par’
  (/var/scratch2/tomas/tmp/RtmpzXia4U/R.INSTALL4c624725ba51/GateFinder/R/AllMethods.R:457)
plot.GateFinder: no visible global function definition for ‘axis’
  (/var/scratch2/tomas/tmp/RtmpzXia4U/R.INSTALL4c624725ba51/GateFinder/R/AllMethods.R:458)
plot.GateFinder: no visible global function definition for ‘par’
  (/var/scratch2/tomas/tmp/RtmpzXia4U/R.INSTALL4c624725ba51/GateFinder/R/AllMethods.R:458)
plot.GateFinder: no visible global function definition for ‘box’
  (/var/scratch2/tomas/tmp/RtmpzXia4U/R.INSTALL4c624725ba51/GateFinder/R/AllMethods.R:460)
plot.GateFinder: no visible global function definition for ‘points’
  (/var/scratch2/tomas/tmp/RtmpzXia4U/R.INSTALL4c624725ba51/GateFinder/R/AllMethods.R:462)
plot.GateFinder: no visible global function definition for ‘lines’
  (/var/scratch2/tomas/tmp/RtmpzXia4U/R.INSTALL4c624725ba51/GateFinder/R/AllMethods.R:466)
plot,GatingProjection-ANY: no visible global function definition for
  ‘par’
  (/var/scratch2/tomas/tmp/RtmpzXia4U/R.INSTALL4c624725ba51/GateFinder/R/AllMethods.R:369)
plot,GatingProjection-ANY: no visible global function definition for
  ‘lines’
  (/var/scratch2/tomas/tmp/RtmpzXia4U/R.INSTALL4c624725ba51/GateFinder/R/AllMethods.R:380)
plot,GatingProjection-ANY: no visible global function definition for
  ‘lines’
  (/var/scratch2/tomas/tmp/RtmpzXia4U/R.INSTALL4c624725ba51/GateFinder/R/AllMethods.R:381)
plot,GatingProjection-ANY: no visible global function definition for
  ‘lines’
  (/var/scratch2/tomas/tmp/RtmpzXia4U/R.INSTALL4c624725ba51/GateFinder/R/AllMethods.R:382)
plot,GatingProjection-ANY: no visible global function definition for
  ‘legend’
  (/var/scratch2/tomas/tmp/RtmpzXia4U/R.INSTALL4c624725ba51/GateFinder/R/AllMethods.R:383)
Undefined global functions or variables:
  CRS Line Lines Polygon Polygons SpatialLines SpatialPolygons
  SpatialPolygonsDataFrame ahull anglesArc axis box chull colors legend
  lines marker.names median new par points quantile slot spline test
Consider adding
  importFrom("grDevices", "chull", "colors")
  importFrom("graphics", "axis", "box", "legend", "lines", "par",
             "points")
  importFrom("methods", "new", "slot")
  importFrom("stats", "median", "quantile", "spline")
to your NAMESPACE file (and ensure that your DESCRIPTION Imports field
contains 'methods').
* checking Rd files ... OK
* checking Rd metadata ... OK
* checking Rd cross-references ... OK
* checking for missing documentation entries ... OK
* checking for code/documentation mismatches ... OK
* checking Rd \usage sections ... NOTE
S3 methods shown with full name in documentation object 'plot.GateFinder':
  ‘plot.GateFinder’

The \usage entries for S3 methods should use the \method markup and not
their full name.
See chapter ‘Writing R documentation files’ in the ‘Writing R
Extensions’ manual.
* checking Rd contents ... OK
* checking for unstated dependencies in examples ... OK
* checking contents of ‘data’ directory ... OK
* checking data for non-ASCII characters ... OK
* checking data for ASCII and uncompressed saves ... OK
* checking sizes of PDF files under ‘inst/doc’ ... OK
* checking installed files from ‘inst/doc’ ... OK
* checking files in ‘vignettes’ ... OK
* checking examples ... ERROR
Running examples in ‘GateFinder-Ex.R’ failed
The error most likely occurred in:

> ### Name: GateFinder-package
> ### Title: GateFinder
> ### Aliases: GateFinder-package
> 
> ### ** Examples
> 
> 
> 
> library(flowCore)
> 
> data(LPSData) 
> ##Select the target population. In this case cells with those with a pP38 expression (dimension 34) of higher than 3.5.
> targetpop <- (exprs(rawdata)[,34]>3.5)
> 
> ##Subset the markers that should be considered for gating.
> x=exprs(rawdata)[,prop.markers]
> colnames(x)=marker.names[prop.markers]
> 
> ##Run GateFinder.
> ans=GateFinder(x, targetpop)
 ----------- FAILURE REPORT -------------- 
 --- srcref --- 
 at /var/scratch2/tomas/tmp/RtmpzXia4U/R.INSTALL4c624725ba51/GateFinder/R/AllMethods.R#334: 
 --- package (from environment) --- 
GateFinder
 --- call from context --- 
.getScores(x, targetpop, gates = gates, skipdims = c(dimx, dimy), 
    currentpop = currentpop, beta, randomize = randomize, predimx = predimx[i], 
    predimy = predimy[i])
 --- call from argument --- 
if (is.na(gates[[i]][[j]]) | (length(gates[[i]][[j]]) == 0)) {
    fmeasure[i, j] = 0
    precision[i, j] = 0
    recall[i, j] = 0
    next
}
 --- R stacktrace ---
where 1 at /var/scratch2/tomas/tmp/RtmpzXia4U/R.INSTALL4c624725ba51/GateFinder/R/AllMethods.R#104: .getScores(x, targetpop, gates = gates, skipdims = c(dimx, dimy), 
    currentpop = currentpop, beta, randomize = randomize, predimx = predimx[i], 
    predimy = predimy[i])
where 2: GateFinder(x, targetpop)

 --- value of length: 14 type: logical ---
     CD45RA  CD19
[1,]  FALSE FALSE
[2,]  FALSE FALSE
[3,]  FALSE FALSE
[4,]  FALSE FALSE
[5,]  FALSE FALSE
[6,]  FALSE FALSE
[7,]  FALSE FALSE
 --- function from context --- 
function(x, targetpop, gates, skipdims=NA, currentpop=rep(TRUE,length(targetpop)), beta, randomize, predimx=NULL, predimy=NULL){
        if (length(which(!is.na(unlist(gates))))==0)
            return(NA)
        n=dim(x)[2]
        fmeasure=matrix(0,n,n)
        precision=matrix(0,n,n)
        recall=matrix(0,n,n)
        for (i in 1:(n-1)){
            for (j in (i+1):n){
                if (!is.null(predimx))
                    if (i!=predimx)
                        next
                if (!is.null(predimy))
                    if (j!=predimy)
                        next
                if (i %in% skipdims)
                    next
                if (j %in% skipdims)
                    next
                if (is.na(gates[[i]][[j]]) | (length(gates[[i]][[j]])==0)){
                    fmeasure[i,j]=0
                    precision[i,j]=0
                    recall[i,j]=0
                    next
                }
                foundpop=currentpop & as.logical(.inpoly(x[,i],x[,j],list(x=gates[[i]][[j]][,1],y=gates[[i]][[j]][,2])))
                tp=length(which(targetpop & foundpop))
                fp=length(which(!targetpop & foundpop))
                fn=length(which(targetpop & !foundpop))
                tn=length(which(!targetpop & !foundpop))
                precision[i,j]=tp/(tp+fp)
                recall[i,j]=tp/(tp+fn)
                fmeasure[i,j]=(1+beta^2)*precision[i,j]*recall[i,j]/(beta^2*precision[i,j]+recall[i,j])
            }
        }
        if (randomize){
            answer=sample(as.vector(fmeasure), size=1, prob=as.vector(fmeasure))
        }
        if (!randomize){
            answer=max(fmeasure)
        }
        temp=which(fmeasure==answer,arr.ind=TRUE)
        if((dim(temp))[1]>1)
            temp=temp[1,]
        i=temp[1]
        j=temp[2]
        newpop=rep(FALSE, length(currentpop))
        if (length(gates[[i]][[j]])!=0)
            newpop=currentpop & as.logical(.inpoly(x[,i],x[,j],list(x=gates[[i]][[j]][,1],y=gates[[i]][[j]][,2])))
        return(list(i=i,j=j,fmeasure=fmeasure[i,j],precision=precision[i,j],recall=recall[i,j],newpop=newpop,allfmeasures=fmeasure))
    }
<bytecode: 0x1aa182a0>
<environment: namespace:GateFinder>
 --- function search by body ---
Function .getScores in namespace GateFinder has this body.
 ----------- END OF FAILURE REPORT -------------- 
Fatal error: the condition has length > 1
* checking for unstated dependencies in ‘tests’ ... OK
* checking tests ... ERROR
  Running ‘runTests.R’
Running the tests in ‘tests/runTests.R’ failed.
Last 13 lines of output:
          if((dim(temp))[1]>1)
              temp=temp[1,]
          i=temp[1]
          j=temp[2]
          newpop=rep(FALSE, length(currentpop))
          if (length(gates[[i]][[j]])!=0)
              newpop=currentpop & as.logical(.inpoly(x[,i],x[,j],list(x=gates[[i]][[j]][,1],y=gates[[i]][[j]][,2])))
          return(list(i=i,j=j,fmeasure=fmeasure[i,j],precision=precision[i,j],recall=recall[i,j],newpop=newpop,allfmeasures=fmeasure))
      }
  <bytecode: 0x11701a08>
  <environment: namespace:GateFinder>
   --- function search by body ---
  Function .getScores in namespace GateFinder has this body.
   ----------- END OF FAILURE REPORT -------------- 
  Fatal error: the condition has length > 1
* checking for unstated dependencies in vignettes ... OK
* checking package vignettes in ‘inst/doc’ ... OK
* checking running R code from vignettes ... ERROR
Errors in running code in vignettes:
when running code in ‘GateFinder.Rnw’
  ...
        return(list(i=i,j=j,fmeasure=fmeasure[i,j],precision=precision[i,j],recall=recall[i,j],newpop=newpop,allfmeasures=fmeasure))
    }
<bytecode: 0x11f43e10>
<environment: namespace:GateFinder>
 --- function search by body ---
Function .getScores in namespace GateFinder has this body.
 ----------- END OF FAILURE REPORT -------------- 
Fatal error: the condition has length > 1

... incomplete output.  Crash?

* checking re-building of vignette outputs ... NOTE
Error in re-building vignettes:
  ...
                fmeasure[i,j]=(1+beta^2)*precision[i,j]*recall[i,j]/(beta^2*precision[i,j]+recall[i,j])
            }
        }
        if (randomize){
            answer=sample(as.vector(fmeasure), size=1, prob=as.vector(fmeasure))
        }
        if (!randomize){
            answer=max(fmeasure)
        }
        temp=which(fmeasure==answer,arr.ind=TRUE)
        if((dim(temp))[1]>1)
            temp=temp[1,]
        i=temp[1]
        j=temp[2]
        newpop=rep(FALSE, length(currentpop))
        if (length(gates[[i]][[j]])!=0)
            newpop=currentpop & as.logical(.inpoly(x[,i],x[,j],list(x=gates[[i]][[j]][,1],y=gates[[i]][[j]][,2])))
        return(list(i=i,j=j,fmeasure=fmeasure[i,j],precision=precision[i,j],recall=recall[i,j],newpop=newpop,allfmeasures=fmeasure))
    }
<bytecode: 0x1b9ddb10>
<environment: namespace:GateFinder>
 --- function search by body ---
Function .getScores in namespace GateFinder has this body.
 ----------- END OF FAILURE REPORT -------------- 
Fatal error: the condition has length > 1

* checking PDF version of manual ... OK
* DONE
Status: 3 ERRORs, 4 NOTEs
