
Attaching package: 'dplyr'

The following objects are masked from 'package:stats':

    filter, lag

The following objects are masked from 'package:base':

    intersect, setdiff, setequal, union

 ----------- FAILURE REPORT -------------- 
 --- srcref --- 
: 
 --- if/while statement is in package --- 
datasus
 --- call (currently evaluated) --- 
withCallingHandlers(expr, warning = function(w) invokeRestart("muffleWarning"))
 --- R stacktrace ---
where 1: withCallingHandlers(expr, warning = function(w) invokeRestart("muffleWarning"))
where 2 at /var/scratch2/tomas/tmp/RtmpBdVYwU/R.INSTALL1e0bf948ec1/datasus/R/sinasc_nv_uf.R#556: suppressWarnings(if (periodo == "last") {
    periodo <- utils::head(periodos.df$id, 1)
})
where 3: sinasc_nv_uf(uf = "ms", period = c(2011:2015), coluna = "Ano do nascimento")
where 4: eval(expr, envir, enclos)
where 5: eval(expr, envir, enclos)
where 6: withVisible(eval(expr, envir, enclos))
where 7: withCallingHandlers(withVisible(eval(expr, envir, enclos)), warning = wHandler, 
    error = eHandler, message = mHandler)
where 8: handle(ev <- withCallingHandlers(withVisible(eval(expr, envir, 
    enclos)), warning = wHandler, error = eHandler, message = mHandler))
where 9: timing_fn(handle(ev <- withCallingHandlers(withVisible(eval(expr, 
    envir, enclos)), warning = wHandler, error = eHandler, message = mHandler)))
where 10: evaluate_call(expr, parsed$src[[i]], envir = envir, enclos = enclos, 
    debug = debug, last = i == length(out), use_try = stop_on_error != 
        2L, keep_warning = keep_warning, keep_message = keep_message, 
    output_handler = output_handler, include_timing = include_timing)
where 11 at /var/scratch2/tomas/tmp/RtmpJ3m6tZ/R.INSTALL62535b5d8aec/knitr/R/hooks.R#17: evaluate::evaluate(...)
where 12: evaluate(code, envir = env, new_device = FALSE, keep_warning = !isFALSE(options$warning), 
    keep_message = !isFALSE(options$message), stop_on_error = if (options$error && 
        options$include) 0L else 2L, output_handler = knit_handlers(options$render, 
        options))
where 13: in_dir(input_dir(), evaluate(code, envir = env, new_device = FALSE, 
    keep_warning = !isFALSE(options$warning), keep_message = !isFALSE(options$message), 
    stop_on_error = if (options$error && options$include) 0L else 2L, 
    output_handler = knit_handlers(options$render, options)))
where 14: block_exec(params)
where 15 at /var/scratch2/tomas/tmp/RtmpJ3m6tZ/R.INSTALL62535b5d8aec/knitr/R/block.R#6: call_block(x)
where 16 at /var/scratch2/tomas/tmp/RtmpJ3m6tZ/R.INSTALL62535b5d8aec/knitr/R/block.R#3: process_group.block(group)
where 17: process_group(group)
where 18 at /var/scratch2/tomas/tmp/RtmpJ3m6tZ/R.INSTALL62535b5d8aec/knitr/R/output.R#314: withCallingHandlers(if (tangle) process_tangle(group) else process_group(group), 
    error = function(e) {
        setwd(wd)
        cat(res, sep = "\n", file = output %n% "")
        message("Quitting from lines ", paste(current_lines(i), 
            collapse = "-"), " (", knit_concord$get("infile"), 
            ") ")
    })
where 19 at /var/scratch2/tomas/tmp/RtmpJ3m6tZ/R.INSTALL62535b5d8aec/knitr/R/output.R#258: process_file(text, output)
where 20 at /var/scratch2/tomas/tmp/RtmpiFnhvf/R.INSTALL2032429d4002/rmarkdown/R/render.R#486: knitr::knit(knit_input, knit_output, envir = envir, quiet = quiet, 
    encoding = encoding)
where 21 at /var/scratch2/tomas/tmp/RtmpJ3m6tZ/R.INSTALL62535b5d8aec/knitr/R/utils-vignettes.R#40: rmarkdown::render(file, encoding = encoding, quiet = quiet, envir = globalenv())
where 22 at /var/scratch2/tomas/tmp/RtmpJ3m6tZ/R.INSTALL62535b5d8aec/knitr/R/utils-vignettes.R#92: vweave_rmarkdown(...)
where 23: engine$weave(file, quiet = quiet, encoding = enc)
where 24: doTryCatch(return(expr), name, parentenv, handler)
where 25: tryCatchOne(expr, names, parentenv, handlers[[1L]])
where 26: tryCatchList(expr, classes, parentenv, handlers)
where 27: tryCatch({
    engine$weave(file, quiet = quiet, encoding = enc)
    setwd(startdir)
    find_vignette_product(name, by = "weave", engine = engine)
}, error = function(e) {
    stop(gettextf("processing vignette '%s' failed with diagnostics:\n%s", 
        file, conditionMessage(e)), domain = NA, call. = FALSE)
})
where 28: buildVignettes(dir = "/var/scratch2/tomas/test/mine/R-ifc4/check/datasus.Rcheck/vign_test/datasus")

 --- value of length: 5 type: logical ---
[1] FALSE FALSE FALSE FALSE FALSE
 --- function (currently evaluated)--- 
function (expr, ...) 
{
    handlers <- list(...)
    classes <- names(handlers)
    parentenv <- parent.frame()
    if (length(classes) != length(handlers)) 
        stop("bad handler specification")
    .Internal(.addCondHands(classes, handlers, parentenv, NULL, 
        TRUE))
    expr
}
<bytecode: 0x148ab20>
<environment: namespace:base>
 --- function (body) search ---
Function withCallingHandlers in namespace base has this body.
 ----------- END FAILURE REPORT -------------- 
Fatal error: the condition has length > 1 and only the first element will be used XXXXXX
