 ----------- FAILURE REPORT -------------- 
 --- srcref --- 
: 
 --- if/while statement is in package --- 
vortexR
 --- call (currently evaluated) --- 
withCallingHandlers(expr, warning = function(w) invokeRestart("muffleWarning"))
 --- R stacktrace ---
where 1: withCallingHandlers(expr, warning = function(w) invokeRestart("muffleWarning"))
where 2 at /var/scratch2/tomas/tmp/Rtmp0fZaUB/R.INSTALL317716f3c38/vortexR/R/data_plotting.R#410: suppressWarnings(if (!is.na(lookup)) {
    data <- plyr::join(data, lookup, by = "Scenario", type = "left")
})
where 3: m_scatter(data = stdat.ST_LHS.no.base[1:33], data_type = "dat", 
    lookup = lkup.ST_LHS, yr = 120, popn = 1, param = "Nall", 
    vs = c("SV1", "SV2", "SV3"), save2disk = FALSE)
where 4: eval(expr, envir, enclos)
where 5: eval(expr, envir, enclos)
where 6: withVisible(eval(expr, envir, enclos))
where 7: withCallingHandlers(withVisible(eval(expr, envir, enclos)), warning = wHandler, 
    error = eHandler, message = mHandler)
where 8: handle(ev <- withCallingHandlers(withVisible(eval(expr, envir, 
    enclos)), warning = wHandler, error = eHandler, message = mHandler))
where 9: timing_fn(handle(ev <- withCallingHandlers(withVisible(eval(expr, 
    envir, enclos)), warning = wHandler, error = eHandler, message = mHandler)))
where 10: evaluate_call(expr, parsed$src[[i]], envir = envir, enclos = enclos, 
    debug = debug, last = i == length(out), use_try = stop_on_error != 
        2L, keep_warning = keep_warning, keep_message = keep_message, 
    output_handler = output_handler, include_timing = include_timing)
where 11 at /var/scratch2/tomas/tmp/RtmpJ3m6tZ/R.INSTALL62535b5d8aec/knitr/R/hooks.R#17: evaluate::evaluate(...)
where 12: evaluate(code, envir = env, new_device = FALSE, keep_warning = !isFALSE(options$warning), 
    keep_message = !isFALSE(options$message), stop_on_error = if (options$error && 
        options$include) 0L else 2L, output_handler = knit_handlers(options$render, 
        options))
where 13: in_dir(input_dir(), evaluate(code, envir = env, new_device = FALSE, 
    keep_warning = !isFALSE(options$warning), keep_message = !isFALSE(options$message), 
    stop_on_error = if (options$error && options$include) 0L else 2L, 
    output_handler = knit_handlers(options$render, options)))
where 14: block_exec(params)
where 15 at /var/scratch2/tomas/tmp/RtmpJ3m6tZ/R.INSTALL62535b5d8aec/knitr/R/block.R#6: call_block(x)
where 16 at /var/scratch2/tomas/tmp/RtmpJ3m6tZ/R.INSTALL62535b5d8aec/knitr/R/block.R#3: process_group.block(group)
where 17: process_group(group)
where 18 at /var/scratch2/tomas/tmp/RtmpJ3m6tZ/R.INSTALL62535b5d8aec/knitr/R/output.R#314: withCallingHandlers(if (tangle) process_tangle(group) else process_group(group), 
    error = function(e) {
        setwd(wd)
        cat(res, sep = "\n", file = output %n% "")
        message("Quitting from lines ", paste(current_lines(i), 
            collapse = "-"), " (", knit_concord$get("infile"), 
            ") ")
    })
where 19 at /var/scratch2/tomas/tmp/RtmpJ3m6tZ/R.INSTALL62535b5d8aec/knitr/R/output.R#258: process_file(text, output)
where 20 at /var/scratch2/tomas/tmp/RtmpiFnhvf/R.INSTALL2032429d4002/rmarkdown/R/render.R#486: knitr::knit(knit_input, knit_output, envir = envir, quiet = quiet, 
    encoding = encoding)
where 21 at /var/scratch2/tomas/tmp/RtmpJ3m6tZ/R.INSTALL62535b5d8aec/knitr/R/utils-vignettes.R#40: rmarkdown::render(file, encoding = encoding, quiet = quiet, envir = globalenv())
where 22 at /var/scratch2/tomas/tmp/RtmpJ3m6tZ/R.INSTALL62535b5d8aec/knitr/R/utils-vignettes.R#92: vweave_rmarkdown(...)
where 23: engine$weave(file, quiet = quiet, encoding = enc)
where 24: doTryCatch(return(expr), name, parentenv, handler)
where 25: tryCatchOne(expr, names, parentenv, handlers[[1L]])
where 26: tryCatchList(expr, classes, parentenv, handlers)
where 27: tryCatch({
    engine$weave(file, quiet = quiet, encoding = enc)
    setwd(startdir)
    find_vignette_product(name, by = "weave", engine = engine)
}, error = function(e) {
    stop(gettextf("processing vignette '%s' failed with diagnostics:\n%s", 
        file, conditionMessage(e)), domain = NA, call. = FALSE)
})
where 28: buildVignettes(dir = "/var/scratch2/tomas/test/mine/R-ifc4/check/vortexR.Rcheck/vign_test/vortexR")

 --- value of length: 400 type: logical ---
      Scenario  SV1  SV2  SV3  SV4  SV5  SV6  SV7
 [1,]     TRUE TRUE TRUE TRUE TRUE TRUE TRUE TRUE
 [2,]     TRUE TRUE TRUE TRUE TRUE TRUE TRUE TRUE
 [3,]     TRUE TRUE TRUE TRUE TRUE TRUE TRUE TRUE
 [4,]     TRUE TRUE TRUE TRUE TRUE TRUE TRUE TRUE
 [5,]     TRUE TRUE TRUE TRUE TRUE TRUE TRUE TRUE
 [6,]     TRUE TRUE TRUE TRUE TRUE TRUE TRUE TRUE
 [7,]     TRUE TRUE TRUE TRUE TRUE TRUE TRUE TRUE
 [8,]     TRUE TRUE TRUE TRUE TRUE TRUE TRUE TRUE
 [9,]     TRUE TRUE TRUE TRUE TRUE TRUE TRUE TRUE
[10,]     TRUE TRUE TRUE TRUE TRUE TRUE TRUE TRUE
[11,]     TRUE TRUE TRUE TRUE TRUE TRUE TRUE TRUE
[12,]     TRUE TRUE TRUE TRUE TRUE TRUE TRUE TRUE
[13,]     TRUE TRUE TRUE TRUE TRUE TRUE TRUE TRUE
[14,]     TRUE TRUE TRUE TRUE TRUE TRUE TRUE TRUE
[15,]     TRUE TRUE TRUE TRUE TRUE TRUE TRUE TRUE
[16,]     TRUE TRUE TRUE TRUE TRUE TRUE TRUE TRUE
[17,]     TRUE TRUE TRUE TRUE TRUE TRUE TRUE TRUE
[18,]     TRUE TRUE TRUE TRUE TRUE TRUE TRUE TRUE
[19,]     TRUE TRUE TRUE TRUE TRUE TRUE TRUE TRUE
[20,]     TRUE TRUE TRUE TRUE TRUE TRUE TRUE TRUE
[21,]     TRUE TRUE TRUE TRUE TRUE TRUE TRUE TRUE
[22,]     TRUE TRUE TRUE TRUE TRUE TRUE TRUE TRUE
[23,]     TRUE TRUE TRUE TRUE TRUE TRUE TRUE TRUE
[24,]     TRUE TRUE TRUE TRUE TRUE TRUE TRUE TRUE
[25,]     TRUE TRUE TRUE TRUE TRUE TRUE TRUE TRUE
[26,]     TRUE TRUE TRUE TRUE TRUE TRUE TRUE TRUE
[27,]     TRUE TRUE TRUE TRUE TRUE TRUE TRUE TRUE
[28,]     TRUE TRUE TRUE TRUE TRUE TRUE TRUE TRUE
[29,]     TRUE TRUE TRUE TRUE TRUE TRUE TRUE TRUE
[30,]     TRUE TRUE TRUE TRUE TRUE TRUE TRUE TRUE
[31,]     TRUE TRUE TRUE TRUE TRUE TRUE TRUE TRUE
[32,]     TRUE TRUE TRUE TRUE TRUE TRUE TRUE TRUE
[33,]     TRUE TRUE TRUE TRUE TRUE TRUE TRUE TRUE
[34,]     TRUE TRUE TRUE TRUE TRUE TRUE TRUE TRUE
[35,]     TRUE TRUE TRUE TRUE TRUE TRUE TRUE TRUE
[36,]     TRUE TRUE TRUE TRUE TRUE TRUE TRUE TRUE
[37,]     TRUE TRUE TRUE TRUE TRUE TRUE TRUE TRUE
[38,]     TRUE TRUE TRUE TRUE TRUE TRUE TRUE TRUE
[39,]     TRUE TRUE TRUE TRUE TRUE TRUE TRUE TRUE
[40,]     TRUE TRUE TRUE TRUE TRUE TRUE TRUE TRUE
[41,]     TRUE TRUE TRUE TRUE TRUE TRUE TRUE TRUE
[42,]     TRUE TRUE TRUE TRUE TRUE TRUE TRUE TRUE
[43,]     TRUE TRUE TRUE TRUE TRUE TRUE TRUE TRUE
[44,]     TRUE TRUE TRUE TRUE TRUE TRUE TRUE TRUE
[45,]     TRUE TRUE TRUE TRUE TRUE TRUE TRUE TRUE
[46,]     TRUE TRUE TRUE TRUE TRUE TRUE TRUE TRUE
[47,]     TRUE TRUE TRUE TRUE TRUE TRUE TRUE TRUE
[48,]     TRUE TRUE TRUE TRUE TRUE TRUE TRUE TRUE
[49,]     TRUE TRUE TRUE TRUE TRUE TRUE TRUE TRUE
[50,]     TRUE TRUE TRUE TRUE TRUE TRUE TRUE TRUE
 --- function (currently evaluated)--- 
function (expr, ...) 
{
    handlers <- list(...)
    classes <- names(handlers)
    parentenv <- parent.frame()
    if (length(classes) != length(handlers)) 
        stop("bad handler specification")
    .Internal(.addCondHands(classes, handlers, parentenv, NULL, 
        TRUE))
    expr
}
<bytecode: 0xf9ab20>
<environment: namespace:base>
 --- function (body) search ---
Function withCallingHandlers in namespace base has this body.
 ----------- END FAILURE REPORT -------------- 
Fatal error: the condition has length > 1 and only the first element will be used XXXXXX
