* using log directory ‘/var/scratch2/tomas/test/mine/R-svn-dev-75396/check/PCRedux.Rcheck’
* using R Under development (unstable) (2018-10-04 r75396)
* using platform: x86_64-pc-linux-gnu (64-bit)
* using session charset: UTF-8
* checking for file ‘PCRedux/DESCRIPTION’ ... OK
* checking extension type ... Package
* this is package ‘PCRedux’ version ‘0.2.6-1’
* checking package namespace information ... OK
* checking package dependencies ... OK
* checking if this is a source package ... OK
* checking if there is a namespace ... OK
* checking for executable files ... OK
* checking for hidden files and directories ... OK
* checking for portable file names ... OK
* checking for sufficient/correct file permissions ... OK
* checking whether package ‘PCRedux’ can be installed ... OK
* checking package directory ... OK
* checking ‘build’ directory ... OK
* checking DESCRIPTION meta-information ... OK
* checking top-level files ... OK
* checking for left-over files ... OK
* checking index information ... OK
* checking package subdirectories ... OK
* checking R files for non-ASCII characters ... OK
* checking R files for syntax errors ... OK
* checking whether the package can be loaded ... OK
* checking whether the package can be loaded with stated dependencies ... OK
* checking whether the package can be unloaded cleanly ... OK
* checking whether the namespace can be loaded with stated dependencies ... OK
* checking whether the namespace can be unloaded cleanly ... OK
* checking loading without being on the library search path ... OK
* checking dependencies in R code ... NOTE
Namespace in Imports field not imported from: ‘caret’
  All declared Imports should be used.
* checking S3 generic/method consistency ... OK
* checking replacement functions ... OK
* checking foreign function calls ... OK
* checking R code for possible problems ... OK
* checking Rd files ... OK
* checking Rd metadata ... OK
* checking Rd cross-references ... OK
* checking for missing documentation entries ... OK
* checking for code/documentation mismatches ... OK
* checking Rd \usage sections ... OK
* checking Rd contents ... OK
* checking for unstated dependencies in examples ... OK
* checking contents of ‘data’ directory ... OK
* checking data for non-ASCII characters ... OK
* checking data for ASCII and uncompressed saves ... OK
* checking sizes of PDF files under ‘inst/doc’ ... OK
* checking installed files from ‘inst/doc’ ... OK
* checking files in ‘vignettes’ ... OK
* checking examples ... ERROR
Running examples in ‘PCRedux-Ex.R’ failed
The error most likely occurred in:

> ### Name: performeR
> ### Title: Performance analysis for binary classification
> ### Aliases: performeR
> ### Keywords: accuracy precision sensitivity specificity
> 
> ### ** Examples
> 
> # Produce some arbitrary binary decisions data
> # test_data is the new test or method that should be analyzed
> # reference_data is the reference data set that should be analyzed
> test_data <- c(0,0,0,0,0,0,1,1,0,1,0,1,0,1,0,1,0,1,0,1,0,1,0,1)
> reference_data <- c(0,0,0,0,1,1,1,1,0,1,0,1,0,1,0,1,0,1,0,1,1,1,1,1)
> 
> # Plot the data of the decisions
> plot(1:length(test_data), test_data, xlab="Sample", ylab="Decisions",
+      yaxt="n", pch=19)
> axis(2, at=c(0,1), labels=c("negative", "positive"), las=2)
> points(1:length(reference_data), reference_data, pch=1, cex=2, col="blue")
> legend("topleft", c("Sample", "Reference"), pch=c(19,1),
+         cex=c(1.5,1.5), bty="n", col=c("black","blue"))
 ----------- FAILURE REPORT -------------- 
 --- srcref --- 
 at ../../../../R/src/library/graphics/R/legend.R#101: 
 --- package (from environment) --- 
graphics
 --- call from context --- 
legend("topleft", c("Sample", "Reference"), pch = c(19, 1), cex = c(1.5, 
    1.5), bty = "n", col = c("black", "blue"))
 --- call from argument --- 
if (xc < 0) text.width <- -text.width
 --- R stacktrace ---
where 1: legend("topleft", c("Sample", "Reference"), pch = c(19, 1), cex = c(1.5, 
    1.5), bty = "n", col = c("black", "blue"))

 --- value of length: 2 type: logical ---
[1] FALSE FALSE
 --- function from context --- 
function(x, y = NULL, legend, fill = NULL, col = par("col"), border="black",
         lty, lwd, pch, angle = 45, density = NULL, bty = "o", bg = par("bg"),
         box.lwd = par("lwd"), box.lty = par("lty"), box.col = par("fg"),
	 pt.bg = NA, cex = 1, pt.cex = cex, pt.lwd = lwd,
	 xjust = 0, yjust = 1, x.intersp = 1, y.intersp = 1, adj = c(0, 0.5),
	 text.width = NULL, text.col = par("col"), text.font = NULL,
	 merge = do.lines && has.pch, trace = FALSE,
	 plot = TRUE, ncol = 1, horiz = FALSE, title = NULL,
	 inset = 0, xpd, title.col = text.col, title.adj = 0.5,
         seg.len = 2)
{
    ## the 2nd arg may really be `legend'
    if(missing(legend) && !missing(y) &&
       (is.character(y) || is.expression(y))) {
	legend <- y
	y <- NULL
    }
    mfill <- !missing(fill) || !missing(density)

    if(!missing(xpd)) {
        op <- par("xpd")
        on.exit(par(xpd=op))
        par(xpd=xpd)
    }
    title <- as.graphicsAnnot(title)
    if(length(title) > 1) stop("invalid 'title'")
    legend <- as.graphicsAnnot(legend)
    n.leg <- if(is.call(legend)) 1 else length(legend)
    if(n.leg == 0) stop("'legend' is of length 0")
    auto <-
	if (is.character(x))
	    match.arg(x, c("bottomright", "bottom", "bottomleft", "left",
			   "topleft", "top", "topright", "right", "center"))
	else NA

    if (is.na(auto)) {
	xy <- xy.coords(x, y, setLab = FALSE); x <- xy$x; y <- xy$y
	nx <- length(x)
	if (nx < 1 || nx > 2) stop("invalid coordinate lengths")
    } else nx <- 0

    xlog <- par("xlog")
    ylog <- par("ylog")

    rect2 <- function(left, top, dx, dy, density = NULL, angle, ...) {
	r <- left + dx; if(xlog) { left <- 10^left; r <- 10^r }
	b <- top  - dy; if(ylog) {  top <- 10^top;  b <- 10^b }
	rect(left, top, r, b, angle = angle, density = density, ...)
    }
    segments2 <- function(x1, y1, dx, dy, ...) {
	x2 <- x1 + dx; if(xlog) { x1 <- 10^x1; x2 <- 10^x2 }
	y2 <- y1 + dy; if(ylog) { y1 <- 10^y1; y2 <- 10^y2 }
	segments(x1, y1, x2, y2, ...)
    }
    points2 <- function(x, y, ...) {
	if(xlog) x <- 10^x
	if(ylog) y <- 10^y
	points(x, y, ...)
    }
    text2 <- function(x, y, ...) {
	##--- need to adjust  adj == c(xadj, yadj) ?? --
	if(xlog) x <- 10^x
	if(ylog) y <- 10^y
	text(x, y, ...)
    }
    if(trace)
	catn <- function(...)
	    do.call("cat", c(lapply(list(...),formatC), list("\n")))

    cin <- par("cin")
    Cex <- cex * par("cex")		# = the `effective' cex for text

    ## at this point we want positive width even for reversed x axis.
    if(is.null(text.width))
	text.width <- max(abs(strwidth(legend, units="user",
				       cex=cex, font = text.font)))
    else if(!is.numeric(text.width) || text.width < 0)
	stop("'text.width' must be numeric, >= 0")

    xc <- Cex * xinch(cin[1L], warn.log=FALSE) # [uses par("usr") and "pin"]
    yc <- Cex * yinch(cin[2L], warn.log=FALSE)
    if(xc < 0) text.width <- -text.width

    xchar  <- xc
    xextra <- 0
    yextra <- yc * (y.intersp - 1)
    ## watch out for reversed axis here: heights can be negative
    ymax   <- yc * max(1, strheight(legend, units="user", cex=cex)/yc)
    ychar <- yextra + ymax
    if(trace) catn("  xchar=", xchar, "; (yextra,ychar)=", c(yextra,ychar))

    if(mfill) {
	##= sizes of filled boxes.
	xbox <- xc * 0.8
	ybox <- yc * 0.5
	dx.fill <- xbox ## + x.intersp*xchar
    }
    do.lines <- (!missing(lty) && (is.character(lty) || any(lty > 0))
		 ) || !missing(lwd)

    ## legends per column:
    n.legpercol <-
	if(horiz) {
	    if(ncol != 1)
                warning(gettextf("horizontal specification overrides: Number of columns := %d",
                                 n.leg), domain = NA)
	    ncol <- n.leg
	    1
	} else ceiling(n.leg / ncol)

    has.pch <- !missing(pch) && length(pch) > 0 # -> default 'merge' is available
    if(do.lines) {
	x.off <- if(merge) -0.7 else 0
    } else if(merge)
	warning("'merge = TRUE' has no effect when no line segments are drawn")

    if(has.pch) {
	if(is.character(pch) && !is.na(pch[1L]) &&
           nchar(pch[1L], type = "c") > 1) {
	    if(length(pch) > 1)
		warning("not using pch[2..] since pch[1L] has multiple chars")
	    np <- nchar(pch[1L], type = "c")
	    pch <- substr(rep.int(pch[1L], np), 1L:np, 1L:np)
	}
        ## this coercion was documented but not done in R < 3.0.0
        if(!is.character(pch)) pch <- as.integer(pch)
    }

    if (is.na(auto)) {
	##- Adjust (x,y) :
	if (xlog) x <- log10(x)
	if (ylog) y <- log10(y)
    }
    if(nx == 2) {
	## (x,y) are specifiying OPPOSITE corners of the box
	x <- sort(x)
	y <- sort(y)
	left <- x[1L]
	top  <- y[2L]
	w <- diff(x)# width
	h <- diff(y)# height
	w0 <- w/ncol # column width

	x <- mean(x)
	y <- mean(y)
	if(missing(xjust)) xjust <- 0.5
	if(missing(yjust)) yjust <- 0.5

    }
    else {## nx == 1  or  auto
	## -- (w,h) := (width,height) of the box to draw -- computed in steps
	h <- (n.legpercol + !is.null(title)) * ychar + yc
	w0 <- text.width + (x.intersp + 1) * xchar
	if(mfill)	w0 <- w0 + dx.fill
	if(do.lines)	w0 <- w0 + (seg.len + x.off)*xchar
	w <- ncol*w0 + .5* xchar
	if (!is.null(title)
	    && (abs(tw <- strwidth(title, units="user", cex=cex) + 0.5*xchar)) > abs(w)) {
	    xextra <- (tw - w)/2
	    w <- tw
	}

	##-- (w,h) are now the final box width/height.

	if (is.na(auto)) {
	    left <- x - xjust * w
	    top	 <- y + (1 - yjust) * h
	} else {
	    usr <- par("usr")
	    inset <- rep_len(inset, 2)
	    insetx <- inset[1L]*(usr[2L] - usr[1L])
	    left <- switch(auto, "bottomright" =,
			   "topright" =, "right" = usr[2L] - w - insetx,
			   "bottomleft" =, "left" =, "topleft" = usr[1L] + insetx,
			   "bottom" =, "top" =, "center" = (usr[1L] + usr[2L] - w)/2)
	    insety <- inset[2L]*(usr[4L] - usr[3L])
	    top <- switch(auto, "bottomright" =,
			  "bottom" =, "bottomleft" = usr[3L] + h + insety,
			  "topleft" =, "top" =, "topright" = usr[4L] - insety,
			  "left" =, "right" =, "center" = (usr[3L] + usr[4L] + h)/2)
	}
    }

    if (plot && bty != "n") { ## The legend box :
	if(trace)
	    catn("  rect2(", left, ",", top,", w=", w, ", h=", h, ", ...)",
                 sep = "")
	rect2(left, top, dx = w, dy = h, col = bg, density = NULL,
              lwd = box.lwd, lty = box.lty, border = box.col)
    }

    ## (xt[],yt[]) := `current' vectors of (x/y) legend text
    xt <- left + xchar + xextra +
	(w0 * rep.int(0:(ncol-1), rep.int(n.legpercol,ncol)))[1L:n.leg]
    yt <- top -	0.5 * yextra - ymax -
	(rep.int(1L:n.legpercol,ncol)[1L:n.leg] - 1 + !is.null(title)) * ychar

    if (mfill) {		#- draw filled boxes -------------
	if(plot) {
	    if(!is.null(fill)) fill <- rep_len(fill, n.leg)
	    rect2(left = xt, top=yt+ybox/2, dx = xbox, dy = ybox,
		  col = fill,
		  density = density, angle = angle, border = border)
	}
	xt <- xt + dx.fill
    }
    if(plot && (has.pch || do.lines))
	col <- rep_len(col, n.leg)

    ## NULL is not documented but people use it.
    if(missing(lwd) || is.null(lwd))
	lwd <- par("lwd") # = default for pt.lwd
    if (do.lines) {			#- draw lines ---------------------
        ## NULL is not documented
	if(missing(lty) || is.null(lty)) lty <- 1
	lty <- rep_len(lty, n.leg)
	lwd <- rep_len(lwd, n.leg)
	ok.l <- !is.na(lty) & (is.character(lty) | lty > 0) & !is.na(lwd)
	if(trace)
	    catn("  segments2(",xt[ok.l] + x.off*xchar, ",", yt[ok.l],
		 ", dx=", seg.len*xchar, ", dy=0, ...)")
	if(plot)
	    segments2(xt[ok.l] + x.off*xchar, yt[ok.l],
                      dx = seg.len*xchar, dy = 0,
		      lty = lty[ok.l], lwd = lwd[ok.l], col = col[ok.l])
	# if (!merge)
	xt <- xt + (seg.len+x.off) * xchar
    }
    if (has.pch) {			#- draw points -------------------
	pch <- rep_len(pch, n.leg)
	pt.bg <- rep_len(pt.bg, n.leg)
	pt.cex <- rep_len(pt.cex, n.leg)
	pt.lwd <- rep_len(pt.lwd, n.leg)
        ok <- !is.na(pch)
        if (!is.character(pch)) {
            ## R 2.x.y omitted pch < 0
            ok <- ok & (pch >= 0 | pch <= -32)
        } else {
            ## like points
            ok <- ok & nzchar(pch)
        }
	x1 <- (if(merge && do.lines) xt-(seg.len/2)*xchar else xt)[ok]
	y1 <- yt[ok]
	if(trace)
	    catn("  points2(", x1,",", y1,", pch=", pch[ok],", ...)")
	if(plot)
	    points2(x1, y1, pch = pch[ok], col = col[ok],
		    cex = pt.cex[ok], bg = pt.bg[ok], lwd = pt.lwd[ok])
##D	if (!merge) xt <- xt + dx.pch
    }

    xt <- xt + x.intersp * xchar
    if(plot) {
	if (!is.null(title))
            text2(left + w*title.adj, top - ymax, labels = title,
                  adj = c(title.adj, 0), cex = cex, col = title.col)

	text2(xt, yt, labels = legend, adj = adj, cex = cex,
	      col = text.col, font = text.font)
    }
    invisible(list(rect = list(w = w, h = h, left = left, top = top),
		   text = list(x = xt, y = yt)))
}
<bytecode: 0x1482fc18>
<environment: namespace:graphics>
 --- function search by body ---
Function legend in namespace graphics has this body.
 ----------- END OF FAILURE REPORT -------------- 
Fatal error: the condition has length > 1
* checking for unstated dependencies in ‘tests’ ... OK
* checking tests ... OK
  Running ‘testthat.R’
* checking for unstated dependencies in vignettes ... OK
* checking package vignettes in ‘inst/doc’ ... OK
* checking running R code from vignettes ... NONE
* checking re-building of vignette outputs ... OK
* checking PDF version of manual ... OK
* DONE
Status: 1 ERROR, 1 NOTE
