Loading required package: doParallel
Loading required package: foreach
Loading required package: iterators
Loading required package: parallel
Loading required package: igraph

Attaching package: 'igraph'

The following objects are masked from 'package:stats':

    decompose, spectrum

The following object is masked from 'package:base':

    union

Warning in vattrs[[name]][index] <- value :
  number of items to replace is not a multiple of replacement length
Warning in vattrs[[name]][index] <- value :
  number of items to replace is not a multiple of replacement length
Warning in vattrs[[name]][index] <- value :
  number of items to replace is not a multiple of replacement length
Warning in vattrs[[name]][index] <- value :
  number of items to replace is not a multiple of replacement length
Warning in vattrs[[name]][index] <- value :
  number of items to replace is not a multiple of replacement length
Warning in vattrs[[name]][index] <- value :
  number of items to replace is not a multiple of replacement length
Warning in vattrs[[name]][index] <- value :
  number of items to replace is not a multiple of replacement length
Warning in vattrs[[name]][index] <- value :
  number of items to replace is not a multiple of replacement length
 ----------- FAILURE REPORT -------------- 
 --- srcref --- 
 at /var/scratch2/tomas/tmp/RtmpRnJDSZ/R.INSTALLe3bd3cb771ae/MEGENA/R/ClusteringPackage.R#348: 
 --- if/while statement is in package --- 
MEGENA
 --- call (currently evaluated) --- 
match.connected(output.el, ne)
 --- R stacktrace ---
where 1 at /var/scratch2/tomas/tmp/RtmpRnJDSZ/R.INSTALLe3bd3cb771ae/MEGENA/R/ClusteringPackage.R#390: match.connected(output.el, ne)
where 2: get.randomPlanar(n = igraph::vcount(subnetwork), n1 = NULL, ne = igraph::ecount(subnetwork), 
    verbose = FALSE)
where 3: eval(.doSnowGlobals$expr, envir = .doSnowGlobals$exportenv)
where 4: eval(.doSnowGlobals$expr, envir = .doSnowGlobals$exportenv)
where 5: doTryCatch(return(expr), name, parentenv, handler)
where 6: tryCatchOne(expr, names, parentenv, handlers[[1L]])
where 7: tryCatchList(expr, classes, parentenv, handlers)
where 8 at /var/scratch2/tomas/tmp/Rtmph3fewf/R.INSTALL4be312b082b/doParallel/R/doParallel.R#330: tryCatch(eval(.doSnowGlobals$expr, envir = .doSnowGlobals$exportenv), 
    error = function(e) e)
where 9: (function (args) 
{
    lapply(names(args), function(n) assign(n, args[[n]], pos = .doSnowGlobals$exportenv))
    tryCatch(eval(.doSnowGlobals$expr, envir = .doSnowGlobals$exportenv), 
        error = function(e) e)
})(quote(list(ind = 51:100)))
where 10: do.call(msg$data$fun, msg$data$args, quote = TRUE)
where 11: doTryCatch(return(expr), name, parentenv, handler)
where 12: tryCatchOne(expr, names, parentenv, handlers[[1L]])
where 13: tryCatchList(expr, classes, parentenv, handlers)
where 14: tryCatch(do.call(msg$data$fun, msg$data$args, quote = TRUE), 
    error = handler)
where 15: doTryCatch(return(expr), name, parentenv, handler)
where 16: tryCatchOne(expr, names, parentenv, handlers[[1L]])
where 17: tryCatchList(expr, classes, parentenv, handlers)
where 18: tryCatch({
    msg <- recvData(master)
    if (msg$type == "DONE") {
        closeNode(master)
        break
    }
    else if (msg$type == "EXEC") {
        success <- TRUE
        handler <- function(e) {
            success <<- FALSE
            structure(conditionMessage(e), class = c("snow-try-error", 
                "try-error"))
        }
        t1 <- proc.time()
        value <- tryCatch(do.call(msg$data$fun, msg$data$args, 
            quote = TRUE), error = handler)
        t2 <- proc.time()
        value <- list(type = "VALUE", value = value, success = success, 
            time = t2 - t1, tag = msg$data$tag)
        msg <- NULL
        sendData(master, value)
        value <- NULL
    }
}, interrupt = function(e) NULL)
where 19: slaveLoop(makeSOCKmaster(master, port, timeout, useXDR))
where 20: parallel:::.slaveRSOCK()

 --- value of length: 1788 type: logical ---
        [,1]  [,2]
  [1,] FALSE FALSE
  [2,] FALSE FALSE
  [3,] FALSE FALSE
  [4,] FALSE FALSE
  [5,] FALSE FALSE
  [6,] FALSE FALSE
  [7,] FALSE FALSE
  [8,] FALSE FALSE
  [9,] FALSE FALSE
 [10,] FALSE FALSE
 [11,] FALSE FALSE
 [12,] FALSE FALSE
 [13,] FALSE FALSE
 [14,] FALSE FALSE
 [15,] FALSE FALSE
 [16,] FALSE FALSE
 [17,] FALSE FALSE
 [18,] FALSE FALSE
 [19,] FALSE FALSE
 [20,] FALSE FALSE
 [21,] FALSE FALSE
 [22,] FALSE FALSE
 [23,] FALSE FALSE
 [24,] FALSE FALSE
 [25,] FALSE FALSE
 [26,] FALSE FALSE
 [27,] FALSE FALSE
 [28,] FALSE FALSE
 [29,] FALSE FALSE
 [30,] FALSE FALSE
 [31,] FALSE FALSE
 [32,] FALSE FALSE
 [33,] FALSE FALSE
 [34,] FALSE FALSE
 [35,] FALSE FALSE
 [36,] FALSE FALSE
 [37,] FALSE FALSE
 [38,] FALSE FALSE
 [39,] FALSE FALSE
 [40,] FALSE FALSE
 [41,] FALSE FALSE
 [42,] FALSE FALSE
 [43,] FALSE FALSE
 [44,] FALSE FALSE
 [45,] FALSE FALSE
 [46,] FALSE FALSE
 [47,] FALSE FALSE
 [48,] FALSE FALSE
 [49,] FALSE FALSE
 [50,] FALSE FALSE
 [51,] FALSE FALSE
 [52,] FALSE FALSE
 [53,] FALSE FALSE
 [54,] FALSE FALSE
 [55,] FALSE FALSE
 [56,] FALSE FALSE
 [57,] FALSE FALSE
 [58,] FALSE FALSE
 [59,] FALSE FALSE
 [60,] FALSE FALSE
 [61,] FALSE FALSE
 [62,] FALSE FALSE
 [63,] FALSE FALSE
 [64,] FALSE FALSE
 [65,] FALSE FALSE
 [66,] FALSE FALSE
 [67,] FALSE FALSE
 [68,] FALSE FALSE
 [69,] FALSE FALSE
 [70,] FALSE FALSE
 [71,] FALSE FALSE
 [72,] FALSE FALSE
 [73,] FALSE FALSE
 [74,] FALSE FALSE
 [75,] FALSE FALSE
 [76,] FALSE FALSE
 [77,] FALSE FALSE
 [78,] FALSE FALSE
 [79,] FALSE FALSE
 [80,] FALSE FALSE
 [81,] FALSE FALSE
 [82,] FALSE FALSE
 [83,] FALSE FALSE
 [84,] FALSE FALSE
 [85,] FALSE FALSE
 [86,] FALSE FALSE
 [87,] FALSE FALSE
 [88,] FALSE FALSE
 [89,] FALSE FALSE
 [90,] FALSE FALSE
 [91,] FALSE FALSE
 [92,] FALSE FALSE
 [93,] FALSE FALSE
 [94,] FALSE FALSE
 [95,] FALSE FALSE
 [96,] FALSE FALSE
 [97,] FALSE FALSE
 [98,] FALSE FALSE
 [99,] FALSE FALSE
[100,] FALSE FALSE
[101,] FALSE FALSE
[102,] FALSE FALSE
[103,] FALSE FALSE
[104,] FALSE FALSE
[105,] FALSE FALSE
[106,] FALSE FALSE
[107,] FALSE FALSE
[108,] FALSE FALSE
[109,] FALSE FALSE
[110,] FALSE FALSE
[111,] FALSE FALSE
[112,] FALSE FALSE
[113,] FALSE FALSE
[114,] FALSE FALSE
[115,] FALSE FALSE
[116,] FALSE FALSE
[117,] FALSE FALSE
[118,] FALSE FALSE
[119,] FALSE FALSE
[120,] FALSE FALSE
[121,] FALSE FALSE
[122,] FALSE FALSE
[123,] FALSE FALSE
[124,] FALSE FALSE
[125,] FALSE FALSE
[126,] FALSE FALSE
[127,] FALSE FALSE
[128,] FALSE FALSE
[129,] FALSE FALSE
[130,] FALSE FALSE
[131,] FALSE FALSE
[132,] FALSE FALSE
[133,] FALSE FALSE
[134,] FALSE FALSE
[135,] FALSE FALSE
[136,] FALSE FALSE
[137,] FALSE FALSE
[138,] FALSE FALSE
[139,] FALSE FALSE
[140,] FALSE FALSE
[141,] FALSE FALSE
[142,] FALSE FALSE
[143,] FALSE FALSE
[144,] FALSE FALSE
[145,] FALSE FALSE
[146,] FALSE FALSE
[147,] FALSE FALSE
[148,] FALSE FALSE
[149,] FALSE FALSE
[150,] FALSE FALSE
[151,] FALSE FALSE
[152,] FALSE FALSE
[153,] FALSE FALSE
[154,] FALSE FALSE
[155,] FALSE FALSE
[156,] FALSE FALSE
[157,] FALSE FALSE
[158,] FALSE FALSE
[159,] FALSE FALSE
[160,] FALSE FALSE
[161,] FALSE FALSE
[162,] FALSE FALSE
[163,] FALSE FALSE
[164,] FALSE FALSE
[165,] FALSE FALSE
[166,] FALSE FALSE
[167,] FALSE FALSE
[168,] FALSE FALSE
[169,] FALSE FALSE
[170,] FALSE FALSE
[171,] FALSE FALSE
[172,] FALSE FALSE
[173,] FALSE FALSE
[174,] FALSE FALSE
[175,] FALSE FALSE
[176,] FALSE FALSE
[177,] FALSE FALSE
[178,] FALSE FALSE
[179,] FALSE FALSE
[180,] FALSE FALSE
[181,] FALSE FALSE
[182,] FALSE FALSE
[183,] FALSE FALSE
[184,] FALSE FALSE
[185,] FALSE FALSE
[186,] FALSE FALSE
[187,] FALSE FALSE
[188,] FALSE FALSE
[189,] FALSE FALSE
[190,] FALSE FALSE
[191,] FALSE FALSE
[192,] FALSE FALSE
[193,] FALSE FALSE
[194,] FALSE FALSE
[195,] FALSE FALSE
[196,] FALSE FALSE
[197,] FALSE FALSE
[198,] FALSE FALSE
[199,] FALSE FALSE
[200,] FALSE FALSE
[201,] FALSE FALSE
[202,] FALSE FALSE
[203,] FALSE FALSE
[204,] FALSE FALSE
[205,] FALSE FALSE
[206,] FALSE FALSE
[207,] FALSE FALSE
[208,] FALSE FALSE
[209,] FALSE FALSE
[210,] FALSE FALSE
[211,] FALSE FALSE
[212,] FALSE FALSE
[213,] FALSE FALSE
[214,] FALSE FALSE
[215,] FALSE FALSE
[216,] FALSE FALSE
[217,] FALSE FALSE
[218,] FALSE FALSE
[219,] FALSE FALSE
[220,] FALSE FALSE
[221,] FALSE FALSE
[222,] FALSE FALSE
[223,] FALSE FALSE
[224,] FALSE FALSE
[225,] FALSE FALSE
[226,] FALSE FALSE
[227,] FALSE FALSE
[228,] FALSE FALSE
[229,] FALSE FALSE
[230,] FALSE FALSE
[231,] FALSE FALSE
[232,] FALSE FALSE
[233,] FALSE FALSE
[234,] FALSE FALSE
[235,] FALSE FALSE
[236,] FALSE FALSE
[237,] FALSE FALSE
[238,] FALSE FALSE
[239,] FALSE FALSE
[240,] FALSE FALSE
[241,] FALSE FALSE
[242,] FALSE FALSE
[243,] FALSE FALSE
[244,] FALSE FALSE
[245,] FALSE FALSE
[246,] FALSE FALSE
[247,] FALSE FALSE
[248,] FALSE FALSE
[249,] FALSE FALSE
[250,] FALSE FALSE
[251,] FALSE FALSE
[252,] FALSE FALSE
[253,] FALSE FALSE
[254,] FALSE FALSE
[255,] FALSE FALSE
[256,] FALSE FALSE
[257,] FALSE FALSE
[258,] FALSE FALSE
[259,] FALSE FALSE
[260,] FALSE FALSE
[261,] FALSE FALSE
[262,] FALSE FALSE
[263,] FALSE FALSE
[264,] FALSE FALSE
[265,] FALSE FALSE
[266,] FALSE FALSE
[267,] FALSE FALSE
[268,] FALSE FALSE
[269,] FALSE FALSE
[270,] FALSE FALSE
[271,] FALSE FALSE
[272,] FALSE FALSE
[273,] FALSE FALSE
[274,] FALSE FALSE
[275,] FALSE FALSE
[276,] FALSE FALSE
[277,] FALSE FALSE
[278,] FALSE FALSE
[279,] FALSE FALSE
[280,] FALSE FALSE
[281,] FALSE FALSE
[282,] FALSE FALSE
[283,] FALSE FALSE
[284,] FALSE FALSE
[285,] FALSE FALSE
[286,] FALSE FALSE
[287,] FALSE FALSE
[288,] FALSE FALSE
[289,] FALSE FALSE
[290,] FALSE FALSE
[291,] FALSE FALSE
[292,] FALSE FALSE
[293,] FALSE FALSE
[294,] FALSE FALSE
[295,] FALSE FALSE
[296,] FALSE FALSE
[297,] FALSE FALSE
[298,] FALSE FALSE
[299,] FALSE FALSE
[300,] FALSE FALSE
[301,] FALSE FALSE
[302,] FALSE FALSE
[303,] FALSE FALSE
[304,] FALSE FALSE
[305,] FALSE FALSE
[306,] FALSE FALSE
[307,] FALSE FALSE
[308,] FALSE FALSE
[309,] FALSE FALSE
[310,] FALSE FALSE
[311,] FALSE FALSE
[312,] FALSE FALSE
[313,] FALSE FALSE
[314,] FALSE FALSE
[315,] FALSE FALSE
[316,] FALSE FALSE
[317,] FALSE FALSE
[318,] FALSE FALSE
[319,] FALSE FALSE
[320,] FALSE FALSE
[321,] FALSE FALSE
[322,] FALSE FALSE
[323,] FALSE FALSE
[324,] FALSE FALSE
[325,] FALSE FALSE
[326,] FALSE FALSE
[327,] FALSE FALSE
[328,] FALSE FALSE
[329,] FALSE FALSE
[330,] FALSE FALSE
[331,] FALSE FALSE
[332,] FALSE FALSE
[333,] FALSE FALSE
[334,] FALSE FALSE
[335,] FALSE FALSE
[336,] FALSE FALSE
[337,] FALSE FALSE
[338,] FALSE FALSE
[339,] FALSE FALSE
[340,] FALSE FALSE
[341,] FALSE FALSE
[342,] FALSE FALSE
[343,] FALSE FALSE
[344,] FALSE FALSE
[345,] FALSE FALSE
[346,] FALSE FALSE
[347,] FALSE FALSE
[348,] FALSE FALSE
[349,] FALSE FALSE
[350,] FALSE FALSE
[351,] FALSE FALSE
[352,] FALSE FALSE
[353,] FALSE FALSE
[354,] FALSE FALSE
[355,] FALSE FALSE
[356,] FALSE FALSE
[357,] FALSE FALSE
[358,] FALSE FALSE
[359,] FALSE FALSE
[360,] FALSE FALSE
[361,] FALSE FALSE
[362,] FALSE FALSE
[363,] FALSE FALSE
[364,] FALSE FALSE
[365,] FALSE FALSE
[366,] FALSE FALSE
[367,] FALSE FALSE
[368,] FALSE FALSE
[369,] FALSE FALSE
[370,] FALSE FALSE
[371,] FALSE FALSE
[372,] FALSE FALSE
[373,] FALSE FALSE
[374,] FALSE FALSE
[375,] FALSE FALSE
[376,] FALSE FALSE
[377,] FALSE FALSE
[378,] FALSE FALSE
[379,] FALSE FALSE
[380,] FALSE FALSE
[381,] FALSE FALSE
[382,] FALSE FALSE
[383,] FALSE FALSE
[384,] FALSE FALSE
[385,] FALSE FALSE
[386,] FALSE FALSE
[387,] FALSE FALSE
[388,] FALSE FALSE
[389,] FALSE FALSE
[390,] FALSE FALSE
[391,] FALSE FALSE
[392,] FALSE FALSE
[393,] FALSE FALSE
[394,] FALSE FALSE
[395,] FALSE FALSE
[396,] FALSE FALSE
[397,] FALSE FALSE
[398,] FALSE FALSE
[399,] FALSE FALSE
[400,] FALSE FALSE
[401,] FALSE FALSE
[402,] FALSE FALSE
[403,] FALSE FALSE
[404,] FALSE FALSE
[405,] FALSE FALSE
[406,] FALSE FALSE
[407,] FALSE FALSE
[408,] FALSE FALSE
[409,] FALSE FALSE
[410,] FALSE FALSE
[411,] FALSE FALSE
[412,] FALSE FALSE
[413,] FALSE FALSE
[414,] FALSE FALSE
[415,] FALSE FALSE
[416,] FALSE FALSE
[417,] FALSE FALSE
[418,] FALSE FALSE
[419,] FALSE FALSE
[420,] FALSE FALSE
[421,] FALSE FALSE
[422,] FALSE FALSE
[423,] FALSE FALSE
[424,] FALSE FALSE
[425,] FALSE FALSE
[426,] FALSE FALSE
[427,] FALSE FALSE
[428,] FALSE FALSE
[429,] FALSE FALSE
[430,] FALSE FALSE
[431,] FALSE FALSE
[432,] FALSE FALSE
[433,] FALSE FALSE
[434,] FALSE FALSE
[435,] FALSE FALSE
[436,] FALSE FALSE
[437,] FALSE FALSE
[438,] FALSE FALSE
[439,] FALSE FALSE
[440,] FALSE FALSE
[441,] FALSE FALSE
[442,] FALSE FALSE
[443,] FALSE FALSE
[444,] FALSE FALSE
[445,] FALSE FALSE
[446,] FALSE FALSE
[447,] FALSE FALSE
[448,] FALSE FALSE
[449,] FALSE FALSE
[450,] FALSE FALSE
[451,] FALSE FALSE
[452,] FALSE FALSE
[453,] FALSE FALSE
[454,] FALSE FALSE
[455,] FALSE FALSE
[456,] FALSE FALSE
[457,] FALSE FALSE
[458,] FALSE FALSE
[459,] FALSE FALSE
[460,] FALSE FALSE
[461,] FALSE FALSE
[462,] FALSE FALSE
[463,] FALSE FALSE
[464,] FALSE FALSE
[465,] FALSE FALSE
[466,] FALSE FALSE
[467,] FALSE FALSE
[468,] FALSE FALSE
[469,] FALSE FALSE
[470,] FALSE FALSE
[471,] FALSE FALSE
[472,] FALSE FALSE
[473,] FALSE FALSE
[474,] FALSE FALSE
[475,] FALSE FALSE
[476,] FALSE FALSE
[477,] FALSE FALSE
[478,] FALSE FALSE
[479,] FALSE FALSE
[480,] FALSE FALSE
[481,] FALSE FALSE
[482,] FALSE FALSE
[483,] FALSE FALSE
[484,] FALSE FALSE
[485,] FALSE FALSE
[486,] FALSE FALSE
[487,] FALSE FALSE
[488,] FALSE FALSE
[489,] FALSE FALSE
[490,] FALSE FALSE
[491,] FALSE FALSE
[492,] FALSE FALSE
[493,] FALSE FALSE
[494,] FALSE FALSE
[495,] FALSE FALSE
[496,] FALSE FALSE
[497,] FALSE FALSE
[498,] FALSE FALSE
[499,] FALSE FALSE
[500,] FALSE FALSE
[501,] FALSE FALSE
[502,] FALSE FALSE
[503,] FALSE FALSE
[504,] FALSE FALSE
[505,] FALSE FALSE
[506,] FALSE FALSE
[507,] FALSE FALSE
[508,] FALSE FALSE
[509,] FALSE FALSE
[510,] FALSE FALSE
[511,] FALSE FALSE
[512,] FALSE FALSE
[513,] FALSE FALSE
[514,] FALSE FALSE
[515,] FALSE FALSE
[516,] FALSE FALSE
[517,] FALSE FALSE
[518,] FALSE FALSE
[519,] FALSE FALSE
[520,] FALSE FALSE
[521,] FALSE FALSE
[522,] FALSE FALSE
[523,] FALSE FALSE
[524,] FALSE FALSE
[525,] FALSE FALSE
[526,] FALSE FALSE
[527,] FALSE FALSE
[528,] FALSE FALSE
[529,] FALSE FALSE
[530,] FALSE FALSE
[531,] FALSE FALSE
[532,] FALSE FALSE
[533,] FALSE FALSE
[534,] FALSE FALSE
[535,] FALSE FALSE
[536,] FALSE FALSE
[537,] FALSE FALSE
[538,] FALSE FALSE
[539,] FALSE FALSE
[540,] FALSE FALSE
[541,] FALSE FALSE
[542,] FALSE FALSE
[543,] FALSE FALSE
[544,] FALSE FALSE
[545,] FALSE FALSE
[546,] FALSE FALSE
[547,] FALSE FALSE
[548,] FALSE FALSE
[549,] FALSE FALSE
[550,] FALSE FALSE
[551,] FALSE FALSE
[552,] FALSE FALSE
[553,] FALSE FALSE
[554,] FALSE FALSE
[555,] FALSE FALSE
[556,] FALSE FALSE
[557,] FALSE FALSE
[558,] FALSE FALSE
[559,] FALSE FALSE
[560,] FALSE FALSE
[561,] FALSE FALSE
[562,] FALSE FALSE
[563,] FALSE FALSE
[564,] FALSE FALSE
[565,] FALSE FALSE
[566,] FALSE FALSE
[567,] FALSE FALSE
[568,] FALSE FALSE
[569,] FALSE FALSE
[570,] FALSE FALSE
[571,] FALSE FALSE
[572,] FALSE FALSE
[573,] FALSE FALSE
[574,] FALSE FALSE
[575,] FALSE FALSE
[576,] FALSE FALSE
[577,] FALSE FALSE
[578,] FALSE FALSE
[579,] FALSE FALSE
[580,] FALSE FALSE
[581,] FALSE FALSE
[582,] FALSE FALSE
[583,] FALSE FALSE
[584,] FALSE FALSE
[585,] FALSE FALSE
[586,] FALSE FALSE
[587,] FALSE FALSE
[588,] FALSE FALSE
[589,] FALSE FALSE
[590,] FALSE FALSE
[591,] FALSE FALSE
[592,] FALSE FALSE
[593,] FALSE FALSE
[594,] FALSE FALSE
[595,] FALSE FALSE
[596,] FALSE FALSE
[597,] FALSE FALSE
[598,] FALSE FALSE
[599,] FALSE FALSE
[600,] FALSE FALSE
[601,] FALSE FALSE
[602,] FALSE FALSE
[603,] FALSE FALSE
[604,] FALSE FALSE
[605,] FALSE FALSE
[606,] FALSE FALSE
[607,] FALSE FALSE
[608,] FALSE FALSE
[609,] FALSE FALSE
[610,] FALSE FALSE
[611,] FALSE FALSE
[612,] FALSE FALSE
[613,] FALSE FALSE
[614,] FALSE FALSE
[615,] FALSE FALSE
[616,] FALSE FALSE
[617,] FALSE FALSE
[618,] FALSE FALSE
[619,] FALSE FALSE
[620,] FALSE FALSE
[621,] FALSE FALSE
[622,] FALSE FALSE
[623,] FALSE FALSE
[624,] FALSE FALSE
[625,] FALSE FALSE
[626,] FALSE FALSE
[627,] FALSE FALSE
[628,] FALSE FALSE
[629,] FALSE FALSE
[630,] FALSE FALSE
[631,] FALSE FALSE
[632,] FALSE FALSE
[633,] FALSE FALSE
[634,] FALSE FALSE
[635,] FALSE FALSE
[636,] FALSE FALSE
[637,] FALSE FALSE
[638,] FALSE FALSE
[639,] FALSE FALSE
[640,] FALSE FALSE
[641,] FALSE FALSE
[642,] FALSE FALSE
[643,] FALSE FALSE
[644,] FALSE FALSE
[645,] FALSE FALSE
[646,] FALSE FALSE
[647,] FALSE FALSE
[648,] FALSE FALSE
[649,] FALSE FALSE
[650,] FALSE FALSE
[651,] FALSE FALSE
[652,] FALSE FALSE
[653,] FALSE FALSE
[654,] FALSE FALSE
[655,] FALSE FALSE
[656,] FALSE FALSE
[657,] FALSE FALSE
[658,] FALSE FALSE
[659,] FALSE FALSE
[660,] FALSE FALSE
[661,] FALSE FALSE
[662,] FALSE FALSE
[663,] FALSE FALSE
[664,] FALSE FALSE
[665,] FALSE FALSE
[666,] FALSE FALSE
[667,] FALSE FALSE
[668,] FALSE FALSE
[669,] FALSE FALSE
[670,] FALSE FALSE
[671,] FALSE FALSE
[672,] FALSE FALSE
[673,] FALSE FALSE
[674,] FALSE FALSE
[675,] FALSE FALSE
[676,] FALSE FALSE
[677,] FALSE FALSE
[678,] FALSE FALSE
[679,] FALSE FALSE
[680,] FALSE FALSE
[681,] FALSE FALSE
[682,] FALSE FALSE
[683,] FALSE FALSE
[684,] FALSE FALSE
[685,] FALSE FALSE
[686,] FALSE FALSE
[687,] FALSE FALSE
[688,] FALSE FALSE
[689,] FALSE FALSE
[690,] FALSE FALSE
[691,] FALSE FALSE
[692,] FALSE FALSE
[693,] FALSE FALSE
[694,] FALSE FALSE
[695,] FALSE FALSE
[696,] FALSE FALSE
[697,] FALSE FALSE
[698,] FALSE FALSE
[699,] FALSE FALSE
[700,] FALSE FALSE
[701,] FALSE FALSE
[702,] FALSE FALSE
[703,] FALSE FALSE
[704,] FALSE FALSE
[705,] FALSE FALSE
[706,] FALSE FALSE
[707,] FALSE FALSE
[708,] FALSE FALSE
[709,] FALSE FALSE
[710,] FALSE FALSE
[711,] FALSE FALSE
[712,] FALSE FALSE
[713,] FALSE FALSE
[714,] FALSE FALSE
[715,] FALSE FALSE
[716,] FALSE FALSE
[717,] FALSE FALSE
[718,] FALSE FALSE
[719,] FALSE FALSE
[720,] FALSE FALSE
[721,] FALSE FALSE
[722,] FALSE FALSE
[723,] FALSE FALSE
[724,] FALSE FALSE
[725,] FALSE FALSE
[726,] FALSE FALSE
[727,] FALSE FALSE
[728,] FALSE FALSE
[729,] FALSE FALSE
[730,] FALSE FALSE
[731,] FALSE FALSE
[732,] FALSE FALSE
[733,] FALSE FALSE
[734,] FALSE FALSE
[735,] FALSE FALSE
[736,] FALSE FALSE
[737,] FALSE FALSE
[738,] FALSE FALSE
[739,] FALSE FALSE
[740,] FALSE FALSE
[741,] FALSE FALSE
[742,] FALSE FALSE
[743,] FALSE FALSE
[744,] FALSE FALSE
[745,] FALSE FALSE
[746,] FALSE FALSE
[747,] FALSE FALSE
[748,] FALSE FALSE
[749,] FALSE FALSE
[750,] FALSE FALSE
[751,] FALSE FALSE
[752,] FALSE FALSE
[753,] FALSE FALSE
[754,] FALSE FALSE
[755,] FALSE FALSE
[756,] FALSE FALSE
[757,] FALSE FALSE
[758,] FALSE FALSE
[759,] FALSE FALSE
[760,] FALSE FALSE
[761,] FALSE FALSE
[762,] FALSE FALSE
[763,] FALSE FALSE
[764,] FALSE FALSE
[765,] FALSE FALSE
[766,] FALSE FALSE
[767,] FALSE FALSE
[768,] FALSE FALSE
[769,] FALSE FALSE
[770,] FALSE FALSE
[771,] FALSE FALSE
[772,] FALSE FALSE
[773,] FALSE FALSE
[774,] FALSE FALSE
[775,] FALSE FALSE
[776,] FALSE FALSE
[777,] FALSE FALSE
[778,] FALSE FALSE
[779,] FALSE FALSE
[780,] FALSE FALSE
[781,] FALSE FALSE
[782,] FALSE FALSE
[783,] FALSE FALSE
[784,] FALSE FALSE
[785,] FALSE FALSE
[786,] FALSE FALSE
[787,] FALSE FALSE
[788,] FALSE FALSE
[789,] FALSE FALSE
[790,] FALSE FALSE
[791,] FALSE FALSE
[792,] FALSE FALSE
[793,] FALSE FALSE
[794,] FALSE FALSE
[795,] FALSE FALSE
[796,] FALSE FALSE
[797,] FALSE FALSE
[798,] FALSE FALSE
[799,] FALSE FALSE
[800,] FALSE FALSE
[801,] FALSE FALSE
[802,] FALSE FALSE
[803,] FALSE FALSE
[804,] FALSE FALSE
[805,] FALSE FALSE
[806,] FALSE FALSE
[807,] FALSE FALSE
[808,] FALSE FALSE
[809,] FALSE FALSE
[810,] FALSE FALSE
[811,] FALSE FALSE
[812,] FALSE FALSE
[813,] FALSE FALSE
[814,] FALSE FALSE
[815,] FALSE FALSE
[816,] FALSE FALSE
[817,] FALSE FALSE
[818,] FALSE FALSE
[819,] FALSE FALSE
[820,] FALSE FALSE
[821,] FALSE FALSE
[822,] FALSE FALSE
[823,] FALSE FALSE
[824,] FALSE FALSE
[825,] FALSE FALSE
[826,] FALSE FALSE
[827,] FALSE FALSE
[828,] FALSE FALSE
[829,] FALSE FALSE
[830,] FALSE FALSE
[831,] FALSE FALSE
[832,] FALSE FALSE
[833,] FALSE FALSE
[834,] FALSE FALSE
[835,] FALSE FALSE
[836,] FALSE FALSE
[837,] FALSE FALSE
[838,] FALSE FALSE
[839,] FALSE FALSE
[840,] FALSE FALSE
[841,] FALSE FALSE
[842,] FALSE FALSE
[843,] FALSE FALSE
[844,] FALSE FALSE
[845,] FALSE FALSE
[846,] FALSE FALSE
[847,] FALSE FALSE
[848,] FALSE FALSE
[849,] FALSE FALSE
[850,] FALSE FALSE
[851,] FALSE FALSE
[852,] FALSE FALSE
[853,] FALSE FALSE
[854,] FALSE FALSE
[855,] FALSE FALSE
[856,] FALSE FALSE
[857,] FALSE FALSE
[858,] FALSE FALSE
[859,] FALSE FALSE
[860,] ----------- FAILURE REPORT -------------- 
 FALSE --- srcref --- 
 FALSE
[861,] FALSE FALSE
[862,] FALSE FALSE
[863,] FALSE FALSE
[864,] FALSE FALSE
[865,] FALSE FALSE
[866,] FALSE FALSE
[867,] FALSE FALSE
[868,] FALSE FALSE
[869,] FALSE FALSE
[870,] FALSE FALSE at /var/scratch2/tomas/tmp/RtmpRnJDSZ/R.INSTALLe3bd3cb771ae/MEGENA/R/ClusteringPackage.R#348: 
[871,]
 FALSE --- if/while statement is in package --- 
 FALSEMEGENA

[872,] --- call (currently evaluated) --- 
 FALSE FALSE
[873,] FALSE FALSE
[874,] FALSE FALSE
[875,] FALSE FALSE
[876,] FALSE FALSEmatch.connected(output.el, ne)

[877,] --- R stacktrace ---
 FALSEwhere 1 FALSE
[878,] at /var/scratch2/tomas/tmp/RtmpRnJDSZ/R.INSTALLe3bd3cb771ae/MEGENA/R/ClusteringPackage.R#390:  FALSE FALSE
[879,] FALSE FALSE
[880,]match.connected(output.el, ne)
 FALSEwhere 2 FALSE: 
[881,] FALSE FALSE
[882,] FALSE FALSE
[883,] FALSE FALSE
[884,] FALSE FALSE
[885,] FALSE FALSE
[886,] FALSE FALSE
[887,]get.randomPlanar(n = igraph::vcount(subnetwork), n1 = NULL, ne = igraph::ecount(subnetwork), 
 FALSE    verbose = FALSE)
 FALSEwhere 3
[888,]:  FALSE FALSE
[889,] FALSE FALSE
[890,] FALSE FALSE
[891,] FALSE FALSE
[892,]eval(.doSnowGlobals$expr, envir = .doSnowGlobals$exportenv)
 FALSEwhere 4 FALSE: 
[893,] FALSE FALSE
[894,] FALSE FALSE
eval(.doSnowGlobals$expr, envir = .doSnowGlobals$exportenv)
 --- function (currently evaluated)--- 
where 5: doTryCatch(return(expr), name, parentenv, handler)
where 6: tryCatchOne(expr, names, parentenv, handlers[[1L]])
where 7: tryCatchList(expr, classes, parentenv, handlers)
where 8 at /var/scratch2/tomas/tmp/Rtmph3fewf/R.INSTALL4be312b082b/doParallel/R/doParallel.R#330: tryCatch(eval(.doSnowGlobals$expr, envir = .doSnowGlobals$exportenv), 
    error = function(e) e)
where 9: (function (args) 
{
    lapply(names(args), function(n) assign(n, args[[n]], pos = .doSnowGlobals$exportenv))
    tryCatch(eval(.doSnowGlobals$expr, envir = .doSnowGlobals$exportenv), 
        error = function(e) e)
})(quote(list(ind = 1:50)))
where 10: do.call(msg$data$fun, msg$data$args, quote = TRUE)
where 11: doTryCatch(return(expr), name, parentenv, handler)
where 12: tryCatchOne(expr, names, parentenv, handlers[[1L]])
where 13: tryCatchList(expr, classes, parentenv, handlers)
where 14: tryCatch(do.call(msg$data$fun, msg$data$args, quote = TRUE), 
    error = handler)
where 15: doTryCatch(return(expr), name, parentenv, handler)
where 16: tryCatchOne(expr, names, parentenv, handlers[[1L]])
where 17: tryCatchList(expr, classes, parentenv, handlers)
where 18: tryCatch({
    msg <- recvData(master)
    if (msg$type == "DONE") {
        closeNode(master)
        break
    }
    else if (msg$type == "EXEC") {
        success <- TRUE
        handler <- function(e) {
            success <<- FALSE
            structure(conditionMessage(e), class = c("snow-try-error", 
                "try-error"))
        }
        t1 <- proc.time()
        value <- tryCatch(do.call(msg$data$fun, msg$data$args, 
            quote = TRUE), error = handler)
        t2 <- proc.time()
        value <- list(type = "VALUE", value = value, success = success, 
            time = t2 - t1, tag = msg$data$tag)
        msg <- NULL
        sendData(master, value)
        value <- NULL
    }
}, interrupt = function(e) NULL)
where 19: slaveLoop(makeSOCKmaster(master, port, timeout, useXDR))
where 20: parallel:::.slaveRSOCK()

 --- value of length: 1788 type: logical ---
        [,1]  [,2]
  [1,] FALSE FALSE
  [2,] FALSE FALSE
  [3,] FALSE FALSE
  [4,] FALSE FALSE
  [5,] FALSE FALSE
  [6,] FALSE FALSE
  [7,] FALSE FALSE
  [8,] FALSE FALSE
  [9,] FALSE FALSE
 [10,] FALSE FALSE
 [11,] FALSE FALSE
 [12,] FALSE FALSE
 [13,] FALSE FALSE
 [14,] FALSE FALSE
 [15,] FALSE FALSE
 [16,] FALSE FALSE
 [17,] FALSE FALSE
 [18,] FALSE FALSE
 [19,] FALSE FALSE
 [20,] FALSE FALSE
 [21,] FALSE FALSE
 [22,] FALSE FALSE
 [23,] FALSE FALSE
 [24,] FALSE FALSE
 [25,] FALSE FALSE
 [26,] FALSE FALSE
 [27,] FALSE FALSE
 [28,] FALSE FALSE
 [29,] FALSE FALSE
 [30,] FALSE FALSE
 [31,] FALSE FALSE
 [32,] FALSE FALSE
 [33,] FALSE FALSE
 [34,] FALSE FALSE
 [35,] FALSE FALSE
 [36,] FALSE FALSE
 [37,] FALSE FALSE
 [38,] FALSE FALSE
 [39,] FALSE FALSE
 [40,] FALSE FALSE
 [41,] FALSE FALSE
 [42,] FALSE FALSE
 [43,] FALSE FALSE
 [44,] FALSE FALSE
 [45,] FALSE FALSE
 [46,] FALSE FALSE
 [47,] FALSE FALSE
 [48,] FALSE FALSE
 [49,] FALSE FALSE
 [50,] FALSE FALSE
 [51,] FALSE FALSE
 [52,] FALSE FALSE
 [53,] FALSE FALSE
 [54,] FALSE FALSE
 [55,] FALSE FALSE
 [56,] FALSE FALSE
 [57,] FALSE FALSE
 [58,] FALSE FALSE
 [59,] FALSE FALSE
 [60,] FALSE FALSE
 [61,] FALSE FALSE
 [62,] FALSE FALSE
 [63,] FALSE FALSE
 [64,] FALSE FALSE
 [65,] FALSE FALSE
 [66,] FALSE FALSE
 [67,] FALSE FALSE
 [68,] FALSE FALSE
 [69,] FALSE FALSE
 [70,] FALSE FALSE
 [71,] FALSE FALSE
 [72,] FALSE FALSE
 [73,] FALSE FALSE
 [74,] FALSE FALSE
 [75,] FALSE FALSE
 [76,] FALSE FALSE
 [77,] FALSE FALSE
 [78,] FALSE FALSE
 [79,] FALSE FALSE
 [80,] FALSE FALSE
 [81,] FALSE FALSE
 [82,] FALSE FALSE
 [83,] FALSE FALSE
 [84,] FALSE FALSE
 [85,] FALSE FALSE
 [86,] FALSE FALSE
 [87,] FALSE FALSE
 [88,] FALSE FALSE
 [89,] FALSE FALSE
 [90,] FALSE FALSE
 [91,] FALSE FALSE
 [92,] FALSE FALSE
 [93,] FALSE FALSE
 [94,] FALSE FALSE
 [95,] FALSE FALSE
 [96,] FALSE FALSE
 [97,] FALSE FALSE
 [98,] FALSE FALSE
 [99,] FALSE FALSE
[100,] FALSE FALSE
[101,] FALSE FALSE
[102,] FALSE FALSE
[103,] FALSE FALSE
[104,] FALSE FALSE
[105,] FALSE FALSE
[106,] FALSE FALSE
[107,] FALSE FALSE
[108,] FALSE FALSE
[109,] FALSE FALSE
[110,] FALSE FALSE
[111,] FALSE FALSE
[112,] FALSE FALSE
[113,] FALSE FALSE
[114,] FALSE FALSE
[115,] FALSE FALSE
[116,] FALSE FALSE
[117,] FALSE FALSE
[118,] FALSE FALSE
[119,] FALSE FALSE
[120,] FALSE FALSE
[121,] FALSE FALSE
[122,] FALSE FALSE
[123,] FALSE FALSE
[124,] FALSE FALSE
[125,] FALSE FALSE
[126,] FALSE FALSE
[127,] FALSE FALSE
[128,] FALSE FALSE
[129,] FALSE FALSE
[130,] FALSE FALSE
[131,] FALSE FALSE
[132,] FALSE FALSE
[133,] FALSE FALSE
[134,] FALSE FALSE
[135,] FALSE FALSE
[136,] FALSE FALSE
[137,] FALSE FALSE
[138,] FALSE FALSE
[139,] FALSE FALSE
[140,] FALSE FALSE
[141,] FALSE FALSE
[142,] FALSE FALSE
[143,] FALSE FALSE
[144,] FALSE FALSE
[145,] FALSE FALSE
[146,] FALSE FALSE
[147,] FALSE FALSE
[148,] FALSE FALSE
[149,] FALSE FALSE
[150,] FALSE FALSE
[151,] FALSE FALSE
[152,] FALSE FALSE
[153,] FALSE FALSE
[154,] FALSE FALSE
[155,] FALSE FALSE
[156,] FALSE FALSE
[157,] FALSE FALSE
[158,] FALSE FALSE
[159,] FALSE FALSE
[160,] FALSE FALSE
[161,] FALSE FALSE
[162,] FALSE FALSE
[163,] FALSE FALSE
[164,] FALSE FALSE
[165,] FALSE FALSE
[166,] FALSE FALSE
[167,] FALSE FALSE
[168,] FALSE FALSE
[169,] FALSE FALSE
[170,] FALSE FALSE
[171,] FALSE FALSE
[172,] FALSE FALSE
[173,] FALSE FALSE
[174,] FALSE FALSE
[175,] FALSE FALSE
[176,] FALSE FALSE
[177,] FALSE FALSE
[178,] FALSE FALSE
[179,] FALSE FALSE
[180,] FALSE FALSE
[181,] FALSE FALSE
[182,] FALSE FALSE
[183,] FALSE FALSE
[184,] FALSE FALSE
[185,] FALSE FALSE
[186,] FALSE FALSE
[187,] FALSE FALSE
[188,] FALSE FALSE
[189,] FALSE FALSE
[190,] FALSE FALSE
[191,] FALSE FALSE
[192,] FALSE FALSE
[193,] FALSE FALSE
[194,] FALSE FALSE
[195,] FALSE FALSE
[196,] FALSE FALSE
[197,] FALSE FALSE
[198,] FALSE FALSE
[199,] FALSE FALSE
[200,] FALSE FALSE
[201,] FALSE FALSE
[202,] FALSE FALSE
[203,] FALSE FALSE
[204,] FALSE FALSE
[205,] FALSE FALSE
[206,] FALSE FALSE
[207,] FALSE FALSE
[208,] FALSE FALSE
[209,] FALSE FALSE
[210,] FALSE FALSE
[211,] FALSE FALSE
[212,] FALSE FALSE
[213,] FALSE FALSE
[214,] FALSE FALSE
[215,] FALSE FALSE
[216,] FALSE FALSE
[217,] FALSE FALSE
[218,] FALSE FALSE
[219,] FALSE FALSE
[220,] FALSE FALSE
[221,] FALSE FALSE
[222,] FALSE FALSE
[223,] FALSE FALSE
[224,] FALSE FALSE
[225,] FALSE FALSE
[226,] FALSE FALSE
[227,] FALSE FALSE
[228,] FALSE FALSE
[229,] FALSE FALSE
[230,] FALSE FALSE
[231,] FALSE FALSE
[232,] FALSE FALSE
[233,] FALSE FALSE
[234,] FALSE FALSE
[235,] FALSE FALSE
[236,] FALSE FALSE
[237,] FALSE FALSE
[238,] FALSE FALSE
[239,] FALSE FALSE
[240,] FALSE FALSE
[241,] FALSE FALSE
[242,] FALSE FALSE
[243,] FALSE FALSE
[244,] FALSE FALSE
[245,] FALSE FALSE
[246,] FALSE FALSE
[247,] FALSE FALSE
[248,] FALSE FALSE
[249,] FALSE FALSE
[250,] FALSE FALSE
[251,] FALSE FALSE
[252,] FALSE FALSE
[253,] FALSE FALSE
[254,] FALSE FALSE
[255,] FALSE FALSE
[256,] FALSE FALSE
[257,] FALSE FALSE
[258,] FALSE FALSE
[259,] FALSE FALSE
[260,] FALSE FALSE
[261,] FALSE FALSE
[262,] FALSE FALSE
[263,] FALSE FALSE
[264,] FALSE FALSE
[265,] FALSE FALSE
[266,] FALSE FALSE
[267,] FALSE FALSE
[268,] FALSE FALSE
[269,] FALSE FALSE
[270,] FALSE FALSE
[271,] FALSE FALSE
[272,] FALSE FALSE
[273,] FALSE FALSE
[274,] FALSE FALSE
[275,] FALSE FALSE
[276,] FALSE FALSE
[277,] FALSE FALSE
[278,] FALSE FALSE
[279,] FALSE FALSE
[280,] FALSE FALSE
[281,] FALSE FALSE
[282,] FALSE FALSE
[283,] FALSE FALSE
[284,] FALSE FALSE
[285,] FALSE FALSE
[286,] FALSE FALSE
[287,] FALSE FALSE
[288,] FALSE FALSE
[289,] FALSE FALSE
[290,] FALSE FALSE
[291,] FALSE FALSE
[292,] FALSE FALSE
[293,] FALSE FALSE
[294,] FALSE FALSE
[295,] FALSE FALSE
[296,] FALSE FALSE
[297,] FALSE FALSE
[298,] FALSE FALSE
[299,] FALSE FALSE
[300,] FALSE FALSE
[301,] FALSE FALSE
[302,] FALSE FALSE
[303,] FALSE FALSE
[304,] FALSE FALSE
[305,] FALSE FALSE
[306,] FALSE FALSE
[307,] FALSE FALSE
[308,] FALSE FALSE
[309,] FALSE FALSE
[310,] FALSE FALSE
[311,] FALSE FALSE
[312,] FALSE FALSE
[313,] FALSE FALSE
[314,] FALSE FALSE
[315,] FALSE FALSE
[316,] FALSE FALSE
[317,] FALSE FALSE
[318,] FALSE FALSE
[319,] FALSE FALSE
[320,] FALSE FALSE
[321,] FALSE FALSE
[322,] FALSE FALSE
[323,] FALSE FALSE
[324,] FALSE FALSE
[325,] FALSE FALSE
[326,] FALSE FALSE
[327,] FALSE FALSE
[328,] FALSE FALSE
[329,] FALSE FALSE
[330,] FALSE FALSE
[331,] FALSE FALSE
[332,] FALSE FALSE
[333,] FALSE FALSE
[334,] FALSE FALSE
[335,] FALSE FALSE
[336,] FALSE FALSE
[337,] FALSE FALSE
[338,] FALSE FALSE
[339,] FALSE FALSE
[340,] FALSE FALSE
[341,] FALSE FALSE
[342,] FALSE FALSE
[343,] FALSE FALSE
[344,] FALSE FALSE
[345,] FALSE FALSE
[346,] FALSE FALSE
[347,] FALSE FALSE
[348,] FALSE FALSE
[349,] FALSE FALSE
[350,] FALSE FALSE
[351,] FALSE FALSE
[352,] FALSE FALSE
[353,] FALSE FALSE
[354,] FALSE FALSE
[355,] FALSE FALSE
[356,] FALSE FALSE
[357,] FALSE FALSE
[358,] FALSE FALSE
[359,] FALSE FALSE
[360,] FALSE FALSE
[361,] FALSE FALSE
[362,] FALSE FALSE
[363,] FALSE FALSE
[364,] FALSE FALSE
[365,] FALSE FALSE
[366,] FALSE FALSE
[367,] FALSE FALSE
[368,] FALSE FALSE
[369,] FALSE FALSE
[370,] FALSE FALSE
[371,] FALSE FALSE
[372,] FALSE FALSE
[373,] FALSE FALSE
[374,] FALSE FALSE
[375,] FALSE FALSE
[376,] FALSE FALSE
[377,] FALSE FALSE
[378,] FALSE FALSE
[379,] FALSE FALSE
[380,] FALSE FALSE
[381,] FALSE FALSE
[382,] FALSE FALSE
[383,] FALSE FALSE
[384,] FALSE FALSE
[385,] FALSE FALSE
[386,] FALSE FALSE
[387,] FALSE FALSE
[388,] FALSE FALSE
[389,] FALSE FALSE
[390,] FALSE FALSE
[391,] FALSE FALSE
[392,] FALSE FALSE
[393,] FALSE FALSE
[394,] FALSE FALSE
[395,] FALSE FALSE
[396,] FALSE FALSE
[397,] FALSE FALSE
[398,] FALSE FALSE
[399,] FALSE FALSE
[400,] FALSE FALSE
[401,] FALSE FALSE
[402,] FALSE FALSE
[403,] FALSE FALSE
[404,] FALSE FALSE
[405,] FALSE FALSE
[406,] FALSE FALSE
[407,] FALSE FALSE
[408,] FALSE FALSE
[409,] FALSE FALSE
[410,] FALSE FALSE
[411,] FALSE FALSE
[412,] FALSE FALSE
[413,] FALSE FALSE
[414,] FALSE FALSE
[415,] FALSE FALSE
[416,] FALSE FALSE
[417,] FALSE FALSE
[418,] FALSE FALSE
[419,] FALSE FALSE
[420,] FALSE FALSE
[421,] FALSE FALSE
[422,] FALSE FALSE
[423,] FALSE FALSE
[424,] FALSE FALSE
[425,] FALSE FALSE
[426,] FALSE FALSE
[427,] FALSE FALSE
[428,] FALSE FALSE
[429,] FALSE FALSE
[430,] FALSE FALSE
[431,] FALSE FALSE
[432,] FALSE FALSE
[433,] FALSE FALSE
[434,] FALSE FALSE
[435,] FALSE FALSE
[436,] FALSE FALSE
[437,] FALSE FALSE
[438,] FALSE FALSE
[439,] FALSE FALSE
[440,] FALSE FALSE
[441,] FALSE FALSE
[442,] FALSE FALSE
[443,] FALSE FALSE
[444,] FALSE FALSE
[445,] FALSE FALSE
[446,] FALSE FALSE
[447,] FALSE FALSE
[448,] FALSE FALSE
[449,] FALSE FALSE
[450,] FALSE FALSE
[451,] FALSE FALSE
[452,] FALSE FALSE
[453,] FALSE FALSE
[454,] FALSE FALSE
[455,] FALSE FALSE
[456,] FALSE FALSE
[457,] FALSE FALSE
[458,] FALSE FALSE
[459,] FALSE FALSE
[460,] FALSE FALSE
[461,] FALSE FALSE
[462,] FALSE FALSE
[463,] FALSE FALSE
[464,] FALSE FALSE
[465,] FALSE FALSE
[466,] FALSE FALSE
[467,] FALSE FALSE
[468,] FALSE FALSE
[469,] FALSE FALSE
[470,] FALSE FALSE
[471,] FALSE FALSE
[472,] FALSE FALSE
[473,] FALSE FALSE
[474,] FALSE FALSE
[475,] FALSE FALSE
[476,] FALSE FALSE
[477,] FALSE FALSE
[478,] FALSE FALSE
[479,] FALSE FALSE
[480,] FALSE FALSE
[481,] FALSE FALSE
[482,] FALSE FALSE
[483,] FALSE FALSE
[484,] FALSE FALSE
[485,] FALSE FALSE
[486,] FALSE FALSE
[487,] FALSE FALSE
[488,] FALSE FALSE
[489,] FALSE FALSE
[490,] FALSE FALSE
[491,] FALSE FALSE
[492,] FALSE FALSE
[493,] FALSE FALSE
[494,] FALSE FALSE
[495,] FALSE FALSE
[496,] FALSE FALSE
[497,] FALSE FALSE
[498,] FALSE FALSE
[499,] FALSE FALSE
[500,] FALSE FALSE
[501,] FALSE FALSE
[502,] FALSE FALSE
[503,] FALSE FALSE
[504,] FALSE FALSE
[505,] FALSE FALSE
[506,] FALSE FALSE
[507,] FALSE FALSE
[508,] FALSE FALSE
[509,] FALSE FALSE
[510,] FALSE FALSE
[511,] FALSE FALSE
[512,] FALSE FALSE
[513,] FALSE FALSE
[514,] FALSE FALSE
[515,] FALSE FALSE
[516,] FALSE FALSE
[517,] FALSE FALSE
[518,] FALSE FALSE
[519,] FALSE FALSE
[520,] FALSE FALSE
[521,] FALSE FALSE
[522,] FALSE FALSE
[523,] FALSE FALSE
[524,] FALSE FALSE
[525,] FALSE FALSE
[526,] FALSE FALSE
[527,] FALSE FALSE
[528,] FALSE FALSE
[529,] FALSE FALSE
[530,] FALSE FALSE
[531,] FALSE FALSE
[532,] FALSE FALSE
[533,] FALSE FALSE
[534,] FALSE FALSE
[535,] FALSE FALSE
[536,] FALSE FALSE
[537,] FALSE FALSE
[538,] FALSE FALSE
[539,] FALSE FALSE
[540,] FALSE FALSE
[541,] FALSE FALSE
[542,] FALSE FALSE
[543,] FALSE FALSE
[544,] FALSE FALSE
[545,] FALSE FALSE
[546,] FALSE FALSE
[547,] FALSE FALSE
[548,] FALSE FALSE
[549,] FALSE FALSE
[550,] FALSE FALSE
[551,] FALSE FALSE
[552,] FALSE FALSE
[553,] FALSE FALSE
[554,] FALSE FALSE
[555,] FALSE FALSE
[556,] FALSE FALSE
[557,] FALSE FALSE
[558,] FALSE FALSE
[559,] FALSE FALSE
[560,] FALSE FALSE
[561,] FALSE FALSE
[562,] FALSE FALSE
[563,] FALSE FALSE
[564,] FALSE FALSE
[565,] FALSE FALSE
[566,] FALSE FALSE
[567,] FALSE FALSE
[568,] FALSE FALSE
[569,] FALSE FALSE
[570,] FALSE FALSE
[571,] FALSE FALSE
[572,] FALSE FALSE
[573,] FALSE FALSE
[574,] FALSE FALSE
[575,] FALSE FALSE
[576,] FALSE FALSE
[577,] FALSE FALSE
[578,] FALSE FALSE
[579,] FALSE FALSE
[580,] FALSE FALSE
[581,] FALSE FALSE
[582,] FALSE FALSE
[583,] FALSE FALSE
[584,] FALSE FALSE
[585,] FALSE FALSE
[586,] FALSE FALSE
[587,] FALSE FALSE
[588,] FALSE FALSE
[589,] FALSE FALSE
[590,] FALSE FALSE
[591,] FALSE FALSE
[592,] FALSE FALSE
[593,] FALSE FALSE
[594,] FALSE FALSE
[595,] FALSE FALSE
[596,] FALSE FALSE
[597,] FALSE FALSE
[598,] FALSE FALSE
[599,] FALSE FALSE
[600,] FALSE FALSE
[601,] FALSE FALSE
[602,] FALSE FALSE
[603,] FALSE FALSE
[604,] FALSE FALSE
[605,] FALSE FALSE
[606,] FALSE FALSE
[607,] FALSE FALSE
[608,] FALSE FALSE
[609,] FALSE FALSE
[610,] FALSE FALSE
[611,] FALSE FALSE
[612,] FALSE FALSE
[613,] FALSE FALSE
[614,] FALSE FALSE
[615,] FALSE FALSE
[616,] FALSE FALSE
[617,] FALSE FALSE
[618,] FALSE FALSE
[619,] FALSE FALSE
[620,] FALSE FALSE
[621,] FALSE FALSE
[622,] FALSE FALSE
[623,] FALSE FALSE
[624,] FALSE FALSE
[625,] FALSE FALSE
[626,] FALSE FALSE
[627,] FALSE FALSE
[628,] FALSE FALSE
[629,] FALSE FALSE
[630,] FALSE FALSE
[631,] FALSE FALSE
[632,] FALSE FALSE
[633,] FALSE FALSE
[634,] FALSE FALSE
[635,] FALSE FALSE
[636,] FALSE FALSE
[637,] FALSE FALSE
[638,] FALSE FALSE
[639,] FALSE FALSE
[640,] FALSE FALSE
[641,] FALSE FALSE
[642,] FALSE FALSE
[643,] FALSE FALSE
[644,] FALSE FALSE
[645,] FALSE FALSE
[646,] FALSE FALSE
[647,] FALSE FALSE
[648,] FALSE FALSE
[649,] FALSE FALSE
[650,] FALSE FALSE
[651,] FALSE FALSE
[652,] FALSE FALSE
[653,] FALSE FALSE
[654,] FALSE FALSE
[655,] FALSE FALSE
[656,] FALSE FALSE
[657,] FALSE FALSE
[658,] FALSE FALSE
[659,] FALSE FALSE
[660,] FALSE FALSE
[661,] FALSE FALSE
[662,] FALSE FALSE
[663,] FALSE FALSE
[664,] FALSE FALSE
[665,] FALSE FALSE
[666,] FALSE FALSE
[667,] FALSE FALSE
[668,] FALSE FALSE
[669,] FALSE FALSE
[670,] FALSE FALSE
[671,] FALSE FALSE
[672,] FALSE FALSE
[673,] FALSE FALSE
[674,] FALSE FALSE
[675,] FALSE FALSE
[676,] FALSE FALSE
[677,] FALSE FALSE
[678,] FALSE FALSE
[679,] FALSE FALSE
[680,] FALSE FALSE
[681,] FALSE FALSE
[682,] FALSE FALSE
[683,] FALSE FALSE
[684,] FALSE FALSE
[685,] FALSE FALSE
[686,] FALSE FALSE
[687,] FALSE FALSE
[688,] FALSE FALSE
[689,] FALSE FALSE
[690,] FALSE FALSE
[691,] FALSE FALSE
[692,] FALSE FALSE
[693,] FALSE FALSE
[694,] FALSE FALSE
[695,] FALSE FALSE
[696,] FALSE FALSE
[697,] FALSE FALSE
[698,] FALSE FALSE
[699,] FALSE FALSE
[700,] FALSE FALSE
[701,] FALSE FALSE
[702,] FALSE FALSE
[703,] FALSE FALSE
[704,] FALSE FALSE
[705,] FALSE FALSE
[706,] FALSE FALSE
[707,] FALSE FALSE
[708,] FALSE FALSE
[709,] FALSE FALSE
[710,] FALSE FALSE
[711,] FALSE FALSE
[712,] FALSE FALSE
[713,] FALSE FALSE
[714,] FALSE FALSE
[715,] FALSE FALSE
[716,] FALSE FALSE
[717,] FALSE FALSE
[718,] FALSE FALSE
[719,] FALSE FALSE
[720,] FALSE FALSE
[721,] FALSE FALSE
[722,] FALSE FALSE
[723,] FALSE FALSE
[724,] FALSE FALSE
[725,] FALSE FALSE
[726,] FALSE FALSE
[727,] FALSE FALSE
[728,] FALSE FALSE
[729,] FALSE FALSE
[730,] FALSE FALSE
[731,] FALSE FALSE
[732,] FALSE FALSE
[733,] FALSE FALSE
[734,] FALSE FALSE
[735,] FALSE FALSE
[736,] FALSE FALSE
[737,] FALSE FALSE
[738,] FALSE FALSE
[739,] FALSE FALSE
[740,] FALSE FALSE
[741,] FALSE FALSE
[742,] FALSE FALSE
[743,] FALSE FALSE
[744,] FALSE FALSE
[745,] FALSE FALSE
[746,] FALSE FALSE
[747,] FALSE FALSE
[748,] FALSE FALSE
[749,] FALSE FALSE
[750,] FALSE FALSE
[751,] FALSE FALSE
[752,] FALSE FALSE
[753,] FALSE FALSE
[754,] FALSE FALSE
[755,] FALSE FALSE
[756,] FALSE FALSE
[757,] FALSE FALSE
[758,] FALSE FALSE
[759,] FALSE FALSE
[760,] FALSE FALSE
[761,] FALSE FALSE
[762,] FALSE FALSE
[763,] FALSE FALSE
[764,] FALSE FALSE
[765,] FALSE FALSE
[766,] FALSE FALSE
[767,] FALSE FALSE
[768,] FALSE FALSE
[769,] FALSE FALSE
[770,] FALSE FALSE
[771,] FALSE FALSE
[772,] FALSE FALSE
[773,] FALSE FALSE
[774,] FALSE FALSE
[775,] FALSE FALSE
[776,] FALSE FALSE
[777,] FALSE FALSE
[778,] FALSE FALSE
[779,] FALSE FALSE
[780,] FALSE FALSE
[781,] FALSE FALSE
[782,] FALSE FALSE
[783,] FALSE FALSE
[784,] FALSE FALSE
[785,] FALSE FALSE
[786,] FALSE FALSE
[787,] FALSE FALSE
[788,] FALSE FALSE
[789,] FALSE FALSE
[790,] FALSE FALSE
[791,] FALSE FALSE
[792,] FALSE FALSE
[793,] FALSE FALSE
[794,] FALSE FALSE
[795,] FALSE FALSE
[796,] FALSE FALSE
[797,] FALSE FALSE
[798,] FALSE FALSE
[799,] FALSE FALSE
[800,] FALSE FALSE
[801,] FALSE FALSE
[802,] FALSE FALSE
[803,] FALSE FALSE
[804,] FALSE FALSE
[805,] FALSE FALSE
[806,] FALSE FALSE
[807,] FALSE FALSE
[808,] FALSE FALSE
[809,] FALSE FALSE
[810,] FALSE FALSE
[811,] FALSE FALSE
[812,] FALSE FALSE
[813,] FALSE FALSE
[814,] FALSE FALSE
[815,] FALSE FALSE
[816,] FALSE FALSE
[817,] FALSE FALSE
[818,] FALSE FALSE
[819,] FALSE FALSE
[820,] FALSE FALSE
[821,] FALSE FALSE
[822,] FALSE FALSE
[823,] FALSE FALSE
[824,] FALSE FALSE
[825,] FALSE FALSE
[826,] FALSE FALSE
[827,] FALSE FALSE
[828,] FALSE FALSE
[829,] FALSE FALSE
[830,] FALSE FALSE
[831,] FALSE FALSE
[832,] FALSE FALSE
[833,] FALSE FALSE
[834,] FALSE FALSE
[835,] FALSE FALSE
[836,] FALSE FALSE
[837,] FALSE FALSE
[838,] FALSE FALSE
[839,] FALSE FALSE
[840,] FALSE FALSE
[841,] FALSE FALSE
[842,] FALSE FALSE
[843,] FALSE FALSE
[844,] FALSE FALSE
[845,] FALSE FALSE
[846,] FALSE FALSE
[847,] FALSE FALSE
[848,] FALSE FALSE
[849,] FALSE FALSE
[850,] FALSE FALSE
[851,] FALSE FALSE
[852,] FALSE FALSE
[853,] FALSE FALSE
[854,] FALSE FALSE
[855,] FALSE FALSE
[856,] FALSE FALSE
[857,] FALSE FALSE
[858,] FALSE FALSE
[859,] FALSE FALSE
[860,] FALSE FALSE
[861,] FALSE FALSE
[862,] FALSE FALSE
[863,] FALSE FALSE
[864,] FALSE FALSE
[865,] FALSE FALSE
[866,] FALSE FALSE
[867,] FALSE FALSE
[868,] FALSE FALSE
[869,] FALSE FALSE
[870,] FALSE FALSE
[871,] FALSE FALSE
[872,] FALSE FALSE
[873,] FALSE FALSE
[874,] FALSE FALSE
[875,] FALSE FALSE
[876,] FALSE FALSE
[877,] FALSE FALSE
[878,] FALSE FALSE
[879,] FALSE FALSE
[880,] FALSE FALSE
[881,] FALSE FALSE
[882,] FALSE FALSE
[883,] FALSE FALSE
[884,] FALSE FALSE
[885,] FALSE FALSE
[886,] FALSE FALSE
[887,] FALSE FALSE
[888,] FALSE FALSE
[889,] FALSE FALSE
[890,] FALSE FALSE
[891,] FALSE FALSE
[892,] FALSE FALSE
[893,] FALSE FALSE
[894,] FALSE FALSE
 --- function (currently evaluated)--- 
function(el,ne)
{
 if (ne > 2 & (el > ne))
 {
	 dn <- nrow(el) - ne;
	 nt <- 0
	 tel <- rbind(el);
	 
	 while (nt < dn)
	 {
	  nel <- rbind(tel[-sample(1:nrow(tel),1),])
	  if (igraph::is.connected(igraph::graph.edgelist(nel,directed = F)))
	  {
	   tel <- nel;
	   nt <- nt + 1;
	   rm(nel)
	  }
	 }
 }else{
  tel <- el
 }
 return(tel)
}
<environment: namespace:MEGENA>
 --- function (body) search ---
function(el,ne)
{
 if (ne > 2 & (el > ne))
 {
	 dn <- nrow(el) - ne;
	 nt <- 0
	 tel <- rbind(el);
	 
	 while (nt < dn)
	 {
	  nel <- rbind(tel[-sample(1:nrow(tel),1),])
	  if (igraph::is.connected(igraph::graph.edgelist(nel,directed = F)))
	  {
	   tel <- nel;
	   nt <- nt + 1;
	   rm(nel)
	  }
	 }
 }else{
  tel <- el
 }
 return(tel)
}
<environment: namespace:MEGENA>
 --- function (body) search ---
Function match.connected in namespace MEGENA has this body.
Function match.connected in namespace MEGENA has this body.
 ----------- END FAILURE REPORT -------------- 
Fatal error: the condition has length > 1 and only the first element will be used XXXXXX
Quitting from lines 76-92 (MEGENA_pipeline_10062016.Rmd) 
Error: processing vignette 'MEGENA_pipeline_10062016.Rmd' failed with diagnostics:
error reading from connection
Execution halted
 ----------- END FAILURE REPORT -------------- 
Fatal error: the condition has length > 1 and only the first element will be used XXXXXX
