* using log directory ‘/var/scratch2/tomas/test/mine/R-svn-dev-75396/check/flowStats.Rcheck’
* using R Under development (unstable) (2018-10-04 r75396)
* using platform: x86_64-pc-linux-gnu (64-bit)
* using session charset: UTF-8
* checking for file ‘flowStats/DESCRIPTION’ ... OK
* checking extension type ... Package
* this is package ‘flowStats’ version ‘3.38.0’
* checking package namespace information ... OK
* checking package dependencies ... OK
* checking if this is a source package ... OK
* checking if there is a namespace ... OK
* checking for executable files ... OK
* checking for hidden files and directories ... OK
* checking for portable file names ... OK
* checking for sufficient/correct file permissions ... OK
* checking whether package ‘flowStats’ can be installed ... OK
* checking package directory ... OK
* checking ‘build’ directory ... OK
* checking DESCRIPTION meta-information ... NOTE
Packages listed in more than one of Depends, Imports, Suggests, Enhances:
  ‘flowCore’ ‘fda’ ‘ncdfFlow’
A package should be listed in only one of these fields.
* checking top-level files ... OK
* checking for left-over files ... OK
* checking index information ... OK
* checking package subdirectories ... OK
* checking R files for non-ASCII characters ... OK
* checking R files for syntax errors ... OK
* checking whether the package can be loaded ... OK
* checking whether the package can be loaded with stated dependencies ... OK
* checking whether the package can be unloaded cleanly ... OK
* checking whether the namespace can be loaded with stated dependencies ... OK
* checking whether the namespace can be unloaded cleanly ... OK
* checking loading without being on the library search path ... OK
* checking dependencies in R code ... NOTE
Packages in Depends field not imported from:
  ‘cluster’ ‘ncdfFlow’
  These packages need to be imported from (in the NAMESPACE file)
  for when this namespace is loaded but not attached.
Missing or unexported object: ‘flowWorkspace::getDimensions’
Missing object imported by a ':::' call: ‘flowWorkspace:::.isBooleanGate.graphNEL’
Unexported objects imported by ':::' calls:
  ‘flowCore:::checkClass’ ‘flowCore:::copyFlowSet’
  ‘flowCore:::findTimeChannel’ ‘flowCore:::inPolygon’
  ‘flowViz:::plotType’ ‘flowWorkspace:::.isBoolGate’
  See the note in ?`:::` about the use of this operator.
There are ::: calls to the package's namespace in its code. A package
  almost never needs to use ::: for its own objects:
  ‘backGating’ ‘curvPeaks’ ‘getPeakRegions’ ‘idFeaturesByBackgating’
  ‘landmarkMatrixWithoutFilterResult’
* checking S3 generic/method consistency ... OK
* checking replacement functions ... OK
* checking foreign function calls ... OK
* checking R code for possible problems ... NOTE
%in%,flowFrame-lymphFilter: warning in lymphGate(x, channels =
  parameters(table), preselection = pre, scale = table@scale, bwFac =
  table@bwFac, filterId = table@filterId, eval = TRUE, plot = FALSE):
  partial argument match of 'eval' to 'evaluate'
  (/var/scratch2/tomas/tmp/RtmpadDzDC/R.INSTALLfbf95c555f39/flowStats/R/autoGate.R:410-416)
.plotGPAprocess: no visible binding for global variable ‘whichS’
  (/var/scratch2/tomas/tmp/RtmpadDzDC/R.INSTALLfbf95c555f39/flowStats/R/gpaSet.R:368-372)
.plotGPAprocess: no visible binding for global variable ‘cluster’
  (/var/scratch2/tomas/tmp/RtmpadDzDC/R.INSTALLfbf95c555f39/flowStats/R/gpaSet.R:374-378)
.plotWorkFlow: no visible binding for global variable ‘cluster’
  (/var/scratch2/tomas/tmp/RtmpadDzDC/R.INSTALLfbf95c555f39/flowStats/R/idFeatures.R:291-295)
.plotWorkFlow: no visible binding for global variable ‘cluster’
  (/var/scratch2/tomas/tmp/RtmpadDzDC/R.INSTALLfbf95c555f39/flowStats/R/idFeatures.R:300-304)
.plotWorkFlow: no visible binding for global variable ‘cluster’
  (/var/scratch2/tomas/tmp/RtmpadDzDC/R.INSTALLfbf95c555f39/flowStats/R/idFeatures.R:309-312)
.plotWorkFlow: no visible binding for global variable ‘bogus’
  (/var/scratch2/tomas/tmp/RtmpadDzDC/R.INSTALLfbf95c555f39/flowStats/R/idFeatures.R:313-317)
.usingSVD: no visible binding for global variable ‘params’
  (/var/scratch2/tomas/tmp/RtmpadDzDC/R.INSTALLfbf95c555f39/flowStats/R/gpaSet.R:306)
.usingSVD: no visible binding for global variable ‘params’
  (/var/scratch2/tomas/tmp/RtmpadDzDC/R.INSTALLfbf95c555f39/flowStats/R/gpaSet.R:314)
SignifFeatureRegion: no visible global function definition for ‘pchisq’
  (/var/scratch2/tomas/tmp/RtmpadDzDC/R.INSTALLfbf95c555f39/flowStats/R/feature.R:266)
SignifFeatureRegion: no visible global function definition for ‘pchisq’
  (/var/scratch2/tomas/tmp/RtmpadDzDC/R.INSTALLfbf95c555f39/flowStats/R/feature.R:282)
density1d_simple: no visible binding for global variable ‘y’
  (/var/scratch2/tomas/tmp/RtmpadDzDC/R.INSTALLfbf95c555f39/flowStats/R/density1d.R:82)
dfltBWrange: no visible binding for global variable ‘IQR’
  (/var/scratch2/tomas/tmp/RtmpadDzDC/R.INSTALLfbf95c555f39/flowStats/R/feature.R:318)
fdPar: no visible global function definition for ‘norder.bspline’
  (/var/scratch2/tomas/tmp/RtmpadDzDC/R.INSTALLfbf95c555f39/flowStats/R/fda_functions.R:43-45)
gate_singlet: no visible global function definition for ‘predict’
  (/var/scratch2/tomas/tmp/RtmpadDzDC/R.INSTALLfbf95c555f39/flowStats/R/singletGate.R:97-98)
hubers1: no visible global function definition for ‘pnorm’
  (/var/scratch2/tomas/tmp/RtmpadDzDC/R.INSTALLfbf95c555f39/flowStats/R/density1d.R:25)
normQA: no visible binding for global variable ‘group’
  (/var/scratch2/tomas/tmp/RtmpadDzDC/R.INSTALLfbf95c555f39/flowStats/R/warpSet.R:893-897)
normQA: no visible binding for global variable ‘hasPeak’
  (/var/scratch2/tomas/tmp/RtmpadDzDC/R.INSTALLfbf95c555f39/flowStats/R/warpSet.R:893-897)
normQA: no visible binding for global variable ‘group’
  (/var/scratch2/tomas/tmp/RtmpadDzDC/R.INSTALLfbf95c555f39/flowStats/R/warpSet.R:912-923)
normQA: no visible binding for global variable ‘group’
  (/var/scratch2/tomas/tmp/RtmpadDzDC/R.INSTALLfbf95c555f39/flowStats/R/warpSet.R:950-952)
normQA: no visible binding for global variable ‘group’
  (/var/scratch2/tomas/tmp/RtmpadDzDC/R.INSTALLfbf95c555f39/flowStats/R/warpSet.R:1058-1063)
normQA: no visible binding for global variable ‘group’
  (/var/scratch2/tomas/tmp/RtmpadDzDC/R.INSTALLfbf95c555f39/flowStats/R/warpSet.R:1128-1133)
normQA: no visible binding for global variable ‘group’
  (/var/scratch2/tomas/tmp/RtmpadDzDC/R.INSTALLfbf95c555f39/flowStats/R/warpSet.R:1182-1185)
pcout: no visible global function definition for ‘qchisq’
  (/var/scratch2/tomas/tmp/RtmpadDzDC/R.INSTALLfbf95c555f39/flowStats/R/pcout.R:22)
pcout: no visible global function definition for ‘qchisq’
  (/var/scratch2/tomas/tmp/RtmpadDzDC/R.INSTALLfbf95c555f39/flowStats/R/pcout.R:29)
pcout: no visible global function definition for ‘qchisq’
  (/var/scratch2/tomas/tmp/RtmpadDzDC/R.INSTALLfbf95c555f39/flowStats/R/pcout.R:30)
pcout: no visible global function definition for ‘qchisq’
  (/var/scratch2/tomas/tmp/RtmpadDzDC/R.INSTALLfbf95c555f39/flowStats/R/pcout.R:31)
singletGate: no visible global function definition for ‘predict’
  (/var/scratch2/tomas/tmp/RtmpadDzDC/R.INSTALLfbf95c555f39/flowStats/R/singletGate.R:97-98)
symconv.ks: no visible global function definition for ‘fft’
  (/var/scratch2/tomas/tmp/RtmpadDzDC/R.INSTALLfbf95c555f39/flowStats/R/drvkde.R:155)
symconv.ks: no visible global function definition for ‘fft’
  (/var/scratch2/tomas/tmp/RtmpadDzDC/R.INSTALLfbf95c555f39/flowStats/R/drvkde.R:156)
symconv.ks: no visible global function definition for ‘fft’
  (/var/scratch2/tomas/tmp/RtmpadDzDC/R.INSTALLfbf95c555f39/flowStats/R/drvkde.R:157)
symconv2D.ks: no visible global function definition for ‘fft’
  (/var/scratch2/tomas/tmp/RtmpadDzDC/R.INSTALLfbf95c555f39/flowStats/R/drvkde.R:185)
symconv2D.ks: no visible global function definition for ‘fft’
  (/var/scratch2/tomas/tmp/RtmpadDzDC/R.INSTALLfbf95c555f39/flowStats/R/drvkde.R:186)
symconv2D.ks: no visible global function definition for ‘fft’
  (/var/scratch2/tomas/tmp/RtmpadDzDC/R.INSTALLfbf95c555f39/flowStats/R/drvkde.R:187)
symconv3D.ks: no visible global function definition for ‘fft’
  (/var/scratch2/tomas/tmp/RtmpadDzDC/R.INSTALLfbf95c555f39/flowStats/R/drvkde.R:222)
symconv3D.ks: no visible global function definition for ‘fft’
  (/var/scratch2/tomas/tmp/RtmpadDzDC/R.INSTALLfbf95c555f39/flowStats/R/drvkde.R:223)
symconv3D.ks: no visible global function definition for ‘fft’
  (/var/scratch2/tomas/tmp/RtmpadDzDC/R.INSTALLfbf95c555f39/flowStats/R/drvkde.R:224)
symconv4D.ks: no visible global function definition for ‘fft’
  (/var/scratch2/tomas/tmp/RtmpadDzDC/R.INSTALLfbf95c555f39/flowStats/R/drvkde.R:277)
symconv4D.ks: no visible global function definition for ‘fft’
  (/var/scratch2/tomas/tmp/RtmpadDzDC/R.INSTALLfbf95c555f39/flowStats/R/drvkde.R:278)
symconv4D.ks: no visible global function definition for ‘fft’
  (/var/scratch2/tomas/tmp/RtmpadDzDC/R.INSTALLfbf95c555f39/flowStats/R/drvkde.R:279)
warpSetNCDF: no visible global function definition for
  ‘clone.ncdfFlowSet’
  (/var/scratch2/tomas/tmp/RtmpadDzDC/R.INSTALLfbf95c555f39/flowStats/R/warpSet.R:332)
warpSetNCDFLowMem: no visible global function definition for
  ‘clone.ncdfFlowSet’
  (/var/scratch2/tomas/tmp/RtmpadDzDC/R.INSTALLfbf95c555f39/flowStats/R/warpSet.R:38)
addName,curv1Filter-character: no visible global function definition
  for ‘checkParameterMatch’
  (/var/scratch2/tomas/tmp/RtmpadDzDC/R.INSTALLfbf95c555f39/flowStats/R/curvFilter-methods.R:16)
addName,curv2Filter-character: no visible global function definition
  for ‘checkParameterMatch’
  (/var/scratch2/tomas/tmp/RtmpadDzDC/R.INSTALLfbf95c555f39/flowStats/R/curvFilter-methods.R:51)
glines,curv1Filter-ANY: no visible global function definition for
  ‘evalError’
glines,curv1Filter-missing: no visible global function definition for
  ‘evalError’
glines,curv1Filter-multipleFilterResult: no visible global function
  definition for ‘colorRampPalette’
  (/var/scratch2/tomas/tmp/RtmpadDzDC/R.INSTALLfbf95c555f39/flowStats/R/curvFilter-methods.R:279-282)
glines,curv1Filter-multipleFilterResult: no visible global function
  definition for ‘brewer.pal’
  (/var/scratch2/tomas/tmp/RtmpadDzDC/R.INSTALLfbf95c555f39/flowStats/R/curvFilter-methods.R:279-282)
glines,curv2Filter-ANY: no visible global function definition for
  ‘evalError’
glines,curv2Filter-multipleFilterResult: no visible global function
  definition for ‘colorRampPalette’
  (/var/scratch2/tomas/tmp/RtmpadDzDC/R.INSTALLfbf95c555f39/flowStats/R/curvFilter-methods.R:234-237)
glines,curv2Filter-multipleFilterResult: no visible global function
  definition for ‘brewer.pal’
  (/var/scratch2/tomas/tmp/RtmpadDzDC/R.INSTALLfbf95c555f39/flowStats/R/curvFilter-methods.R:234-237)
glpoints,curv1Filter-flowFrame-character: no visible global function
  definition for ‘multFiltPoints’
  (/var/scratch2/tomas/tmp/RtmpadDzDC/R.INSTALLfbf95c555f39/flowStats/R/curvFilter-methods.R:87-88)
glpoints,curv2Filter-flowFrame-character: no visible global function
  definition for ‘multFiltPoints’
  (/var/scratch2/tomas/tmp/RtmpadDzDC/R.INSTALLfbf95c555f39/flowStats/R/curvFilter-methods.R:108-109)
glpolygon,curv1Filter-ANY: no visible global function definition for
  ‘evalError’
glpolygon,curv2Filter-ANY: no visible global function definition for
  ‘evalError’
gpoints,curv1Filter-flowFrame-character: no visible global function
  definition for ‘checkParameterMatch’
  (/var/scratch2/tomas/tmp/RtmpadDzDC/R.INSTALLfbf95c555f39/flowStats/R/curvFilter-methods.R:347)
gpoints,curv1Filter-flowFrame-character: no visible global function
  definition for ‘colorRampPalette’
  (/var/scratch2/tomas/tmp/RtmpadDzDC/R.INSTALLfbf95c555f39/flowStats/R/curvFilter-methods.R:358-361)
gpoints,curv1Filter-flowFrame-character: no visible global function
  definition for ‘brewer.pal’
  (/var/scratch2/tomas/tmp/RtmpadDzDC/R.INSTALLfbf95c555f39/flowStats/R/curvFilter-methods.R:358-361)
gpoints,curv2Filter-flowFrame-character: no visible global function
  definition for ‘checkParameterMatch’
  (/var/scratch2/tomas/tmp/RtmpadDzDC/R.INSTALLfbf95c555f39/flowStats/R/curvFilter-methods.R:313)
gpoints,curv2Filter-flowFrame-character: no visible global function
  definition for ‘colorRampPalette’
  (/var/scratch2/tomas/tmp/RtmpadDzDC/R.INSTALLfbf95c555f39/flowStats/R/curvFilter-methods.R:324-327)
gpoints,curv2Filter-flowFrame-character: no visible global function
  definition for ‘brewer.pal’
  (/var/scratch2/tomas/tmp/RtmpadDzDC/R.INSTALLfbf95c555f39/flowStats/R/curvFilter-methods.R:324-327)
gpolygon,curv1Filter-ANY: no visible global function definition for
  ‘evalError’
gpolygon,curv1Filter-missing: no visible global function definition for
  ‘evalError’
gpolygon,curv1Filter-multipleFilterResult: no visible global function
  definition for ‘colorRampPalette’
  (/var/scratch2/tomas/tmp/RtmpadDzDC/R.INSTALLfbf95c555f39/flowStats/R/curvFilter-methods.R:441-442)
gpolygon,curv1Filter-multipleFilterResult: no visible global function
  definition for ‘brewer.pal’
  (/var/scratch2/tomas/tmp/RtmpadDzDC/R.INSTALLfbf95c555f39/flowStats/R/curvFilter-methods.R:441-442)
gpolygon,curv2Filter-ANY: no visible global function definition for
  ‘evalError’
gpolygon,curv2Filter-multipleFilterResult: no visible global function
  definition for ‘colorRampPalette’
  (/var/scratch2/tomas/tmp/RtmpadDzDC/R.INSTALLfbf95c555f39/flowStats/R/curvFilter-methods.R:392-393)
gpolygon,curv2Filter-multipleFilterResult: no visible global function
  definition for ‘brewer.pal’
  (/var/scratch2/tomas/tmp/RtmpadDzDC/R.INSTALLfbf95c555f39/flowStats/R/curvFilter-methods.R:392-393)
summarizeFilter,multipleFilterResult-curv1Filter: no visible global
  function definition for ‘callNextMethod’
  (/var/scratch2/tomas/tmp/RtmpadDzDC/R.INSTALLfbf95c555f39/flowStats/R/autoGate.R:60)
summarizeFilter,multipleFilterResult-curv2Filter: no visible global
  function definition for ‘callNextMethod’
  (/var/scratch2/tomas/tmp/RtmpadDzDC/R.INSTALLfbf95c555f39/flowStats/R/autoGate.R:141)
Undefined global functions or variables:
  IQR bogus brewer.pal callNextMethod checkParameterMatch
  clone.ncdfFlowSet cluster colorRampPalette evalError fft group
  hasPeak multFiltPoints norder.bspline params pchisq pnorm predict
  qchisq whichS y
Consider adding
  importFrom("grDevices", "colorRampPalette")
  importFrom("methods", "callNextMethod")
  importFrom("stats", "IQR", "fft", "pchisq", "pnorm", "predict",
             "qchisq")
to your NAMESPACE file (and ensure that your DESCRIPTION Imports field
contains 'methods').
* checking Rd files ... OK
* checking Rd metadata ... OK
* checking Rd cross-references ... OK
* checking for missing documentation entries ... OK
* checking for code/documentation mismatches ... OK
* checking Rd \usage sections ... OK
* checking Rd contents ... OK
* checking for unstated dependencies in examples ... OK
* checking contents of ‘data’ directory ... OK
* checking data for non-ASCII characters ... OK
* checking data for ASCII and uncompressed saves ... OK
* checking sizes of PDF files under ‘inst/doc’ ... OK
* checking installed files from ‘inst/doc’ ... OK
* checking files in ‘vignettes’ ... OK
* checking examples ... ERROR
Running examples in ‘flowStats-Ex.R’ failed
The error most likely occurred in:

> ### Name: gaussNorm
> ### Title: Per-channel normalization based on landmark registration
> ### Aliases: gaussNorm
> 
> ### ** Examples
> 
> 
> data(ITN)
> dat <- transform(ITN, "CD4"=asinh(CD4), "CD3"=asinh(CD3), "CD8"=asinh(CD8))
> lg <- lymphGate(dat, channels=c("CD3", "SSC"),
+ preselection="CD4",scale=1.5)
Warning in subsetKeywords(x, j) : NAs introduced by coercion
Warning in subsetKeywords(x, j) : NAs introduced by coercion
Warning in subsetKeywords(x, j) : NAs introduced by coercion
> dat <- Subset(dat, lg$n2gate)
> datr <- gaussNorm(dat, "CD8")$flowset

Adjusting the distance between landmarks
...............
> if(require(flowViz)){
+ d1 <- densityplot(~CD8, dat, main="original", filter=curv1Filter("CD8"))
+ d2 <- densityplot(~CD8, datr, main="normalized", filter=curv1Filter("CD8"))
+ plot(d1, split=c(1,1,2,1))
+ plot(d2, split=c(2,1,2,1), newpage=FALSE)
+ }
Loading required package: flowViz
Loading required package: lattice

Attaching package: ‘lattice’

The following objects are masked from ‘package:ncdfFlow’:

    densityplot, histogram, xyplot

 ----------- FAILURE REPORT -------------- 
 --- srcref --- 
 at /var/scratch2/tomas/tmp/RtmpbHQ8UV/R.INSTALL78365b3ce3e1/flowViz/R/densityplot.R#411: 
 --- package (from environment) --- 
flowViz
 --- call from context --- 
(function(x, y, darg=list(n=50, na.rm=TRUE), frames, channel,
             overlap = 0.3, channel.name, filter=NULL,
             fill=superpose.polygon$col,
             lty=superpose.polygon$lty,
             lwd=superpose.polygon$lwd,
             alpha=superpose.polygon$alpha,
             col=superpose.polygon$border,
             groups=NULL, refline=NULL,
             margin=0.005
			 ,stats=FALSE
			 ,pos=0.5
			 ,digits=2
			 ,abs=FALSE
			 ,fitGate=TRUE
             ,checkName = TRUE
             , plotType = "densityplot"
             , hist.type = "density"
             , breaks = "Sturges"
             ,gp, ...)
{
	
    
    which.channel <- tail(which.packet(), 1)
    
    lc <- length(channel)
    channel <- channel[[which.channel]]
    channel.name <- channel.name[which.channel]
    ycode <- as.numeric(y)
    validName <- !length(grep("\\(", channel.name))
    if(checkName)
      validName <- !(length(grep("\\(", channel.name)) ||
            length(grep("\\(", channel.name)))
    else
      validName <- TRUE
    
    if(!validName)
      warning("Gate will not be plotted because channel names contain '(' character! Try to set checkName to FALSE to skip this check.")

    if (any(duplicated(ycode)))
        warning("Some combinations seem to have multiple samples.  \n  ",
                "Only one will be used.")
    nnm <- as.character(x)
    filter <- .processFilter(filter, nnm, lc = lc, which.channel = which.channel)  
    ny <- nlevels(y)
	superpose.polygon <- flowViz.par.get("superpose.polygon")
    border <- rep(col, length = ny)
    col <- rep(fill, length = ny)
    if(!is.null(groups))
        col <- col[groups]
    lty <- rep(lty, length = ny)
    lwd <- rep(lwd, length = ny)
    alpha <- rep(alpha, length = ny)
    x <- as.character(x)
    height <- (1 + overlap)
    parm <- gsub("`", "", as.character(channel))
	ptList<-plotType("gdensity", parm)
    for (i in rev(seq_len(ny))){
        if (i %in% ycode)
        {
            nm <- x[match(i, ycode)]
            xx <- evalInFlowFrame(channel, frames[[nm]])
            r <- unlist(range(frames[[nm]])[, channel.name])
            
            if(!is.logical(margin)||isTRUE(margin))#when margin is logical FALSE we skip marginal events filtering
            {
              margin <- min(1, max(0, margin))
              pl <- xx<=r[1]
              pr <- xx>=r[2]
              xxt <- xx[!(pl | pr)]
              ## we indicate piled up data by vertical lines (if > 1%) unless
              ## margin=FALSE
              if(margin<1)
                  mbar(xx, list(pl, pr), r, i, col[i], margin)
              }else
                xxt <- xx
            ## we need a smaller bandwidth than the default and keep it constant
            if(length(xxt)){
                
                if(plotType == "densityplot"){
                  #densityplot
                  if(!("adjust" %in% names(darg)))
                    darg[["adjust"]] <- 2
                  
                  h <- do.call(density, c(list(x=xxt), darg))
                  x.val <- h$x
                  y.val <- h$y
                  n <- length(x.val)
                }else{
                  fitGate <- FALSE
                  #histogram
                  h <- lattice:::hist.constructor(xxt, breaks = breaks, ...)
                  y.val <- switch(hist.type, count = h$counts, percent = 100 * h$counts/length(x), density = h$density)
                  x.val <- h$breaks
                  n <- length(x.val)
                  if (length(y.val) != n - 1) 
                    warning("problem with 'hist' computations")
                }

                max.d <- max(y.val)
                xl <- x.val[c(1, 1:n, n)]
                yl <- i + height * c(0, y.val, 0) / max.d
                
                if(plotType == "densityplot")
                  panel.polygon(x=xl,y=yl, col=col[i], border=NA, alpha=alpha[i])
                else
                  panel.rect(x = xl[-n], y = 0, height = yl, width = diff(xl), 
                      col = col[i], alpha = alpha[i], border = border[i], just = c("left", "bottom"), identifier = "histogram")
                
                ## add the filterResult if possible, we get them from the output of
                ## glpolygon (with plot=FALSE)
				
                if(!is.null(filter[[nm]]) && validName){
                  curFilter <- filter[[nm]]
                  
                  if(is.list(stats))
                    curStats <- stats[[nm]]
                  else
                    curStats <- stats
#                browser()
                if(is(curFilter,"filters"))
                {
                  mapply(curFilter,curStats,FUN=function(thisFilter,thisStats){
#                        browser()              
                         names <- .getStats(thisFilter,thisStats, frames[[nm]], digits, ...)
                        

                        #this plot routine is only for 2-d scatter plot
                        #thus set plot as FALSE,just use it to get bounds
                        #add plot stats/names
                        bounds <- glpolygon(thisFilter, frames[[nm]],
                            channels=parm
                            ,ptList=ptList
                            ,verbose=FALSE
                            , plot=FALSE 
                            ,names=names
                            ,xlim=r
                            ,ylim=c(i,i+1)
                            ,strict=FALSE)
                        oo <- options(warn=-1)
                        on.exit(options(oo))
                        if(!is.na(bounds)){
                          ## iterate over gate regions
                          for(j in seq_along(bounds)){
                            tb <- bounds[[j]]
#							browser()
                            if(fitGate)
                            {
                              if(ncol(tb) == 1 && colnames(tb) == parm){
                                sel <- xl >= min(tb) & xl <= max(tb)
                                if(any(sel)){
                                  afun <- approxfun(xl, yl)
                                  xr <- c(min(tb), seq(min(tb), max(tb), len=100),
                                      max(tb))
                                  yr <- c(i, afun(xr[-c(1, length(xr))]), i)
                                  gpd<-gp$gate.density
                                  panel.polygon(xr, yr
                                      , border=gpd$col, col=gpd$fill,
                                      alpha=gpd$alpha, lwd=gpd$lwd,
                                      lty=gpd$lty
                                  )
                                }
                              }	
                            }else
                            {
#								browser()
                              gpg<-gp$gate
                              panel.lines(x=c(tb[1],tb[1]),y=c(i,i+height)
                                  ,col=gpg$col,alpha=gpg$alpha, lwd=gpg$lwd,lty=gpg$lty)
                              panel.lines(x=c(tb[2],tb[2]),y=c(i,i+height)
                                  ,col=gpg$col,alpha=gpg$alpha, lwd=gpg$lwd,lty=gpg$lty)
                            }
                            
                          }
                        }
                        
                        
                        
                        options(oo)
                      })
                }else
                {
					curFilter<-filter[[nm]]
#					browser()
                    if(is.list(stats))
                      thisStats <- stats[[nm]]
                    else
                      thisStats <- stats
                    names <- .getStats(curFilter,thisStats, frames[[nm]], digits, ...)
					
#					browser()
					#this plot routine is only for 2-d scatter plot
					#thus set plot as FALSE,just use it to get bounds
					#add plot stats/names
                    bounds <- glpolygon(curFilter, frames[[nm]],
                                        channels=parm
										,ptList=ptList
                                        ,verbose=FALSE
										, plot=FALSE 
										,names=names
										,xlim=r
										,ylim=c(i,i+1)
										,strict=FALSE)
                    oo <- options(warn=-1)
                    on.exit(options(oo))
                    if(!is.na(bounds)){
                        ## iterate over gate regions
                        for(j in seq_along(bounds)){
                            tb <- bounds[[j]]
#							browser()
							if(fitGate)
							{
								if(ncol(tb) == 1 && colnames(tb) == parm){
									sel <- xl >= min(tb) & xl <= max(tb)
									if(any(sel)){
										afun <- approxfun(xl, yl)
										xr <- c(min(tb), seq(min(tb), max(tb), len=100),
												max(tb))
										yr <- c(i, afun(xr[-c(1, length(xr))]), i)
										gpd<-gp$gate.density
										panel.polygon(xr, yr
												, border=gpd$col, col=gpd$fill,
												alpha=gpd$alpha, lwd=gpd$lwd,
												lty=gpd$lty
												)
									}
								}	
							}else
							{
#								browser()
								gpg<-gp$gate
								panel.lines(x=c(tb[1],tb[1]),y=c(i,i+height)
										,col=gpg$col,alpha=gpg$alpha, lwd=gpg$lwd,lty=gpg$lty)
								panel.lines(x=c(tb[2],tb[2]),y=c(i,i+height)
										,col=gpg$col,alpha=gpg$alpha, lwd=gpg$lwd,lty=gpg$lty)
							}
                            
                        }
                    }
					
					
					
                    options(oo)
                }
               }
#				browser()
                panel.lines(x=xl,y=yl, col=border[i], lty=lty[i],lwd=lwd[i])

            }else{
                panel.lines(rl, rep(i,2), col="black")
            }
			
        }
    }
    if(!is.null(refline))
        panel.abline(v=refline)
})(x = quote(1:15), y = quote(1:15), subscripts = quote(1:15), 
    filter = quote(new("curv1Filter", bwFac = 1.2, gridsize = c(401, 
    401), parameters = new("parameters", .Data = list(new("unitytransform", 
        .Data = function () 
        NULL, parameters = "CD8", transformationId = "defaultUnityTransform"))), 
        filterId = "defaultCurv1Filter")), plotType = quote("densityplot"), 
    gp = quote(list(gate = list(alpha = 1, cex = NULL, pch = NULL, 
        col = "#9E0142", fill = "transparent", lwd = 1, lty = "solid"), 
        gate.text = list(font = 1, col = "#000000", alpha = 1, 
            cex = 0.8, lineheight = 0.8, background = list(fill = "white", 
                col = "transparent", alpha = 1)), overlay.symbol = list(
            alpha = 0.5, bg.alpha = 0.3, col = "transparent", 
            fill = "red", cex = 0.5, pch = 19), flow.symbol = list(
            alpha = 1, cex = 0.1, pch = 19, col = "black", fill = "transparent"), 
        gate.density = list(alpha = 1, fill = "#FFFFFFB3", col = "black", 
            lwd = 1, lty = "dotted"), argcolramp = function(n) {
            x <- ramp(seq.int(0, 1, length.out = n))
            rgb(x[, 1L], x[, 2L], x[, 3L], maxColorValue = 255, alpha = alpha * 255)
          }, grid.pars = list(), fontsize = list(text = 12, points = 8), 
        background = list(alpha = 1, col = "transparent"), panel.background = list(
            col = "grey90"), clip = list(panel = "on", strip = "on"), 
        add.line = list(alpha = 1, col = "black", lty = 1, lwd = 1), 
        add.text = list(alpha = 1, cex = 0.8, col = "black", 
            font = 1, lineheight = 1.2), plot.polygon = list(
            alpha = 1, col = "grey20", border = "transparent", 
            lty = 1, lwd = 1), box.dot = list(alpha = 1, col = "grey20", 
            cex = 1, font = 1, pch = "|"), box.rectangle = list(
            alpha = 1, col = "grey20", fill = "white", lty = 1, 
            lwd = 1), box.umbrella = list(alpha = 1, col = "grey20", 
            lty = 1, lwd = 1), dot.line = list(alpha = 1, col = "white", 
            lty = 1, lwd = 1), dot.symbol = list(alpha = 1, cex = 0.8, 
            col = "black", font = 1, pch = 19), plot.line = list(
            alpha = 1, col = "black", lty = 1, lwd = 1), plot.symbol = list(
            alpha = 1, cex = 0.6, col = "black", font = 1, pch = 19, 
            fill = "transparent"), reference.line = list(alpha = 1, 
            col = "white", lty = 1, lwd = 1), strip.background = list(
            alpha = 1, col = c("grey80", "grey70", "grey60")), 
        strip.shingle = list(alpha = 1, col = c("grey60", "grey50", 
        "grey40")), strip.border = list(alpha = 1, col = "transparent", 
            lty = c(1, 1, 1, 1, 1, 1, 1), lwd = c(1, 1, 1, 1, 
            1, 1, 1)), superpose.line = list(alpha = 1, col = c("#F8766D", 
        "#B79F00", "#00BA38", "#00BFC4", "#619CFF", "#F564E3"
        ), lty = c(1, 1, 1, 1, 1, 1, 1), lwd = c(1, 1, 1, 1, 
        1, 1, 1)), superpose.symbol = list(alpha = c(1, 1, 1, 
        1, 1, 1, 1), cex = 0.6, col = c("#F8766D", "#B79F00", 
        "#00BA38", "#00BFC4", "#619CFF", "#F564E3"), fill = c("#CCFFFF", 
        "#FFCCFF", "#CCFFCC", "#FFE5CC", "#CCE6FF", "#FFFFCC", 
        "#FFCCCC"), font = c(1, 1, 1, 1, 1, 1, 1), pch = 19), 
        superpose.polygon = list(alpha = c(1, 1, 1, 1, 1, 1, 
        1), col = c("#F8766D", "#B79F00", "#00BA38", "#00BFC4", 
        "#619CFF", "#F564E3"), border = "transparent", lty = c(1, 
        1, 1, 1, 1, 1, 1), lwd = c(1, 1, 1, 1, 1, 1, 1)), regions = list(
            alpha = 1, col = c("#3B4FB8", "#3C4EB6", "#3D4DB4", 
            "#3E4DB3", "#404CB1", "#414CB0", "#424BAE", "#434BAC", 
            "#454AAB", "#464AA9", "#4749A8", "#4849A6", "#4A48A4", 
            "#4B48A3", "#4C47A1", "#4D47A0", "#4F469E", "#50469C", 
            "#51459B", "#524599", "#544498", "#554396", "#564394", 
            "#574293", "#594291", "#5A4190", "#5B418E", "#5C408C", 
            "#5E408B", "#5F3F89", "#603F88", "#613E86", "#633E84", 
            "#643D83", "#653D81", "#663C80", "#683C7E", "#693B7C", 
            "#6A3B7B", "#6B3A79", "#6D3978", "#6E3976", "#6F3874", 
            "#703873", "#723771", "#733770", "#74366E", "#75366C", 
            "#77356B", "#783569", "#793468", "#7A3466", "#7C3365", 
            "#7D3363", "#7E3261", "#7F3260", "#81315E", "#82315D", 
            "#83305B", "#843059", "#862F58", "#872E56", "#882E55", 
            "#892D53", "#8B2D51", "#8C2C50", "#8D2C4E", "#8E2B4D", 
            "#902B4B", "#912A49", "#922A48", "#932946", "#952945", 
            "#962843", "#972841", "#982740", "#9A273E", "#9B263D", 
            "#9C263B", "#9D2539", "#9F2438", "#A02436", "#A12335", 
            "#A22333", "#A42231", "#A52230", "#A6212E", "#A7212D", 
            "#A9202B", "#AA2029", "#AB1F28", "#AC1F26", "#AE1E25", 
            "#AF1E23", "#B01D21", "#B11D20", "#B31C1E", "#B41C1D", 
            "#B51B1B", "#B71B1A")), shade.colors = list(alpha = 1, 
            palette = function(irr, ref, height, saturation = .9) {
                             hsv(h = height, s = 1 - saturation * (1 - (1-ref)^0.5), v = irr)
                         }), axis.line = list(alpha = 1, col = "transparent", 
            lty = 1, lwd = 1), axis.text = list(alpha = 1, cex = 0.8, 
            col = "grey50", font = 1, lineheight = 0.9), axis.components = list(
            left = list(tck = 1, pad1 = 1, pad2 = 1), top = list(
                tck = 1, pad1 = 1, pad2 = 1), right = list(tck = 1, 
                pad1 = 1, pad2 = 1), bottom = list(tck = 1, pad1 = 1, 
                pad2 = 1)), layout.heights = list(top.padding = 1, 
            main = 1, main.key.padding = 1, key.top = 1, xlab.top = 1, 
            key.axis.padding = 1, axis.top = 1, strip = 1, panel = 1, 
            axis.panel = 1, between = 1, axis.bottom = 1, axis.xlab.padding = 1, 
            xlab = 1, xlab.key.padding = 0, key.bottom = 1, key.sub.padding = 1, 
            sub = 1, bottom.padding = 1), layout.widths = list(
            left.padding = 1, key.left = 1, key.ylab.padding = 0, 
            ylab = 1, ylab.axis.padding = 1, axis.left = 1, axis.panel = 1, 
            strip.left = 1, panel = 1, between = 1, axis.right = 1, 
            axis.key.padding = 1, ylab.right = 1, key.right = 1, 
            right.padding = 1), box.3d = list(alpha = 1, col = "black", 
            lty = 1, lwd = 1), par.xlab.text = list(alpha = 1, 
            cex = 1, col = "black", font = 1, lineheight = 1), 
        par.ylab.text = list(alpha = 1, cex = 1, col = "black", 
            font = 1, lineheight = 1), par.zlab.text = list(alpha = 1, 
            cex = 1, col = "black", font = 1, lineheight = 1), 
        par.main.text = list(alpha = 1, cex = 1.2, col = "black", 
            font = 2, lineheight = 1), par.sub.text = list(alpha = 1, 
            cex = 1, col = "black", font = 2, lineheight = 1))), 
    channel = quote(list(CD8 = CD8)), channel.name = quote(c(CD8 = "CD8")), 
    frames = quote(<environment>), overlap = quote(0.3), which.channel = quote(c("CD8", 
    "CD8", "CD8", "CD8", "CD8", "CD8", "CD8", "CD8", "CD8", "CD8", 
    "CD8", "CD8", "CD8", "CD8", "CD8")), box.ratio = quote(1), 
    horizontal = quote(TRUE))
 --- call from argument --- 
if (!is.na(bounds)) {
    for (j in seq_along(bounds)) {
        tb <- bounds[[j]]
        if (fitGate) {
            if (ncol(tb) == 1 && colnames(tb) == parm) {
                sel <- xl >= min(tb) & xl <= max(tb)
                if (any(sel)) {
                  afun <- approxfun(xl, yl)
                  xr <- c(min(tb), seq(min(tb), max(tb), len = 100), 
                    max(tb))
                  yr <- c(i, afun(xr[-c(1, length(xr))]), i)
                  gpd <- gp$gate.density
                  panel.polygon(xr, yr, border = gpd$col, col = gpd$fill, 
                    alpha = gpd$alpha, lwd = gpd$lwd, lty = gpd$lty)
                }
            }
        }
        else {
            gpg <- gp$gate
            panel.lines(x = c(tb[1], tb[1]), y = c(i, i + height), 
                col = gpg$col, alpha = gpg$alpha, lwd = gpg$lwd, 
                lty = gpg$lty)
            panel.lines(x = c(tb[2], tb[2]), y = c(i, i + height), 
                col = gpg$col, alpha = gpg$alpha, lwd = gpg$lwd, 
                lty = gpg$lty)
        }
    }
}
 --- R stacktrace ---
where 1: (function(x, y, darg=list(n=50, na.rm=TRUE), frames, channel,
             overlap = 0.3, channel.name, filter=NULL,
             fill=superpose.polygon$col,
             lty=superpose.polygon$lty,
             lwd=superpose.polygon$lwd,
             alpha=superpose.polygon$alpha,
             col=superpose.polygon$border,
             groups=NULL, refline=NULL,
             margin=0.005
			 ,stats=FALSE
			 ,pos=0.5
			 ,digits=2
			 ,abs=FALSE
			 ,fitGate=TRUE
             ,checkName = TRUE
             , plotType = "densityplot"
             , hist.type = "density"
             , breaks = "Sturges"
             ,gp, ...)
{
	
    
    which.channel <- tail(which.packet(), 1)
    
    lc <- length(channel)
    channel <- channel[[which.channel]]
    channel.name <- channel.name[which.channel]
    ycode <- as.numeric(y)
    validName <- !length(grep("\\(", channel.name))
    if(checkName)
      validName <- !(length(grep("\\(", channel.name)) ||
            length(grep("\\(", channel.name)))
    else
      validName <- TRUE
    
    if(!validName)
      warning("Gate will not be plotted because channel names contain '(' character! Try to set checkName to FALSE to skip this check.")

    if (any(duplicated(ycode)))
        warning("Some combinations seem to have multiple samples.  \n  ",
                "Only one will be used.")
    nnm <- as.character(x)
    filter <- .processFilter(filter, nnm, lc = lc, which.channel = which.channel)  
    ny <- nlevels(y)
	superpose.polygon <- flowViz.par.get("superpose.polygon")
    border <- rep(col, length = ny)
    col <- rep(fill, length = ny)
    if(!is.null(groups))
        col <- col[groups]
    lty <- rep(lty, length = ny)
    lwd <- rep(lwd, length = ny)
    alpha <- rep(alpha, length = ny)
    x <- as.character(x)
    height <- (1 + overlap)
    parm <- gsub("`", "", as.character(channel))
	ptList<-plotType("gdensity", parm)
    for (i in rev(seq_len(ny))){
        if (i %in% ycode)
        {
            nm <- x[match(i, ycode)]
            xx <- evalInFlowFrame(channel, frames[[nm]])
            r <- unlist(range(frames[[nm]])[, channel.name])
            
            if(!is.logical(margin)||isTRUE(margin))#when margin is logical FALSE we skip marginal events filtering
            {
              margin <- min(1, max(0, margin))
              pl <- xx<=r[1]
              pr <- xx>=r[2]
              xxt <- xx[!(pl | pr)]
              ## we indicate piled up data by vertical lines (if > 1%) unless
              ## margin=FALSE
              if(margin<1)
                  mbar(xx, list(pl, pr), r, i, col[i], margin)
              }else
                xxt <- xx
            ## we need a smaller bandwidth than the default and keep it constant
            if(length(xxt)){
                
                if(plotType == "densityplot"){
                  #densityplot
                  if(!("adjust" %in% names(darg)))
                    darg[["adjust"]] <- 2
                  
                  h <- do.call(density, c(list(x=xxt), darg))
                  x.val <- h$x
                  y.val <- h$y
                  n <- length(x.val)
                }else{
                  fitGate <- FALSE
                  #histogram
                  h <- lattice:::hist.constructor(xxt, breaks = breaks, ...)
                  y.val <- switch(hist.type, count = h$counts, percent = 100 * h$counts/length(x), density = h$density)
                  x.val <- h$breaks
                  n <- length(x.val)
                  if (length(y.val) != n - 1) 
                    warning("problem with 'hist' computations")
                }

                max.d <- max(y.val)
                xl <- x.val[c(1, 1:n, n)]
                yl <- i + height * c(0, y.val, 0) / max.d
                
                if(plotType == "densityplot")
                  panel.polygon(x=xl,y=yl, col=col[i], border=NA, alpha=alpha[i])
                else
                  panel.rect(x = xl[-n], y = 0, height = yl, width = diff(xl), 
                      col = col[i], alpha = alpha[i], border = border[i], just = c("left", "bottom"), identifier = "histogram")
                
                ## add the filterResult if possible, we get them from the output of
                ## glpolygon (with plot=FALSE)
				
                if(!is.null(filter[[nm]]) && validName){
                  curFilter <- filter[[nm]]
                  
                  if(is.list(stats))
                    curStats <- stats[[nm]]
                  else
                    curStats <- stats
#                browser()
                if(is(curFilter,"filters"))
                {
                  mapply(curFilter,curStats,FUN=function(thisFilter,thisStats){
#                        browser()              
                         names <- .getStats(thisFilter,thisStats, frames[[nm]], digits, ...)
                        

                        #this plot routine is only for 2-d scatter plot
                        #thus set plot as FALSE,just use it to get bounds
                        #add plot stats/names
                        bounds <- glpolygon(thisFilter, frames[[nm]],
                            channels=parm
                            ,ptList=ptList
                            ,verbose=FALSE
                            , plot=FALSE 
                            ,names=names
                            ,xlim=r
                            ,ylim=c(i,i+1)
                            ,strict=FALSE)
                        oo <- options(warn=-1)
                        on.exit(options(oo))
                        if(!is.na(bounds)){
                          ## iterate over gate regions
                          for(j in seq_along(bounds)){
                            tb <- bounds[[j]]
#							browser()
                            if(fitGate)
                            {
                              if(ncol(tb) == 1 && colnames(tb) == parm){
                                sel <- xl >= min(tb) & xl <= max(tb)
                                if(any(sel)){
                                  afun <- approxfun(xl, yl)
                                  xr <- c(min(tb), seq(min(tb), max(tb), len=100),
                                      max(tb))
                                  yr <- c(i, afun(xr[-c(1, length(xr))]), i)
                                  gpd<-gp$gate.density
                                  panel.polygon(xr, yr
                                      , border=gpd$col, col=gpd$fill,
                                      alpha=gpd$alpha, lwd=gpd$lwd,
                                      lty=gpd$lty
                                  )
                                }
                              }	
                            }else
                            {
#								browser()
                              gpg<-gp$gate
                              panel.lines(x=c(tb[1],tb[1]),y=c(i,i+height)
                                  ,col=gpg$col,alpha=gpg$alpha, lwd=gpg$lwd,lty=gpg$lty)
                              panel.lines(x=c(tb[2],tb[2]),y=c(i,i+height)
                                  ,col=gpg$col,alpha=gpg$alpha, lwd=gpg$lwd,lty=gpg$lty)
                            }
                            
                          }
                        }
                        
                        
                        
                        options(oo)
                      })
                }else
                {
					curFilter<-filter[[nm]]
#					browser()
                    if(is.list(stats))
                      thisStats <- stats[[nm]]
                    else
                      thisStats <- stats
                    names <- .getStats(curFilter,thisStats, frames[[nm]], digits, ...)
					
#					browser()
					#this plot routine is only for 2-d scatter plot
					#thus set plot as FALSE,just use it to get bounds
					#add plot stats/names
                    bounds <- glpolygon(curFilter, frames[[nm]],
                                        channels=parm
										,ptList=ptList
                                        ,verbose=FALSE
										, plot=FALSE 
										,names=names
										,xlim=r
										,ylim=c(i,i+1)
										,strict=FALSE)
                    oo <- options(warn=-1)
                    on.exit(options(oo))
                    if(!is.na(bounds)){
                        ## iterate over gate regions
                        for(j in seq_along(bounds)){
                            tb <- bounds[[j]]
#							browser()
							if(fitGate)
							{
								if(ncol(tb) == 1 && colnames(tb) == parm){
									sel <- xl >= min(tb) & xl <= max(tb)
									if(any(sel)){
										afun <- approxfun(xl, yl)
										xr <- c(min(tb), seq(min(tb), max(tb), len=100),
												max(tb))
										yr <- c(i, afun(xr[-c(1, length(xr))]), i)
										gpd<-gp$gate.density
										panel.polygon(xr, yr
												, border=gpd$col, col=gpd$fill,
												alpha=gpd$alpha, lwd=gpd$lwd,
												lty=gpd$lty
												)
									}
								}	
							}else
							{
#								browser()
								gpg<-gp$gate
								panel.lines(x=c(tb[1],tb[1]),y=c(i,i+height)
										,col=gpg$col,alpha=gpg$alpha, lwd=gpg$lwd,lty=gpg$lty)
								panel.lines(x=c(tb[2],tb[2]),y=c(i,i+height)
										,col=gpg$col,alpha=gpg$alpha, lwd=gpg$lwd,lty=gpg$lty)
							}
                            
                        }
                    }
					
					
					
                    options(oo)
                }
               }
#				browser()
                panel.lines(x=xl,y=yl, col=border[i], lty=lty[i],lwd=lwd[i])

            }else{
                panel.lines(rl, rep(i,2), col="black")
            }
			
        }
    }
    if(!is.null(refline))
        panel.abline(v=refline)
})(x = quote(1:15), y = quote(1:15), subscripts = quote(1:15), 
    filter = quote(new("curv1Filter", bwFac = 1.2, gridsize = c(401, 
    401), parameters = new("parameters", .Data = list(new("unitytransform", 
        .Data = function () 
        NULL, parameters = "CD8", transformationId = "defaultUnityTransform"))), 
        filterId = "defaultCurv1Filter")), plotType = quote("densityplot"), 
    gp = quote(list(gate = list(alpha = 1, cex = NULL, pch = NULL, 
        col = "#9E0142", fill = "transparent", lwd = 1, lty = "solid"), 
        gate.text = list(font = 1, col = "#000000", alpha = 1, 
            cex = 0.8, lineheight = 0.8, background = list(fill = "white", 
                col = "transparent", alpha = 1)), overlay.symbol = list(
            alpha = 0.5, bg.alpha = 0.3, col = "transparent", 
            fill = "red", cex = 0.5, pch = 19), flow.symbol = list(
            alpha = 1, cex = 0.1, pch = 19, col = "black", fill = "transparent"), 
        gate.density = list(alpha = 1, fill = "#FFFFFFB3", col = "black", 
            lwd = 1, lty = "dotted"), argcolramp = function(n) {
            x <- ramp(seq.int(0, 1, length.out = n))
            rgb(x[, 1L], x[, 2L], x[, 3L], maxColorValue = 255, alpha = alpha * 255)
          }, grid.pars = list(), fontsize = list(text = 12, points = 8), 
        background = list(alpha = 1, col = "transparent"), panel.background = list(
            col = "grey90"), clip = list(panel = "on", strip = "on"), 
        add.line = list(alpha = 1, col = "black", lty = 1, lwd = 1), 
        add.text = list(alpha = 1, cex = 0.8, col = "black", 
            font = 1, lineheight = 1.2), plot.polygon = list(
            alpha = 1, col = "grey20", border = "transparent", 
            lty = 1, lwd = 1), box.dot = list(alpha = 1, col = "grey20", 
            cex = 1, font = 1, pch = "|"), box.rectangle = list(
            alpha = 1, col = "grey20", fill = "white", lty = 1, 
            lwd = 1), box.umbrella = list(alpha = 1, col = "grey20", 
            lty = 1, lwd = 1), dot.line = list(alpha = 1, col = "white", 
            lty = 1, lwd = 1), dot.symbol = list(alpha = 1, cex = 0.8, 
            col = "black", font = 1, pch = 19), plot.line = list(
            alpha = 1, col = "black", lty = 1, lwd = 1), plot.symbol = list(
            alpha = 1, cex = 0.6, col = "black", font = 1, pch = 19, 
            fill = "transparent"), reference.line = list(alpha = 1, 
            col = "white", lty = 1, lwd = 1), strip.background = list(
            alpha = 1, col = c("grey80", "grey70", "grey60")), 
        strip.shingle = list(alpha = 1, col = c("grey60", "grey50", 
        "grey40")), strip.border = list(alpha = 1, col = "transparent", 
            lty = c(1, 1, 1, 1, 1, 1, 1), lwd = c(1, 1, 1, 1, 
            1, 1, 1)), superpose.line = list(alpha = 1, col = c("#F8766D", 
        "#B79F00", "#00BA38", "#00BFC4", "#619CFF", "#F564E3"
        ), lty = c(1, 1, 1, 1, 1, 1, 1), lwd = c(1, 1, 1, 1, 
        1, 1, 1)), superpose.symbol = list(alpha = c(1, 1, 1, 
        1, 1, 1, 1), cex = 0.6, col = c("#F8766D", "#B79F00", 
        "#00BA38", "#00BFC4", "#619CFF", "#F564E3"), fill = c("#CCFFFF", 
        "#FFCCFF", "#CCFFCC", "#FFE5CC", "#CCE6FF", "#FFFFCC", 
        "#FFCCCC"), font = c(1, 1, 1, 1, 1, 1, 1), pch = 19), 
        superpose.polygon = list(alpha = c(1, 1, 1, 1, 1, 1, 
        1), col = c("#F8766D", "#B79F00", "#00BA38", "#00BFC4", 
        "#619CFF", "#F564E3"), border = "transparent", lty = c(1, 
        1, 1, 1, 1, 1, 1), lwd = c(1, 1, 1, 1, 1, 1, 1)), regions = list(
            alpha = 1, col = c("#3B4FB8", "#3C4EB6", "#3D4DB4", 
            "#3E4DB3", "#404CB1", "#414CB0", "#424BAE", "#434BAC", 
            "#454AAB", "#464AA9", "#4749A8", "#4849A6", "#4A48A4", 
            "#4B48A3", "#4C47A1", "#4D47A0", "#4F469E", "#50469C", 
            "#51459B", "#524599", "#544498", "#554396", "#564394", 
            "#574293", "#594291", "#5A4190", "#5B418E", "#5C408C", 
            "#5E408B", "#5F3F89", "#603F88", "#613E86", "#633E84", 
            "#643D83", "#653D81", "#663C80", "#683C7E", "#693B7C", 
            "#6A3B7B", "#6B3A79", "#6D3978", "#6E3976", "#6F3874", 
            "#703873", "#723771", "#733770", "#74366E", "#75366C", 
            "#77356B", "#783569", "#793468", "#7A3466", "#7C3365", 
            "#7D3363", "#7E3261", "#7F3260", "#81315E", "#82315D", 
            "#83305B", "#843059", "#862F58", "#872E56", "#882E55", 
            "#892D53", "#8B2D51", "#8C2C50", "#8D2C4E", "#8E2B4D", 
            "#902B4B", "#912A49", "#922A48", "#932946", "#952945", 
            "#962843", "#972841", "#982740", "#9A273E", "#9B263D", 
            "#9C263B", "#9D2539", "#9F2438", "#A02436", "#A12335", 
            "#A22333", "#A42231", "#A52230", "#A6212E", "#A7212D", 
            "#A9202B", "#AA2029", "#AB1F28", "#AC1F26", "#AE1E25", 
            "#AF1E23", "#B01D21", "#B11D20", "#B31C1E", "#B41C1D", 
            "#B51B1B", "#B71B1A")), shade.colors = list(alpha = 1, 
            palette = function(irr, ref, height, saturation = .9) {
                             hsv(h = height, s = 1 - saturation * (1 - (1-ref)^0.5), v = irr)
                         }), axis.line = list(alpha = 1, col = "transparent", 
            lty = 1, lwd = 1), axis.text = list(alpha = 1, cex = 0.8, 
            col = "grey50", font = 1, lineheight = 0.9), axis.components = list(
            left = list(tck = 1, pad1 = 1, pad2 = 1), top = list(
                tck = 1, pad1 = 1, pad2 = 1), right = list(tck = 1, 
                pad1 = 1, pad2 = 1), bottom = list(tck = 1, pad1 = 1, 
                pad2 = 1)), layout.heights = list(top.padding = 1, 
            main = 1, main.key.padding = 1, key.top = 1, xlab.top = 1, 
            key.axis.padding = 1, axis.top = 1, strip = 1, panel = 1, 
            axis.panel = 1, between = 1, axis.bottom = 1, axis.xlab.padding = 1, 
            xlab = 1, xlab.key.padding = 0, key.bottom = 1, key.sub.padding = 1, 
            sub = 1, bottom.padding = 1), layout.widths = list(
            left.padding = 1, key.left = 1, key.ylab.padding = 0, 
            ylab = 1, ylab.axis.padding = 1, axis.left = 1, axis.panel = 1, 
            strip.left = 1, panel = 1, between = 1, axis.right = 1, 
            axis.key.padding = 1, ylab.right = 1, key.right = 1, 
            right.padding = 1), box.3d = list(alpha = 1, col = "black", 
            lty = 1, lwd = 1), par.xlab.text = list(alpha = 1, 
            cex = 1, col = "black", font = 1, lineheight = 1), 
        par.ylab.text = list(alpha = 1, cex = 1, col = "black", 
            font = 1, lineheight = 1), par.zlab.text = list(alpha = 1, 
            cex = 1, col = "black", font = 1, lineheight = 1), 
        par.main.text = list(alpha = 1, cex = 1.2, col = "black", 
            font = 2, lineheight = 1), par.sub.text = list(alpha = 1, 
            cex = 1, col = "black", font = 2, lineheight = 1))), 
    channel = quote(list(CD8 = CD8)), channel.name = quote(c(CD8 = "CD8")), 
    frames = quote(<environment>), overlap = quote(0.3), which.channel = quote(c("CD8", 
    "CD8", "CD8", "CD8", "CD8", "CD8", "CD8", "CD8", "CD8", "CD8", 
    "CD8", "CD8", "CD8", "CD8", "CD8")), box.ratio = quote(1), 
    horizontal = quote(TRUE))
where 2 at /var/scratch2/tomas/tmp/RtmpcDb5qX/R.INSTALL704449cf62db/lattice/R/miscellaneous.R#44: do.call(FUN, args, quote = TRUE)
where 3 at /var/scratch2/tomas/tmp/RtmpcDb5qX/R.INSTALL704449cf62db/lattice/R/print.trellis.R#1190: checkArgsAndCall(panel, pargs)
where 4: doTryCatch(return(expr), name, parentenv, handler)
where 5: tryCatchOne(expr, names, parentenv, handlers[[1L]])
where 6: tryCatchList(expr, classes, parentenv, handlers)
where 7 at /var/scratch2/tomas/tmp/RtmpcDb5qX/R.INSTALL704449cf62db/lattice/R/print.trellis.R#1190: tryCatch(checkArgsAndCall(panel, pargs), error = function(e) panel.error(e))
where 8 at ../../../../R/src/library/graphics/R/plot.R#21: plot.trellis(d1, split = c(1, 1, 2, 1))
where 9: plot(d1, split = c(1, 1, 2, 1))
where 10: plot(d1, split = c(1, 1, 2, 1))

 --- value of length: 2 type: logical ---
[1] TRUE TRUE
 --- function from context --- 
function(x, y, darg=list(n=50, na.rm=TRUE), frames, channel,
             overlap = 0.3, channel.name, filter=NULL,
             fill=superpose.polygon$col,
             lty=superpose.polygon$lty,
             lwd=superpose.polygon$lwd,
             alpha=superpose.polygon$alpha,
             col=superpose.polygon$border,
             groups=NULL, refline=NULL,
             margin=0.005
			 ,stats=FALSE
			 ,pos=0.5
			 ,digits=2
			 ,abs=FALSE
			 ,fitGate=TRUE
             ,checkName = TRUE
             , plotType = "densityplot"
             , hist.type = "density"
             , breaks = "Sturges"
             ,gp, ...)
{
	
    
    which.channel <- tail(which.packet(), 1)
    
    lc <- length(channel)
    channel <- channel[[which.channel]]
    channel.name <- channel.name[which.channel]
    ycode <- as.numeric(y)
    validName <- !length(grep("\\(", channel.name))
    if(checkName)
      validName <- !(length(grep("\\(", channel.name)) ||
            length(grep("\\(", channel.name)))
    else
      validName <- TRUE
    
    if(!validName)
      warning("Gate will not be plotted because channel names contain '(' character! Try to set checkName to FALSE to skip this check.")

    if (any(duplicated(ycode)))
        warning("Some combinations seem to have multiple samples.  \n  ",
                "Only one will be used.")
    nnm <- as.character(x)
    filter <- .processFilter(filter, nnm, lc = lc, which.channel = which.channel)  
    ny <- nlevels(y)
	superpose.polygon <- flowViz.par.get("superpose.polygon")
    border <- rep(col, length = ny)
    col <- rep(fill, length = ny)
    if(!is.null(groups))
        col <- col[groups]
    lty <- rep(lty, length = ny)
    lwd <- rep(lwd, length = ny)
    alpha <- rep(alpha, length = ny)
    x <- as.character(x)
    height <- (1 + overlap)
    parm <- gsub("`", "", as.character(channel))
	ptList<-plotType("gdensity", parm)
    for (i in rev(seq_len(ny))){
        if (i %in% ycode)
        {
            nm <- x[match(i, ycode)]
            xx <- evalInFlowFrame(channel, frames[[nm]])
            r <- unlist(range(frames[[nm]])[, channel.name])
            
            if(!is.logical(margin)||isTRUE(margin))#when margin is logical FALSE we skip marginal events filtering
            {
              margin <- min(1, max(0, margin))
              pl <- xx<=r[1]
              pr <- xx>=r[2]
              xxt <- xx[!(pl | pr)]
              ## we indicate piled up data by vertical lines (if > 1%) unless
              ## margin=FALSE
              if(margin<1)
                  mbar(xx, list(pl, pr), r, i, col[i], margin)
              }else
                xxt <- xx
            ## we need a smaller bandwidth than the default and keep it constant
            if(length(xxt)){
                
                if(plotType == "densityplot"){
                  #densityplot
                  if(!("adjust" %in% names(darg)))
                    darg[["adjust"]] <- 2
                  
                  h <- do.call(density, c(list(x=xxt), darg))
                  x.val <- h$x
                  y.val <- h$y
                  n <- length(x.val)
                }else{
                  fitGate <- FALSE
                  #histogram
                  h <- lattice:::hist.constructor(xxt, breaks = breaks, ...)
                  y.val <- switch(hist.type, count = h$counts, percent = 100 * h$counts/length(x), density = h$density)
                  x.val <- h$breaks
                  n <- length(x.val)
                  if (length(y.val) != n - 1) 
                    warning("problem with 'hist' computations")
                }

                max.d <- max(y.val)
                xl <- x.val[c(1, 1:n, n)]
                yl <- i + height * c(0, y.val, 0) / max.d
                
                if(plotType == "densityplot")
                  panel.polygon(x=xl,y=yl, col=col[i], border=NA, alpha=alpha[i])
                else
                  panel.rect(x = xl[-n], y = 0, height = yl, width = diff(xl), 
                      col = col[i], alpha = alpha[i], border = border[i], just = c("left", "bottom"), identifier = "histogram")
                
                ## add the filterResult if possible, we get them from the output of
                ## glpolygon (with plot=FALSE)
				
                if(!is.null(filter[[nm]]) && validName){
                  curFilter <- filter[[nm]]
                  
                  if(is.list(stats))
                    curStats <- stats[[nm]]
                  else
                    curStats <- stats
#                browser()
                if(is(curFilter,"filters"))
                {
                  mapply(curFilter,curStats,FUN=function(thisFilter,thisStats){
#                        browser()              
                         names <- .getStats(thisFilter,thisStats, frames[[nm]], digits, ...)
                        

                        #this plot routine is only for 2-d scatter plot
                        #thus set plot as FALSE,just use it to get bounds
                        #add plot stats/names
                        bounds <- glpolygon(thisFilter, frames[[nm]],
                            channels=parm
                            ,ptList=ptList
                            ,verbose=FALSE
                            , plot=FALSE 
                            ,names=names
                            ,xlim=r
                            ,ylim=c(i,i+1)
                            ,strict=FALSE)
                        oo <- options(warn=-1)
                        on.exit(options(oo))
                        if(!is.na(bounds)){
                          ## iterate over gate regions
                          for(j in seq_along(bounds)){
                            tb <- bounds[[j]]
#							browser()
                            if(fitGate)
                            {
                              if(ncol(tb) == 1 && colnames(tb) == parm){
                                sel <- xl >= min(tb) & xl <= max(tb)
                                if(any(sel)){
                                  afun <- approxfun(xl, yl)
                                  xr <- c(min(tb), seq(min(tb), max(tb), len=100),
                                      max(tb))
                                  yr <- c(i, afun(xr[-c(1, length(xr))]), i)
                                  gpd<-gp$gate.density
                                  panel.polygon(xr, yr
                                      , border=gpd$col, col=gpd$fill,
                                      alpha=gpd$alpha, lwd=gpd$lwd,
                                      lty=gpd$lty
                                  )
                                }
                              }	
                            }else
                            {
#								browser()
                              gpg<-gp$gate
                              panel.lines(x=c(tb[1],tb[1]),y=c(i,i+height)
                                  ,col=gpg$col,alpha=gpg$alpha, lwd=gpg$lwd,lty=gpg$lty)
                              panel.lines(x=c(tb[2],tb[2]),y=c(i,i+height)
                                  ,col=gpg$col,alpha=gpg$alpha, lwd=gpg$lwd,lty=gpg$lty)
                            }
                            
                          }
                        }
                        
                        
                        
                        options(oo)
                      })
                }else
                {
					curFilter<-filter[[nm]]
#					browser()
                    if(is.list(stats))
                      thisStats <- stats[[nm]]
                    else
                      thisStats <- stats
                    names <- .getStats(curFilter,thisStats, frames[[nm]], digits, ...)
					
#					browser()
					#this plot routine is only for 2-d scatter plot
					#thus set plot as FALSE,just use it to get bounds
					#add plot stats/names
                    bounds <- glpolygon(curFilter, frames[[nm]],
                                        channels=parm
										,ptList=ptList
                                        ,verbose=FALSE
										, plot=FALSE 
										,names=names
										,xlim=r
										,ylim=c(i,i+1)
										,strict=FALSE)
                    oo <- options(warn=-1)
                    on.exit(options(oo))
                    if(!is.na(bounds)){
                        ## iterate over gate regions
                        for(j in seq_along(bounds)){
                            tb <- bounds[[j]]
#							browser()
							if(fitGate)
							{
								if(ncol(tb) == 1 && colnames(tb) == parm){
									sel <- xl >= min(tb) & xl <= max(tb)
									if(any(sel)){
										afun <- approxfun(xl, yl)
										xr <- c(min(tb), seq(min(tb), max(tb), len=100),
												max(tb))
										yr <- c(i, afun(xr[-c(1, length(xr))]), i)
										gpd<-gp$gate.density
										panel.polygon(xr, yr
												, border=gpd$col, col=gpd$fill,
												alpha=gpd$alpha, lwd=gpd$lwd,
												lty=gpd$lty
												)
									}
								}	
							}else
							{
#								browser()
								gpg<-gp$gate
								panel.lines(x=c(tb[1],tb[1]),y=c(i,i+height)
										,col=gpg$col,alpha=gpg$alpha, lwd=gpg$lwd,lty=gpg$lty)
								panel.lines(x=c(tb[2],tb[2]),y=c(i,i+height)
										,col=gpg$col,alpha=gpg$alpha, lwd=gpg$lwd,lty=gpg$lty)
							}
                            
                        }
                    }
					
					
					
                    options(oo)
                }
               }
#				browser()
                panel.lines(x=xl,y=yl, col=border[i], lty=lty[i],lwd=lwd[i])

            }else{
                panel.lines(rl, rep(i,2), col="black")
            }
			
        }
    }
    if(!is.null(refline))
        panel.abline(v=refline)
}
<bytecode: 0x1db59b50>
<environment: namespace:flowViz>
 --- function search by body ---
Function panel.densityplot.flowset.stack in namespace flowViz has this body.
 ----------- END OF FAILURE REPORT -------------- 
Fatal error: the condition has length > 1
* checking for unstated dependencies in vignettes ... OK
* checking package vignettes in ‘inst/doc’ ... OK
* checking running R code from vignettes ... ERROR
Errors in running code in vignettes:
when running code in ‘GettingStartedWithFlowStats.Rnw’
  ...
        panel.abline(v=refline)
}
<bytecode: 0x16b930f0>
<environment: namespace:flowViz>
 --- function search by body ---
Function panel.densityplot.flowset.stack in namespace flowViz has this body.
 ----------- END OF FAILURE REPORT -------------- 
Fatal error: the condition has length > 1

... incomplete output.  Crash?

* checking re-building of vignette outputs ... NOTE
Error in re-building vignettes:
  ...
                    }
					
					
					
                    options(oo)
                }
               }
#				browser()
                panel.lines(x=xl,y=yl, col=border[i], lty=lty[i],lwd=lwd[i])

            }else{
                panel.lines(rl, rep(i,2), col="black")
            }
			
        }
    }
    if(!is.null(refline))
        panel.abline(v=refline)
}
<bytecode: 0x16ab3c08>
<environment: namespace:flowViz>
 --- function search by body ---
Function panel.densityplot.flowset.stack in namespace flowViz has this body.
 ----------- END OF FAILURE REPORT -------------- 
Fatal error: the condition has length > 1

* checking PDF version of manual ... OK
* DONE
Status: 2 ERRORs, 4 NOTEs
